#
# There is insufficient memory for the Java Runtime Environment to continue.
# Native memory allocation (malloc) failed to allocate 827536 bytes for Chunk::new
# Possible reasons:
#   The system is out of physical RAM or swap space
#   The process is running with CompressedOops enabled, and the Java Heap may be blocking the growth of the native heap
# Possible solutions:
#   Reduce memory load on the system
#   Increase physical memory or swap space
#   Check if swap backing store is full
#   Decrease Java heap size (-Xmx/-Xms)
#   Decrease number of Java threads
#   Decrease Java thread stack sizes (-Xss)
#   Set larger code cache with -XX:ReservedCodeCacheSize=
#   JVM is running with Zero Based Compressed Oops mode in which the Java heap is
#     placed in the first 32GB address space. The Java Heap base address is the
#     maximum limit for the native heap growth. Please use -XX:HeapBaseMinAddress
#     to set the Java Heap base and to place the Java Heap above 32GB virtual address.
# This output file may be truncated or incomplete.
#
#  Out of Memory Error (arena.cpp:189), pid=26048, tid=25944
#
# JRE version: OpenJDK Runtime Environment (17.0.6) (build 17.0.6+0-b2043.56-9586694)
# Java VM: OpenJDK 64-Bit Server VM (17.0.6+0-b2043.56-9586694, mixed mode, tiered, compressed oops, compressed class ptrs, g1 gc, windows-amd64)
# No core dump will be written. Minidumps are not enabled by default on client versions of Windows
#

---------------  S U M M A R Y ------------

Command Line: --add-opens=java.base/java.util=ALL-UNNAMED --add-opens=java.base/java.lang=ALL-UNNAMED --add-opens=java.base/java.lang.invoke=ALL-UNNAMED --add-opens=java.prefs/java.util.prefs=ALL-UNNAMED --add-opens=java.base/java.nio.charset=ALL-UNNAMED --add-opens=java.base/java.net=ALL-UNNAMED --add-opens=java.base/java.util.concurrent.atomic=ALL-UNNAMED -Xmx4096m -Dfile.encoding=UTF-8 -Duser.country=FR -Duser.language=fr -Duser.variant org.gradle.launcher.daemon.bootstrap.GradleDaemon 8.0

Host: AMD Ryzen 3 PRO 2300U w/ Radeon Vega Mobile Gfx, 4 cores, 6G,  Windows 10 , 64 bit Build 19041 (10.0.19041.3155)
Time: Thu Aug 31 08:54:40 2023 Greenwich elapsed time: 34.366080 seconds (0d 0h 0m 34s)

---------------  T H R E A D  ---------------

Current thread (0x000001c7bf814dd0):  JavaThread "C2 CompilerThread0" daemon [_thread_in_native, id=25944, stack(0x0000008d62100000,0x0000008d62200000)]


Current CompileTask:
C2:  34366 5658       4       java.net.URLClassLoader$1::run (5 bytes)

Stack: [0x0000008d62100000,0x0000008d62200000]
Native frames: (J=compiled Java code, j=interpreted, Vv=VM code, C=native code)
V  [jvm.dll+0x683b4a]
V  [jvm.dll+0x842654]
V  [jvm.dll+0x843dfe]
V  [jvm.dll+0x844463]
V  [jvm.dll+0x249b75]
V  [jvm.dll+0xabcac]
V  [jvm.dll+0xac27c]
V  [jvm.dll+0x2b0eef]
V  [jvm.dll+0x58a207]
V  [jvm.dll+0x2243b2]
V  [jvm.dll+0x22478f]
V  [jvm.dll+0x21e055]
V  [jvm.dll+0x21b51b]
V  [jvm.dll+0x1a4fdd]
V  [jvm.dll+0x22b098]
V  [jvm.dll+0x229159]
V  [jvm.dll+0x7f809c]
V  [jvm.dll+0x7f25fa]
V  [jvm.dll+0x682985]
C  [ucrtbase.dll+0x21bb2]
C  [KERNEL32.DLL+0x17614]
C  [ntdll.dll+0x526b1]


---------------  P R O C E S S  ---------------

Threads class SMR info:
_java_thread_list=0x000001c7c3d1fd40, length=79, elements={
0x000001c7a0b083f0, 0x000001c7becb54d0, 0x000001c7becc9f30, 0x000001c7becd75f0,
0x000001c7bed02600, 0x000001c7bed05ee0, 0x000001c7bed067a0, 0x000001c7bf814dd0,
0x000001c7bf8152e0, 0x000001c7bf817bf0, 0x000001c7bf9a8420, 0x000001c7bf9aad70,
0x000001c7c0d43990, 0x000001c7c11ed020, 0x000001c7bfc2e460, 0x000001c7c1180030,
0x000001c7c0ccd010, 0x000001c7bf8846e0, 0x000001c7c12f67d0, 0x000001c7c12aacc0,
0x000001c7c12a8b10, 0x000001c7c12a8170, 0x000001c7c12a94b0, 0x000001c7c12a9980,
0x000001c7c12ab190, 0x000001c7c12a8fe0, 0x000001c7c12a7ca0, 0x000001c7c12a77d0,
0x000001c7c12a8640, 0x000001c7c12a9e50, 0x000001c7c12aa320, 0x000001c7c3efee00,
0x000001c7c3efdac0, 0x000001c7c3efdf90, 0x000001c7c3f01480, 0x000001c7c3f022f0,
0x000001c7c3efe930, 0x000001c7c3efcc50, 0x000001c7c3efc780, 0x000001c7c3efd120,
0x000001c7c3efb440, 0x000001c7c3efd5f0, 0x000001c7c3eff2d0, 0x000001c7c3efe460,
0x000001c7c3eff7a0, 0x000001c7c3effc70, 0x000001c7c3f00140, 0x000001c7c3f00610,
0x000001c7c3f027c0, 0x000001c7c3efaf70, 0x000001c7c3efb910, 0x000001c7c3efc2b0,
0x000001c7bf8cbcf0, 0x000001c7bf8cc1c0, 0x000001c7bf8d09f0, 0x000001c7bf8cfb80,
0x000001c7bf8cf1e0, 0x000001c7bf8cc690, 0x000001c7bf8cdea0, 0x000001c7bf8cf6b0,
0x000001c7bf8d3070, 0x000001c7bf8cd500, 0x000001c7bf8ccb60, 0x000001c7bf8cd9d0,
0x000001c7bf8cd030, 0x000001c7bf8ce370, 0x000001c7bf8d0050, 0x000001c7bf8d3540,
0x000001c7bf8d0ec0, 0x000001c7bf8ced10, 0x000001c7bf8ce840, 0x000001c7bf8d0520,
0x000001c7bf8d1390, 0x000001c7bf8d1860, 0x000001c7bf8d1d30, 0x000001c7bf8d2200,
0x000001c7bf8d26d0, 0x000001c7bf8d2ba0, 0x000001c7c3d113f0
}

Java Threads: ( => current thread )
  0x000001c7a0b083f0 JavaThread "main" [_thread_blocked, id=24956, stack(0x0000008d61400000,0x0000008d61500000)]
  0x000001c7becb54d0 JavaThread "Reference Handler" daemon [_thread_blocked, id=25820, stack(0x0000008d61b00000,0x0000008d61c00000)]
  0x000001c7becc9f30 JavaThread "Finalizer" daemon [_thread_blocked, id=23324, stack(0x0000008d61c00000,0x0000008d61d00000)]
  0x000001c7becd75f0 JavaThread "Signal Dispatcher" daemon [_thread_blocked, id=13152, stack(0x0000008d61d00000,0x0000008d61e00000)]
  0x000001c7bed02600 JavaThread "Attach Listener" daemon [_thread_blocked, id=24664, stack(0x0000008d61e00000,0x0000008d61f00000)]
  0x000001c7bed05ee0 JavaThread "Service Thread" daemon [_thread_blocked, id=24100, stack(0x0000008d61f00000,0x0000008d62000000)]
  0x000001c7bed067a0 JavaThread "Monitor Deflation Thread" daemon [_thread_blocked, id=18496, stack(0x0000008d62000000,0x0000008d62100000)]
=>0x000001c7bf814dd0 JavaThread "C2 CompilerThread0" daemon [_thread_in_native, id=25944, stack(0x0000008d62100000,0x0000008d62200000)]
  0x000001c7bf8152e0 JavaThread "C1 CompilerThread0" daemon [_thread_in_vm, id=25940, stack(0x0000008d62200000,0x0000008d62300000)]
  0x000001c7bf817bf0 JavaThread "Sweeper thread" daemon [_thread_blocked, id=22912, stack(0x0000008d62300000,0x0000008d62400000)]
  0x000001c7bf9a8420 JavaThread "Common-Cleaner" daemon [_thread_blocked, id=25192, stack(0x0000008d62400000,0x0000008d62500000)]
  0x000001c7bf9aad70 JavaThread "Notification Thread" daemon [_thread_blocked, id=9640, stack(0x0000008d62500000,0x0000008d62600000)]
  0x000001c7c0d43990 JavaThread "Daemon health stats" [_thread_blocked, id=25136, stack(0x0000008d62a00000,0x0000008d62b00000)]
  0x000001c7c11ed020 JavaThread "Incoming local TCP Connector on port 61145" [_thread_in_native, id=24728, stack(0x0000008d62b00000,0x0000008d62c00000)]
  0x000001c7bfc2e460 JavaThread "Daemon periodic checks" [_thread_blocked, id=24724, stack(0x0000008d62c00000,0x0000008d62d00000)]
  0x000001c7c1180030 JavaThread "Daemon" [_thread_blocked, id=17420, stack(0x0000008d62d00000,0x0000008d62e00000)]
  0x000001c7c0ccd010 JavaThread "Handler for socket connection from /127.0.0.1:61145 to /127.0.0.1:61150" [_thread_in_native, id=15460, stack(0x0000008d62e00000,0x0000008d62f00000)]
  0x000001c7bf8846e0 JavaThread "Cancel handler" [_thread_blocked, id=24032, stack(0x0000008d62f00000,0x0000008d63000000)]
  0x000001c7c12f67d0 JavaThread "Daemon worker" [_thread_blocked, id=22484, stack(0x0000008d63000000,0x0000008d63100000)]
  0x000001c7c12aacc0 JavaThread "Asynchronous log dispatcher for DefaultDaemonConnection: socket connection from /127.0.0.1:61145 to /127.0.0.1:61150" [_thread_blocked, id=24028, stack(0x0000008d63100000,0x0000008d63200000)]
  0x000001c7c12a8b10 JavaThread "Stdin handler" [_thread_blocked, id=15540, stack(0x0000008d63200000,0x0000008d63300000)]
  0x000001c7c12a8170 JavaThread "Daemon client event forwarder" [_thread_blocked, id=18468, stack(0x0000008d63300000,0x0000008d63400000)]
  0x000001c7c12a94b0 JavaThread "Cache worker for journal cache (C:\Users\ruthk\.gradle\caches\journal-1)" [_thread_blocked, id=25120, stack(0x0000008d63400000,0x0000008d63500000)]
  0x000001c7c12a9980 JavaThread "File lock request listener" [_thread_in_native, id=25084, stack(0x0000008d63500000,0x0000008d63600000)]
  0x000001c7c12ab190 JavaThread "Cache worker for file hash cache (C:\Users\ruthk\.gradle\caches\8.0\fileHashes)" [_thread_blocked, id=25112, stack(0x0000008d63600000,0x0000008d63700000)]
  0x000001c7c12a8fe0 JavaThread "File watcher server" daemon [_thread_in_native, id=26320, stack(0x0000008d63700000,0x0000008d63800000)]
  0x000001c7c12a7ca0 JavaThread "File watcher consumer" daemon [_thread_blocked, id=24604, stack(0x0000008d63800000,0x0000008d63900000)]
  0x000001c7c12a77d0 JavaThread "jar transforms" [_thread_blocked, id=25428, stack(0x0000008d63900000,0x0000008d63a00000)]
  0x000001c7c12a8640 JavaThread "jar transforms Thread 2" [_thread_blocked, id=24436, stack(0x0000008d63a00000,0x0000008d63b00000)]
  0x000001c7c12a9e50 JavaThread "jar transforms Thread 3" [_thread_blocked, id=24584, stack(0x0000008d63b00000,0x0000008d63c00000)]
  0x000001c7c12aa320 JavaThread "jar transforms Thread 4" [_thread_blocked, id=25936, stack(0x0000008d63c00000,0x0000008d63d00000)]
  0x000001c7c3efee00 JavaThread "Cache worker for checksums cache (C:\Users\ruthk\AndroidStudioProjects\Acceuil_Recp\.gradle\8.0\checksums)" [_thread_blocked, id=23548, stack(0x0000008d63d00000,0x0000008d63e00000)]
  0x000001c7c3efdac0 JavaThread "Cache worker for cache directory md-rule (C:\Users\ruthk\.gradle\caches\8.0\md-rule)" [_thread_blocked, id=1756, stack(0x0000008d63e00000,0x0000008d63f00000)]
  0x000001c7c3efdf90 JavaThread "Cache worker for file content cache (C:\Users\ruthk\.gradle\caches\8.0\fileContent)" [_thread_blocked, id=26356, stack(0x0000008d63f00000,0x0000008d64000000)]
  0x000001c7c3f01480 JavaThread "Cache worker for file hash cache (C:\Users\ruthk\AndroidStudioProjects\Acceuil_Recp\.gradle\8.0\fileHashes)" [_thread_blocked, id=24704, stack(0x0000008d64000000,0x0000008d64100000)]
  0x000001c7c3f022f0 JavaThread "Cache worker for cache directory md-supplier (C:\Users\ruthk\.gradle\caches\8.0\md-supplier)" [_thread_blocked, id=19844, stack(0x0000008d64100000,0x0000008d64200000)]
  0x000001c7c3efe930 JavaThread "Cache worker for execution history cache (C:\Users\ruthk\.gradle\caches\8.0\executionHistory)" [_thread_blocked, id=25024, stack(0x0000008d64200000,0x0000008d64300000)]
  0x000001c7c3efcc50 JavaThread "Cache worker for dependencies-accessors (C:\Users\ruthk\AndroidStudioProjects\Acceuil_Recp\.gradle\8.0\dependencies-accessors)" [_thread_blocked, id=4608, stack(0x0000008d61100000,0x0000008d61200000)]
  0x000001c7c3efc780 JavaThread "Cache worker for Build Output Cleanup Cache (C:\Users\ruthk\AndroidStudioProjects\Acceuil_Recp\.gradle\buildOutputCleanup)" [_thread_blocked, id=25836, stack(0x0000008d64300000,0x0000008d64400000)]
  0x000001c7c3efd120 JavaThread "Unconstrained build operations" [_thread_blocked, id=23976, stack(0x0000008d64400000,0x0000008d64500000)]
  0x000001c7c3efb440 JavaThread "Unconstrained build operations Thread 2" [_thread_blocked, id=6288, stack(0x0000008d64500000,0x0000008d64600000)]
  0x000001c7c3efd5f0 JavaThread "Unconstrained build operations Thread 3" [_thread_blocked, id=23752, stack(0x0000008d64600000,0x0000008d64700000)]
  0x000001c7c3eff2d0 JavaThread "Unconstrained build operations Thread 4" [_thread_blocked, id=11172, stack(0x0000008d64700000,0x0000008d64800000)]
  0x000001c7c3efe460 JavaThread "Unconstrained build operations Thread 5" [_thread_blocked, id=23268, stack(0x0000008d64800000,0x0000008d64900000)]
  0x000001c7c3eff7a0 JavaThread "Unconstrained build operations Thread 6" [_thread_blocked, id=23796, stack(0x0000008d64900000,0x0000008d64a00000)]
  0x000001c7c3effc70 JavaThread "Unconstrained build operations Thread 7" [_thread_blocked, id=22940, stack(0x0000008d64a00000,0x0000008d64b00000)]
  0x000001c7c3f00140 JavaThread "Unconstrained build operations Thread 8" [_thread_blocked, id=19744, stack(0x0000008d64b00000,0x0000008d64c00000)]
  0x000001c7c3f00610 JavaThread "Unconstrained build operations Thread 9" [_thread_blocked, id=23428, stack(0x0000008d64c00000,0x0000008d64d00000)]
  0x000001c7c3f027c0 JavaThread "Unconstrained build operations Thread 10" [_thread_blocked, id=19580, stack(0x0000008d64d00000,0x0000008d64e00000)]
  0x000001c7c3efaf70 JavaThread "Unconstrained build operations Thread 11" [_thread_blocked, id=22760, stack(0x0000008d64e00000,0x0000008d64f00000)]
  0x000001c7c3efb910 JavaThread "Unconstrained build operations Thread 12" [_thread_blocked, id=22984, stack(0x0000008d64f00000,0x0000008d65000000)]
  0x000001c7c3efc2b0 JavaThread "Unconstrained build operations Thread 13" [_thread_blocked, id=24264, stack(0x0000008d65000000,0x0000008d65100000)]
  0x000001c7bf8cbcf0 JavaThread "Unconstrained build operations Thread 14" [_thread_blocked, id=24152, stack(0x0000008d65100000,0x0000008d65200000)]
  0x000001c7bf8cc1c0 JavaThread "Unconstrained build operations Thread 15" [_thread_blocked, id=15772, stack(0x0000008d65200000,0x0000008d65300000)]
  0x000001c7bf8d09f0 JavaThread "Unconstrained build operations Thread 16" [_thread_blocked, id=16868, stack(0x0000008d65300000,0x0000008d65400000)]
  0x000001c7bf8cfb80 JavaThread "Unconstrained build operations Thread 17" [_thread_blocked, id=11496, stack(0x0000008d65400000,0x0000008d65500000)]
  0x000001c7bf8cf1e0 JavaThread "Unconstrained build operations Thread 18" [_thread_blocked, id=25896, stack(0x0000008d65500000,0x0000008d65600000)]
  0x000001c7bf8cc690 JavaThread "Unconstrained build operations Thread 19" [_thread_blocked, id=24552, stack(0x0000008d65600000,0x0000008d65700000)]
  0x000001c7bf8cdea0 JavaThread "Unconstrained build operations Thread 20" [_thread_blocked, id=21128, stack(0x0000008d65700000,0x0000008d65800000)]
  0x000001c7bf8cf6b0 JavaThread "Unconstrained build operations Thread 21" [_thread_blocked, id=15672, stack(0x0000008d65800000,0x0000008d65900000)]
  0x000001c7bf8d3070 JavaThread "Unconstrained build operations Thread 22" [_thread_blocked, id=25500, stack(0x0000008d65900000,0x0000008d65a00000)]
  0x000001c7bf8cd500 JavaThread "Unconstrained build operations Thread 23" [_thread_blocked, id=25396, stack(0x0000008d65a00000,0x0000008d65b00000)]
  0x000001c7bf8ccb60 JavaThread "Unconstrained build operations Thread 24" [_thread_blocked, id=26512, stack(0x0000008d65b00000,0x0000008d65c00000)]
  0x000001c7bf8cd9d0 JavaThread "Unconstrained build operations Thread 25" [_thread_blocked, id=25900, stack(0x0000008d65c00000,0x0000008d65d00000)]
  0x000001c7bf8cd030 JavaThread "Unconstrained build operations Thread 26" [_thread_blocked, id=4756, stack(0x0000008d65d00000,0x0000008d65e00000)]
  0x000001c7bf8ce370 JavaThread "Unconstrained build operations Thread 27" [_thread_blocked, id=19848, stack(0x0000008d65e00000,0x0000008d65f00000)]
  0x000001c7bf8d0050 JavaThread "Unconstrained build operations Thread 28" [_thread_blocked, id=23852, stack(0x0000008d65f00000,0x0000008d66000000)]
  0x000001c7bf8d3540 JavaThread "Unconstrained build operations Thread 29" [_thread_blocked, id=24548, stack(0x0000008d66000000,0x0000008d66100000)]
  0x000001c7bf8d0ec0 JavaThread "Unconstrained build operations Thread 30" [_thread_blocked, id=25400, stack(0x0000008d66100000,0x0000008d66200000)]
  0x000001c7bf8ced10 JavaThread "Unconstrained build operations Thread 31" [_thread_blocked, id=26232, stack(0x0000008d66200000,0x0000008d66300000)]
  0x000001c7bf8ce840 JavaThread "Unconstrained build operations Thread 32" [_thread_blocked, id=24920, stack(0x0000008d66300000,0x0000008d66400000)]
  0x000001c7bf8d0520 JavaThread "Unconstrained build operations Thread 33" [_thread_blocked, id=24924, stack(0x0000008d66400000,0x0000008d66500000)]
  0x000001c7bf8d1390 JavaThread "Unconstrained build operations Thread 34" [_thread_blocked, id=22696, stack(0x0000008d66500000,0x0000008d66600000)]
  0x000001c7bf8d1860 JavaThread "Unconstrained build operations Thread 35" [_thread_blocked, id=2568, stack(0x0000008d66600000,0x0000008d66700000)]
  0x000001c7bf8d1d30 JavaThread "Unconstrained build operations Thread 36" [_thread_blocked, id=24916, stack(0x0000008d66700000,0x0000008d66800000)]
  0x000001c7bf8d2200 JavaThread "Unconstrained build operations Thread 37" [_thread_blocked, id=25212, stack(0x0000008d66800000,0x0000008d66900000)]
  0x000001c7bf8d26d0 JavaThread "Unconstrained build operations Thread 38" [_thread_blocked, id=25216, stack(0x0000008d66900000,0x0000008d66a00000)]
  0x000001c7bf8d2ba0 JavaThread "Unconstrained build operations Thread 39" [_thread_blocked, id=26336, stack(0x0000008d66a00000,0x0000008d66b00000)]
  0x000001c7c3d113f0 JavaThread "Unconstrained build operations Thread 40" [_thread_blocked, id=25208, stack(0x0000008d66b00000,0x0000008d66c00000)]

Other Threads:
  0x000001c7becc9a30 VMThread "VM Thread" [stack: 0x0000008d61a00000,0x0000008d61b00000] [id=26264]
  0x000001c7a0b94760 WatcherThread [stack: 0x0000008d62600000,0x0000008d62700000] [id=15620]
  0x000001c7a0b771a0 GCTaskThread "GC Thread#0" [stack: 0x0000008d61500000,0x0000008d61600000] [id=23780]
  0x000001c7bfbbee40 GCTaskThread "GC Thread#1" [stack: 0x0000008d62700000,0x0000008d62800000] [id=24948]
  0x000001c7bfb1cfa0 GCTaskThread "GC Thread#2" [stack: 0x0000008d62800000,0x0000008d62900000] [id=19240]
  0x000001c7c0527060 GCTaskThread "GC Thread#3" [stack: 0x0000008d62900000,0x0000008d62a00000] [id=25560]
  0x000001c7a0b87ff0 ConcurrentGCThread "G1 Main Marker" [stack: 0x0000008d61600000,0x0000008d61700000] [id=24952]
  0x000001c7a0b88910 ConcurrentGCThread "G1 Conc#0" [stack: 0x0000008d61700000,0x0000008d61800000] [id=25248]
  0x000001c7a0bc50c0 ConcurrentGCThread "G1 Refine#0" [stack: 0x0000008d61800000,0x0000008d61900000] [id=26376]
  0x000001c7a0bc59f0 ConcurrentGCThread "G1 Service" [stack: 0x0000008d61900000,0x0000008d61a00000] [id=26432]

Threads with active compile tasks:
C2 CompilerThread0    34425 5658       4       java.net.URLClassLoader$1::run (5 bytes)

VM state: not at safepoint (normal execution)

VM Mutex/Monitor currently owned by a thread: None

Heap address: 0x0000000700000000, size: 4096 MB, Compressed Oops mode: Zero based, Oop shift amount: 3

CDS archive(s) not mapped
Compressed class space mapped at: 0x0000000800000000-0x0000000840000000, reserved size: 1073741824
Narrow klass base: 0x0000000800000000, Narrow klass shift: 0, Narrow klass range: 0x40000000

GC Precious Log:
 CPUs: 4 total, 4 available
 Memory: 7101M
 Large Page Support: Disabled
 NUMA Support: Disabled
 Compressed Oops: Enabled (Zero based)
 Heap Region Size: 2M
 Heap Min Capacity: 8M
 Heap Initial Capacity: 112M
 Heap Max Capacity: 4G
 Pre-touch: Disabled
 Parallel Workers: 4
 Concurrent Workers: 1
 Concurrent Refinement Workers: 4
 Periodic GC: Disabled

Heap:
 garbage-first heap   total 182272K, used 118592K [0x0000000700000000, 0x0000000800000000)
  region size 2048K, 11 young (22528K), 3 survivors (6144K)
 Metaspace       used 54694K, committed 55296K, reserved 1097728K
  class space    used 7264K, committed 7552K, reserved 1048576K

Heap Regions: E=young(eden), S=young(survivor), O=old, HS=humongous(starts), HC=humongous(continues), CS=collection set, F=free, OA=open archive, CA=closed archive, TAMS=top-at-mark-start (previous, next)
|   0|0x0000000700000000, 0x0000000700200000, 0x0000000700200000|100%| O|  |TAMS 0x0000000700200000, 0x0000000700000000| Untracked 
|   1|0x0000000700200000, 0x0000000700400000, 0x0000000700400000|100%|HS|  |TAMS 0x0000000700400000, 0x0000000700200000| Complete 
|   2|0x0000000700400000, 0x0000000700600000, 0x0000000700600000|100%|HC|  |TAMS 0x0000000700600000, 0x0000000700400000| Complete 
|   3|0x0000000700600000, 0x00000007007eda00, 0x0000000700800000| 96%| O|  |TAMS 0x00000007007eda00, 0x0000000700600000| Untracked 
|   4|0x0000000700800000, 0x0000000700a00000, 0x0000000700a00000|100%| O|  |TAMS 0x0000000700a00000, 0x0000000700800000| Untracked 
|   5|0x0000000700a00000, 0x0000000700c00000, 0x0000000700c00000|100%| O|  |TAMS 0x0000000700c00000, 0x0000000700a00000| Untracked 
|   6|0x0000000700c00000, 0x0000000700e00000, 0x0000000700e00000|100%| O|  |TAMS 0x0000000700e00000, 0x0000000700c00000| Untracked 
|   7|0x0000000700e00000, 0x0000000701000000, 0x0000000701000000|100%| O|  |TAMS 0x0000000701000000, 0x0000000700e00000| Untracked 
|   8|0x0000000701000000, 0x0000000701200000, 0x0000000701200000|100%| O|  |TAMS 0x0000000701200000, 0x0000000701000000| Untracked 
|   9|0x0000000701200000, 0x0000000701400000, 0x0000000701400000|100%| O|  |TAMS 0x0000000701400000, 0x0000000701200000| Untracked 
|  10|0x0000000701400000, 0x0000000701600000, 0x0000000701600000|100%|HS|  |TAMS 0x0000000701600000, 0x0000000701400000| Complete 
|  11|0x0000000701600000, 0x0000000701800000, 0x0000000701800000|100%|HS|  |TAMS 0x0000000701800000, 0x0000000701600000| Complete 
|  12|0x0000000701800000, 0x0000000701a00000, 0x0000000701a00000|100%|HS|  |TAMS 0x0000000701a00000, 0x0000000701800000| Complete 
|  13|0x0000000701a00000, 0x0000000701c00000, 0x0000000701c00000|100%|HC|  |TAMS 0x0000000701c00000, 0x0000000701a00000| Complete 
|  14|0x0000000701c00000, 0x0000000701e00000, 0x0000000701e00000|100%|HS|  |TAMS 0x0000000701e00000, 0x0000000701c00000| Complete 
|  15|0x0000000701e00000, 0x0000000702000000, 0x0000000702000000|100%|HC|  |TAMS 0x0000000702000000, 0x0000000701e00000| Complete 
|  16|0x0000000702000000, 0x0000000702200000, 0x0000000702200000|100%|HS|  |TAMS 0x0000000702200000, 0x0000000702000000| Complete 
|  17|0x0000000702200000, 0x0000000702200000, 0x0000000702400000|  0%| F|  |TAMS 0x0000000702200000, 0x0000000702200000| Untracked 
|  18|0x0000000702400000, 0x0000000702600000, 0x0000000702600000|100%|HS|  |TAMS 0x0000000702600000, 0x0000000702400000| Complete 
|  19|0x0000000702600000, 0x0000000702800000, 0x0000000702800000|100%|HS|  |TAMS 0x0000000702800000, 0x0000000702600000| Complete 
|  20|0x0000000702800000, 0x0000000702a00000, 0x0000000702a00000|100%|HC|  |TAMS 0x0000000702a00000, 0x0000000702800000| Complete 
|  21|0x0000000702a00000, 0x0000000702c00000, 0x0000000702c00000|100%|HC|  |TAMS 0x0000000702c00000, 0x0000000702a00000| Complete 
|  22|0x0000000702c00000, 0x0000000702e00000, 0x0000000702e00000|100%| O|  |TAMS 0x0000000702e00000, 0x0000000702c00000| Untracked 
|  23|0x0000000702e00000, 0x0000000703000000, 0x0000000703000000|100%| O|  |TAMS 0x0000000703000000, 0x0000000702e00000| Untracked 
|  24|0x0000000703000000, 0x0000000703200000, 0x0000000703200000|100%|HS|  |TAMS 0x0000000703200000, 0x0000000703000000| Complete 
|  25|0x0000000703200000, 0x0000000703400000, 0x0000000703400000|100%|HC|  |TAMS 0x0000000703400000, 0x0000000703200000| Complete 
|  26|0x0000000703400000, 0x0000000703600000, 0x0000000703600000|100%|HC|  |TAMS 0x0000000703600000, 0x0000000703400000| Complete 
|  27|0x0000000703600000, 0x0000000703800000, 0x0000000703800000|100%|HC|  |TAMS 0x0000000703800000, 0x0000000703600000| Complete 
|  28|0x0000000703800000, 0x0000000703a00000, 0x0000000703a00000|100%|HC|  |TAMS 0x0000000703a00000, 0x0000000703800000| Complete 
|  29|0x0000000703a00000, 0x0000000703c00000, 0x0000000703c00000|100%| O|  |TAMS 0x0000000703c00000, 0x0000000703a00000| Untracked 
|  30|0x0000000703c00000, 0x0000000703e00000, 0x0000000703e00000|100%| O|  |TAMS 0x0000000703e00000, 0x0000000703c00000| Untracked 
|  31|0x0000000703e00000, 0x0000000704000000, 0x0000000704000000|100%| O|  |TAMS 0x0000000704000000, 0x0000000703e00000| Untracked 
|  32|0x0000000704000000, 0x0000000704200000, 0x0000000704200000|100%| O|  |TAMS 0x0000000704200000, 0x0000000704000000| Untracked 
|  33|0x0000000704200000, 0x0000000704400000, 0x0000000704400000|100%|HS|  |TAMS 0x0000000704400000, 0x0000000704200000| Complete 
|  34|0x0000000704400000, 0x0000000704600000, 0x0000000704600000|100%|HC|  |TAMS 0x0000000704600000, 0x0000000704400000| Complete 
|  35|0x0000000704600000, 0x0000000704800000, 0x0000000704800000|100%|HC|  |TAMS 0x0000000704800000, 0x0000000704600000| Complete 
|  36|0x0000000704800000, 0x0000000704a00000, 0x0000000704a00000|100%|HC|  |TAMS 0x0000000704a00000, 0x0000000704800000| Complete 
|  37|0x0000000704a00000, 0x0000000704c00000, 0x0000000704c00000|100%|HC|  |TAMS 0x0000000704c00000, 0x0000000704a00000| Complete 
|  38|0x0000000704c00000, 0x0000000704e00000, 0x0000000704e00000|100%|HC|  |TAMS 0x0000000704e00000, 0x0000000704c00000| Complete 
|  39|0x0000000704e00000, 0x0000000705000000, 0x0000000705000000|100%|HS|  |TAMS 0x0000000705000000, 0x0000000704e00000| Complete 
|  40|0x0000000705000000, 0x0000000705200000, 0x0000000705200000|100%|HC|  |TAMS 0x0000000705200000, 0x0000000705000000| Complete 
|  41|0x0000000705200000, 0x0000000705400000, 0x0000000705400000|100%|HS|  |TAMS 0x0000000705400000, 0x0000000705200000| Complete 
|  42|0x0000000705400000, 0x0000000705600000, 0x0000000705600000|100%|HS|  |TAMS 0x0000000705600000, 0x0000000705400000| Complete 
|  43|0x0000000705600000, 0x0000000705800000, 0x0000000705800000|100%|HC|  |TAMS 0x0000000705800000, 0x0000000705600000| Complete 
|  44|0x0000000705800000, 0x0000000705a00000, 0x0000000705a00000|100%| O|  |TAMS 0x0000000705a00000, 0x0000000705800000| Untracked 
|  45|0x0000000705a00000, 0x0000000705c00000, 0x0000000705c00000|100%| O|  |TAMS 0x0000000705c00000, 0x0000000705a00000| Untracked 
|  46|0x0000000705c00000, 0x0000000705debe00, 0x0000000705e00000| 96%| O|  |TAMS 0x0000000705debe00, 0x0000000705c00000| Untracked 
|  47|0x0000000705e00000, 0x0000000706000000, 0x0000000706000000|100%|HS|  |TAMS 0x0000000705e00000, 0x0000000705e00000| Complete 
|  48|0x0000000706000000, 0x0000000706200000, 0x0000000706200000|100%|HC|  |TAMS 0x0000000706000000, 0x0000000706000000| Complete 
|  49|0x0000000706200000, 0x0000000706400000, 0x0000000706400000|100%|HC|  |TAMS 0x0000000706200000, 0x0000000706200000| Complete 
|  50|0x0000000706400000, 0x0000000706400000, 0x0000000706600000|  0%| F|  |TAMS 0x0000000706400000, 0x0000000706400000| Untracked 
|  51|0x0000000706600000, 0x0000000706600000, 0x0000000706800000|  0%| F|  |TAMS 0x0000000706600000, 0x0000000706600000| Untracked 
|  52|0x0000000706800000, 0x0000000706800000, 0x0000000706a00000|  0%| F|  |TAMS 0x0000000706800000, 0x0000000706800000| Untracked 
|  53|0x0000000706a00000, 0x0000000706a00000, 0x0000000706c00000|  0%| F|  |TAMS 0x0000000706a00000, 0x0000000706a00000| Untracked 
|  54|0x0000000706c00000, 0x0000000706c00000, 0x0000000706e00000|  0%| F|  |TAMS 0x0000000706c00000, 0x0000000706c00000| Untracked 
|  55|0x0000000706e00000, 0x0000000706e00000, 0x0000000707000000|  0%| F|  |TAMS 0x0000000706e00000, 0x0000000706e00000| Untracked 
|  56|0x0000000707000000, 0x0000000707000000, 0x0000000707200000|  0%| F|  |TAMS 0x0000000707000000, 0x0000000707000000| Untracked 
|  57|0x0000000707200000, 0x0000000707200000, 0x0000000707400000|  0%| F|  |TAMS 0x0000000707200000, 0x0000000707200000| Untracked 
|  58|0x0000000707400000, 0x0000000707400000, 0x0000000707600000|  0%| F|  |TAMS 0x0000000707400000, 0x0000000707400000| Untracked 
|  59|0x0000000707600000, 0x0000000707600000, 0x0000000707800000|  0%| F|  |TAMS 0x0000000707600000, 0x0000000707600000| Untracked 
|  60|0x0000000707800000, 0x0000000707800000, 0x0000000707a00000|  0%| F|  |TAMS 0x0000000707800000, 0x0000000707800000| Untracked 
|  61|0x0000000707a00000, 0x0000000707a00000, 0x0000000707c00000|  0%| F|  |TAMS 0x0000000707a00000, 0x0000000707a00000| Untracked 
|  62|0x0000000707c00000, 0x0000000707c00000, 0x0000000707e00000|  0%| F|  |TAMS 0x0000000707c00000, 0x0000000707c00000| Untracked 
|  63|0x0000000707e00000, 0x0000000707e00000, 0x0000000708000000|  0%| F|  |TAMS 0x0000000707e00000, 0x0000000707e00000| Untracked 
|  64|0x0000000708000000, 0x0000000708000000, 0x0000000708200000|  0%| F|  |TAMS 0x0000000708000000, 0x0000000708000000| Untracked 
|  65|0x0000000708200000, 0x0000000708200000, 0x0000000708400000|  0%| F|  |TAMS 0x0000000708200000, 0x0000000708200000| Untracked 
|  66|0x0000000708400000, 0x0000000708400000, 0x0000000708600000|  0%| F|  |TAMS 0x0000000708400000, 0x0000000708400000| Untracked 
|  67|0x0000000708600000, 0x00000007087f69c0, 0x0000000708800000| 98%| S|CS|TAMS 0x0000000708600000, 0x0000000708600000| Complete 
|  68|0x0000000708800000, 0x0000000708a00000, 0x0000000708a00000|100%| S|CS|TAMS 0x0000000708800000, 0x0000000708800000| Complete 
|  69|0x0000000708a00000, 0x0000000708a00000, 0x0000000708c00000|  0%| F|  |TAMS 0x0000000708a00000, 0x0000000708a00000| Untracked 
|  70|0x0000000708c00000, 0x0000000708c00000, 0x0000000708e00000|  0%| F|  |TAMS 0x0000000708c00000, 0x0000000708c00000| Untracked 
|  71|0x0000000708e00000, 0x0000000709000000, 0x0000000709000000|100%| S|CS|TAMS 0x0000000708e00000, 0x0000000708e00000| Complete 
|  72|0x0000000709000000, 0x0000000709000000, 0x0000000709200000|  0%| F|  |TAMS 0x0000000709000000, 0x0000000709000000| Untracked 
|  73|0x0000000709200000, 0x0000000709200000, 0x0000000709400000|  0%| F|  |TAMS 0x0000000709200000, 0x0000000709200000| Untracked 
|  74|0x0000000709400000, 0x0000000709400000, 0x0000000709600000|  0%| F|  |TAMS 0x0000000709400000, 0x0000000709400000| Untracked 
|  75|0x0000000709600000, 0x0000000709600000, 0x0000000709800000|  0%| F|  |TAMS 0x0000000709600000, 0x0000000709600000| Untracked 
|  76|0x0000000709800000, 0x0000000709800000, 0x0000000709a00000|  0%| F|  |TAMS 0x0000000709800000, 0x0000000709800000| Untracked 
|  77|0x0000000709a00000, 0x0000000709a00000, 0x0000000709c00000|  0%| F|  |TAMS 0x0000000709a00000, 0x0000000709a00000| Untracked 
|  78|0x0000000709c00000, 0x0000000709c00000, 0x0000000709e00000|  0%| F|  |TAMS 0x0000000709c00000, 0x0000000709c00000| Untracked 
|  79|0x0000000709e00000, 0x0000000709e00000, 0x000000070a000000|  0%| F|  |TAMS 0x0000000709e00000, 0x0000000709e00000| Untracked 
|  80|0x000000070a000000, 0x000000070a000000, 0x000000070a200000|  0%| F|  |TAMS 0x000000070a000000, 0x000000070a000000| Untracked 
|  81|0x000000070a200000, 0x000000070a24fe80, 0x000000070a400000| 15%| E|  |TAMS 0x000000070a200000, 0x000000070a200000| Complete 
|  82|0x000000070a400000, 0x000000070a600000, 0x000000070a600000|100%| E|CS|TAMS 0x000000070a400000, 0x000000070a400000| Complete 
|  83|0x000000070a600000, 0x000000070a800000, 0x000000070a800000|100%| E|CS|TAMS 0x000000070a600000, 0x000000070a600000| Complete 
|  84|0x000000070a800000, 0x000000070aa00000, 0x000000070aa00000|100%| E|  |TAMS 0x000000070a800000, 0x000000070a800000| Complete 
|  85|0x000000070aa00000, 0x000000070ac00000, 0x000000070ac00000|100%| E|CS|TAMS 0x000000070aa00000, 0x000000070aa00000| Complete 
|  86|0x000000070ac00000, 0x000000070ae00000, 0x000000070ae00000|100%| E|CS|TAMS 0x000000070ac00000, 0x000000070ac00000| Complete 
|  87|0x000000070ae00000, 0x000000070b000000, 0x000000070b000000|100%| E|CS|TAMS 0x000000070ae00000, 0x000000070ae00000| Complete 
|  88|0x000000070b000000, 0x000000070b200000, 0x000000070b200000|100%| E|CS|TAMS 0x000000070b000000, 0x000000070b000000| Complete 

Card table byte_map: [0x000001c7b37e0000,0x000001c7b3fe0000] _byte_map_base: 0x000001c7affe0000

Marking Bits (Prev, Next): (CMBitMap*) 0x000001c7a0b776c0, (CMBitMap*) 0x000001c7a0b77700
 Prev Bits: [0x000001c7b47e0000, 0x000001c7b87e0000)
 Next Bits: [0x000001c7b87e0000, 0x000001c7bc7e0000)

Polling page: 0x000001c79ea90000

Metaspace:

Usage:
  Non-class:     46.32 MB used.
      Class:      7.09 MB used.
       Both:     53.41 MB used.

Virtual space:
  Non-class space:       48.00 MB reserved,      46.62 MB ( 97%) committed,  6 nodes.
      Class space:        1.00 GB reserved,       7.38 MB ( <1%) committed,  1 nodes.
             Both:        1.05 GB reserved,      54.00 MB (  5%) committed. 

Chunk freelists:
   Non-Class:  512.00 KB
       Class:  560.00 KB
        Both:  1.05 MB

MaxMetaspaceSize: unlimited
CompressedClassSpaceSize: 1.00 GB
Initial GC threshold: 21.00 MB
Current GC threshold: 83.75 MB
CDS: off
MetaspaceReclaimPolicy: balanced
 - commit_granule_bytes: 65536.
 - commit_granule_words: 8192.
 - virtual_space_node_default_size: 1048576.
 - enlarge_chunks_in_place: 1.
 - new_chunks_are_fully_committed: 0.
 - uncommit_free_chunks: 1.
 - use_allocation_guard: 0.
 - handle_deallocations: 1.


Internal statistics:

num_allocs_failed_limit: 3.
num_arena_births: 574.
num_arena_deaths: 0.
num_vsnodes_births: 7.
num_vsnodes_deaths: 0.
num_space_committed: 864.
num_space_uncommitted: 0.
num_chunks_returned_to_freelist: 3.
num_chunks_taken_from_freelist: 2392.
num_chunk_merges: 3.
num_chunk_splits: 1545.
num_chunks_enlarged: 1025.
num_purges: 0.
num_inconsistent_stats: 0.

CodeHeap 'non-profiled nmethods': size=120000Kb used=3029Kb max_used=3029Kb free=116970Kb
 bounds [0x000001c7abab0000, 0x000001c7abdb0000, 0x000001c7b2fe0000]
CodeHeap 'profiled nmethods': size=120000Kb used=11937Kb max_used=11937Kb free=108062Kb
 bounds [0x000001c7a3fe0000, 0x000001c7a4b90000, 0x000001c7ab510000]
CodeHeap 'non-nmethods': size=5760Kb used=2319Kb max_used=2368Kb free=3440Kb
 bounds [0x000001c7ab510000, 0x000001c7ab780000, 0x000001c7abab0000]
 total_blobs=6804 nmethods=5967 adapters=749
 compilation: enabled
              stopped_count=0, restarted_count=0
 full_count=0

Compilation events (20 events):
Event: 34.354 Thread 0x000001c7bf8152e0 5984       2       org.gradle.api.internal.changedetection.state.DefaultFileAccessTimeJournal::setLastAccessTime (15 bytes)
Event: 34.354 Thread 0x000001c7bf8152e0 nmethod 5984 0x000001c7a4b6ff10 code [0x000001c7a4b700c0, 0x000001c7a4b70218]
Event: 34.354 Thread 0x000001c7bf8152e0 5985       2       org.gradle.cache.internal.CrossProcessSynchronizingCache::put (23 bytes)
Event: 34.355 Thread 0x000001c7bf8152e0 nmethod 5985 0x000001c7a4b70310 code [0x000001c7a4b704c0, 0x000001c7a4b70638]
Event: 34.355 Thread 0x000001c7bf8152e0 5986       2       org.gradle.cache.internal.AsyncCacheAccessDecoratedCache$$Lambda$300/0x0000000800417d80::run (20 bytes)
Event: 34.355 Thread 0x000001c7bf8152e0 nmethod 5986 0x000001c7a4b70710 code [0x000001c7a4b708c0, 0x000001c7a4b70aa8]
Event: 34.355 Thread 0x000001c7bf8152e0 5987   !   2       org.gradle.cache.internal.AsyncCacheAccessDecoratedCache::lambda$putLater$1 (32 bytes)
Event: 34.355 Thread 0x000001c7bf8152e0 nmethod 5987 0x000001c7a4b70c10 code [0x000001c7a4b70dc0, 0x000001c7a4b70f68]
Event: 34.355 Thread 0x000001c7bf8152e0 5989   !   2       java.util.concurrent.LinkedBlockingQueue::take (91 bytes)
Event: 34.357 Thread 0x000001c7bf8152e0 nmethod 5989 0x000001c7a4b71090 code [0x000001c7a4b71360, 0x000001c7a4b71c48]
Event: 34.357 Thread 0x000001c7bf8152e0 5988       2       org.gradle.cache.internal.DefaultMultiProcessSafePersistentIndexedCache$$Lambda$302/0x0000000800415ca0::<init> (20 bytes)
Event: 34.357 Thread 0x000001c7bf8152e0 nmethod 5988 0x000001c7a4b72510 code [0x000001c7a4b726a0, 0x000001c7a4b728d8]
Event: 34.358 Thread 0x000001c7bf8152e0 5990       2       org.gradle.cache.internal.CacheAccessWorker::enqueue (6 bytes)
Event: 34.358 Thread 0x000001c7bf8152e0 nmethod 5990 0x000001c7a4b72990 code [0x000001c7a4b72b20, 0x000001c7a4b72c48]
Event: 34.358 Thread 0x000001c7bf8152e0 5991       2       org.gradle.cache.internal.btree.BTreePersistentIndexedCache$DataBlock::useNewValue (57 bytes)
Event: 34.359 Thread 0x000001c7bf8152e0 nmethod 5991 0x000001c7a4b72d10 code [0x000001c7a4b72ee0, 0x000001c7a4b73228]
Event: 34.359 Thread 0x000001c7bf8152e0 5992       2       org.gradle.cache.internal.btree.BTreePersistentIndexedCache$DataBlockUpdateResult::success (4 bytes)
Event: 34.359 Thread 0x000001c7bf8152e0 nmethod 5992 0x000001c7a4b73410 code [0x000001c7a4b735a0, 0x000001c7a4b73698]
Event: 34.359 Thread 0x000001c7bf8152e0 5993       2       org.gradle.cache.internal.btree.BTreePersistentIndexedCache$DataBlockUpdateResult::isFailed (13 bytes)
Event: 34.359 Thread 0x000001c7bf8152e0 nmethod 5993 0x000001c7a4b73710 code [0x000001c7a4b738a0, 0x000001c7a4b739b8]

GC Heap History (20 events):
Event: 28.538 GC heap before
{Heap before GC invocations=13 (full 0):
 garbage-first heap   total 100352K, used 78200K [0x0000000700000000, 0x0000000800000000)
  region size 2048K, 12 young (24576K), 2 survivors (4096K)
 Metaspace       used 34932K, committed 35328K, reserved 1081344K
  class space    used 4855K, committed 5056K, reserved 1048576K
}
Event: 28.543 GC heap after
{Heap after GC invocations=14 (full 0):
 garbage-first heap   total 100352K, used 58700K [0x0000000700000000, 0x0000000800000000)
  region size 2048K, 1 young (2048K), 1 survivors (2048K)
 Metaspace       used 34932K, committed 35328K, reserved 1081344K
  class space    used 4855K, committed 5056K, reserved 1048576K
}
Event: 29.317 GC heap before
{Heap before GC invocations=15 (full 0):
 garbage-first heap   total 106496K, used 77132K [0x0000000700000000, 0x0000000800000000)
  region size 2048K, 10 young (20480K), 1 survivors (2048K)
 Metaspace       used 40399K, committed 40768K, reserved 1089536K
  class space    used 5441K, committed 5632K, reserved 1048576K
}
Event: 29.321 GC heap after
{Heap after GC invocations=16 (full 0):
 garbage-first heap   total 106496K, used 61210K [0x0000000700000000, 0x0000000800000000)
  region size 2048K, 2 young (4096K), 2 survivors (4096K)
 Metaspace       used 40399K, committed 40768K, reserved 1089536K
  class space    used 5441K, committed 5632K, reserved 1048576K
}
Event: 29.630 GC heap before
{Heap before GC invocations=16 (full 0):
 garbage-first heap   total 106496K, used 81690K [0x0000000700000000, 0x0000000800000000)
  region size 2048K, 13 young (26624K), 2 survivors (4096K)
 Metaspace       used 41824K, committed 42240K, reserved 1089536K
  class space    used 5574K, committed 5760K, reserved 1048576K
}
Event: 29.637 GC heap after
{Heap after GC invocations=17 (full 0):
 garbage-first heap   total 106496K, used 63691K [0x0000000700000000, 0x0000000800000000)
  region size 2048K, 2 young (4096K), 2 survivors (4096K)
 Metaspace       used 41824K, committed 42240K, reserved 1089536K
  class space    used 5574K, committed 5760K, reserved 1048576K
}
Event: 30.154 GC heap before
{Heap before GC invocations=18 (full 0):
 garbage-first heap   total 112640K, used 84171K [0x0000000700000000, 0x0000000800000000)
  region size 2048K, 12 young (24576K), 2 survivors (4096K)
 Metaspace       used 44682K, committed 45120K, reserved 1089536K
  class space    used 5872K, committed 6080K, reserved 1048576K
}
Event: 30.159 GC heap after
{Heap after GC invocations=19 (full 0):
 garbage-first heap   total 112640K, used 65104K [0x0000000700000000, 0x0000000800000000)
  region size 2048K, 1 young (2048K), 1 survivors (2048K)
 Metaspace       used 44682K, committed 45120K, reserved 1089536K
  class space    used 5872K, committed 6080K, reserved 1048576K
}
Event: 30.204 GC heap before
{Heap before GC invocations=19 (full 0):
 garbage-first heap   total 112640K, used 67152K [0x0000000700000000, 0x0000000800000000)
  region size 2048K, 2 young (4096K), 1 survivors (2048K)
 Metaspace       used 44989K, committed 45440K, reserved 1089536K
  class space    used 5932K, committed 6144K, reserved 1048576K
}
Event: 30.208 GC heap after
{Heap after GC invocations=20 (full 0):
 garbage-first heap   total 112640K, used 65068K [0x0000000700000000, 0x0000000800000000)
  region size 2048K, 1 young (2048K), 1 survivors (2048K)
 Metaspace       used 44989K, committed 45440K, reserved 1089536K
  class space    used 5932K, committed 6144K, reserved 1048576K
}
Event: 31.168 GC heap before
{Heap before GC invocations=20 (full 0):
 garbage-first heap   total 112640K, used 79404K [0x0000000700000000, 0x0000000800000000)
  region size 2048K, 9 young (18432K), 1 survivors (2048K)
 Metaspace       used 46686K, committed 47104K, reserved 1097728K
  class space    used 6187K, committed 6400K, reserved 1048576K
}
Event: 31.171 GC heap after
{Heap after GC invocations=21 (full 0):
 garbage-first heap   total 112640K, used 66663K [0x0000000700000000, 0x0000000800000000)
  region size 2048K, 1 young (2048K), 1 survivors (2048K)
 Metaspace       used 46686K, committed 47104K, reserved 1097728K
  class space    used 6187K, committed 6400K, reserved 1048576K
}
Event: 31.756 GC heap before
{Heap before GC invocations=22 (full 0):
 garbage-first heap   total 141312K, used 113767K [0x0000000700000000, 0x0000000800000000)
  region size 2048K, 12 young (24576K), 1 survivors (2048K)
 Metaspace       used 49017K, committed 49536K, reserved 1097728K
  class space    used 6389K, committed 6592K, reserved 1048576K
}
Event: 31.764 GC heap after
{Heap after GC invocations=23 (full 0):
 garbage-first heap   total 169984K, used 94484K [0x0000000700000000, 0x0000000800000000)
  region size 2048K, 2 young (4096K), 2 survivors (4096K)
 Metaspace       used 49017K, committed 49536K, reserved 1097728K
  class space    used 6389K, committed 6592K, reserved 1048576K
}
Event: 31.847 GC heap before
{Heap before GC invocations=23 (full 0):
 garbage-first heap   total 169984K, used 98580K [0x0000000700000000, 0x0000000800000000)
  region size 2048K, 4 young (8192K), 2 survivors (4096K)
 Metaspace       used 49214K, committed 49728K, reserved 1097728K
  class space    used 6423K, committed 6656K, reserved 1048576K
}
Event: 31.856 GC heap after
{Heap after GC invocations=24 (full 0):
 garbage-first heap   total 169984K, used 94818K [0x0000000700000000, 0x0000000800000000)
  region size 2048K, 1 young (2048K), 1 survivors (2048K)
 Metaspace       used 49214K, committed 49728K, reserved 1097728K
  class space    used 6423K, committed 6656K, reserved 1048576K
}
Event: 32.322 GC heap before
{Heap before GC invocations=24 (full 0):
 garbage-first heap   total 169984K, used 115298K [0x0000000700000000, 0x0000000800000000)
  region size 2048K, 12 young (24576K), 1 survivors (2048K)
 Metaspace       used 50873K, committed 51392K, reserved 1097728K
  class space    used 6712K, committed 6912K, reserved 1048576K
}
Event: 32.326 GC heap after
{Heap after GC invocations=25 (full 0):
 garbage-first heap   total 169984K, used 96695K [0x0000000700000000, 0x0000000800000000)
  region size 2048K, 2 young (4096K), 2 survivors (4096K)
 Metaspace       used 50873K, committed 51392K, reserved 1097728K
  class space    used 6712K, committed 6912K, reserved 1048576K
}
Event: 33.527 GC heap before
{Heap before GC invocations=26 (full 0):
 garbage-first heap   total 182272K, used 137655K [0x0000000700000000, 0x0000000800000000)
  region size 2048K, 19 young (38912K), 2 survivors (4096K)
 Metaspace       used 54312K, committed 54912K, reserved 1097728K
  class space    used 7240K, committed 7488K, reserved 1048576K
}
Event: 33.537 GC heap after
{Heap after GC invocations=27 (full 0):
 garbage-first heap   total 182272K, used 106304K [0x0000000700000000, 0x0000000800000000)
  region size 2048K, 3 young (6144K), 3 survivors (6144K)
 Metaspace       used 54312K, committed 54912K, reserved 1097728K
  class space    used 7240K, committed 7488K, reserved 1048576K
}

Dll operation events (2 events):
Event: 0.016 Loaded shared library C:\Program Files\Android\Android Studio\jbr\bin\java.dll
Event: 1.351 Loaded shared library C:\Program Files\Android\Android Studio\jbr\bin\verify.dll

Deoptimization events (20 events):
Event: 33.658 Thread 0x000001c7c3efd120 Uncommon trap: trap_request=0xffffff45 fr.pc=0x000001c7abbd639c relative=0x0000000000000f7c
Event: 33.658 Thread 0x000001c7c3efd120 Uncommon trap: reason=unstable_if action=reinterpret pc=0x000001c7abbd639c method=java.util.concurrent.ConcurrentHashMap.addCount(JI)V @ 34 c2
Event: 33.658 Thread 0x000001c7c3efd120 DEOPT PACKING pc=0x000001c7abbd639c sp=0x0000008d644fe6c0
Event: 33.658 Thread 0x000001c7c3efd120 DEOPT UNPACKING pc=0x000001c7ab5669a3 sp=0x0000008d644fe580 mode 2
Event: 33.658 Thread 0x000001c7c3efd5f0 Uncommon trap: trap_request=0xffffff45 fr.pc=0x000001c7abb5b89c relative=0x000000000000015c
Event: 33.658 Thread 0x000001c7c3efd5f0 Uncommon trap: reason=unstable_if action=reinterpret pc=0x000001c7abb5b89c method=java.util.concurrent.ConcurrentHashMap.addCount(JI)V @ 7 c2
Event: 33.658 Thread 0x000001c7c3efd5f0 DEOPT PACKING pc=0x000001c7abb5b89c sp=0x0000008d646fe720
Event: 33.658 Thread 0x000001c7c3efd5f0 DEOPT UNPACKING pc=0x000001c7ab5669a3 sp=0x0000008d646fe680 mode 2
Event: 33.687 Thread 0x000001c7c12f67d0 DEOPT PACKING pc=0x000001c7a4480774 sp=0x0000008d630f6cc0
Event: 33.687 Thread 0x000001c7c12f67d0 DEOPT UNPACKING pc=0x000001c7ab567143 sp=0x0000008d630f6218 mode 0
Event: 33.762 Thread 0x000001c7c3efd120 DEOPT PACKING pc=0x000001c7a4480774 sp=0x0000008d644fda10
Event: 33.762 Thread 0x000001c7c3efd120 DEOPT UNPACKING pc=0x000001c7ab567143 sp=0x0000008d644fcf68 mode 0
Event: 33.838 Thread 0x000001c7c3efd5f0 DEOPT PACKING pc=0x000001c7a4480774 sp=0x0000008d646fdb20
Event: 33.838 Thread 0x000001c7c3efd5f0 DEOPT UNPACKING pc=0x000001c7ab567143 sp=0x0000008d646fd078 mode 0
Event: 33.887 Thread 0x000001c7c3effc70 DEOPT PACKING pc=0x000001c7a4576e6e sp=0x0000008d64afd7c0
Event: 33.887 Thread 0x000001c7c3effc70 DEOPT UNPACKING pc=0x000001c7ab567143 sp=0x0000008d64afcc48 mode 0
Event: 33.907 Thread 0x000001c7bf8d2ba0 DEOPT PACKING pc=0x000001c7a4480774 sp=0x0000008d66afd6a0
Event: 33.907 Thread 0x000001c7bf8d2ba0 DEOPT UNPACKING pc=0x000001c7ab567143 sp=0x0000008d66afcbf8 mode 0
Event: 34.282 Thread 0x000001c7c12a8640 DEOPT PACKING pc=0x000001c7a4480774 sp=0x0000008d63afec20
Event: 34.282 Thread 0x000001c7c12a8640 DEOPT UNPACKING pc=0x000001c7ab567143 sp=0x0000008d63afe178 mode 0

Classes unloaded (0 events):
No events

Classes redefined (0 events):
No events

Internal exceptions (20 events):
Event: 32.514 Thread 0x000001c7c12f67d0 Exception <a 'java/lang/NoSuchMethodError'{0x000000070af1c418}: 'java.lang.Object java.lang.invoke.DelegatingMethodHandle$Holder.delegate(java.lang.Object, java.lang.Object, java.lang.Object, java.lang.Object, java.lang.Object, java.lang.Object, java.lang.Object, java.lang.Object, java.lang.Object, java.lang.Object, java.lang.Object, java.lang.Object, java.lang.Object, java.lang.Object, java.lang.Object, java.lang.Object, java.lang.Object, java.lang.Object, java.lang.Object, java.lang.Object, java.lang.Obj
Event: 32.550 Thread 0x000001c7c12f67d0 Exception <a 'java/lang/NoSuchMethodError'{0x000000070afa6ee8}: 'java.lang.Object java.lang.invoke.DirectMethodHandle$Holder.invokeStatic(java.lang.Object, java.lang.Object, java.lang.Object, java.lang.Object, java.lang.Object, java.lang.Object, java.lang.Object, java.lang.Object, java.lang.Object, java.lang.Object, java.lang.Object, java.lang.Object, java.lang.Object, java.lang.Object, java.lang.Object, java.lang.Object, java.lang.Object)'> (0x000000070afa6ee8) 
thrown [s\src\hotspot\share\interpreter\lin
Event: 32.557 Thread 0x000001c7c12f67d0 Exception <a 'java/lang/NoSuchMethodError'{0x000000070afcf850}: 'java.lang.Object java.lang.invoke.DirectMethodHandle$Holder.invokeStatic(java.lang.Object, java.lang.Object, java.lang.Object, java.lang.Object, java.lang.Object, java.lang.Object, java.lang.Object, java.lang.Object, java.lang.Object, java.lang.Object, java.lang.Object, java.lang.Object, java.lang.Object, java.lang.Object, java.lang.Object, java.lang.Object, java.lang.Object, java.lang.Object)'> (0x000000070afcf850) 
thrown [s\src\hotspot\sha
Event: 32.563 Thread 0x000001c7c12f67d0 Exception <a 'java/lang/NoSuchMethodError'{0x000000070aff8be0}: 'java.lang.Object java.lang.invoke.DirectMethodHandle$Holder.invokeStatic(java.lang.Object, java.lang.Object, java.lang.Object, java.lang.Object, java.lang.Object, java.lang.Object, java.lang.Object, java.lang.Object, java.lang.Object, java.lang.Object, java.lang.Object, java.lang.Object, java.lang.Object, java.lang.Object, java.lang.Object, java.lang.Object, java.lang.Object, java.lang.Object, java.lang.Object)'> (0x000000070aff8be0) 
thrown 
Event: 32.573 Thread 0x000001c7c12f67d0 Exception <a 'java/lang/NoSuchMethodError'{0x000000070ac236c0}: 'java.lang.Object java.lang.invoke.DirectMethodHandle$Holder.invokeStatic(java.lang.Object, java.lang.Object, java.lang.Object, java.lang.Object, java.lang.Object, java.lang.Object, java.lang.Object, java.lang.Object, java.lang.Object, java.lang.Object, java.lang.Object, java.lang.Object, java.lang.Object, java.lang.Object, java.lang.Object, java.lang.Object, java.lang.Object, java.lang.Object, java.lang.Object, java.lang.Object)'> (0x00000007
Event: 32.578 Thread 0x000001c7c12f67d0 Exception <a 'java/lang/NoSuchMethodError'{0x000000070ac4ed70}: 'java.lang.Object java.lang.invoke.DirectMethodHandle$Holder.invokeStatic(java.lang.Object, java.lang.Object, java.lang.Object, java.lang.Object, java.lang.Object, java.lang.Object, java.lang.Object, java.lang.Object, java.lang.Object, java.lang.Object, java.lang.Object, java.lang.Object, java.lang.Object, java.lang.Object, java.lang.Object, java.lang.Object, java.lang.Object, java.lang.Object, java.lang.Object, java.lang.Object, java.lang.Obj
Event: 32.589 Thread 0x000001c7c12f67d0 Exception <a 'java/lang/NoSuchMethodError'{0x000000070ac7adc0}: 'java.lang.Object java.lang.invoke.DirectMethodHandle$Holder.invokeStatic(java.lang.Object, java.lang.Object, java.lang.Object, java.lang.Object, java.lang.Object, java.lang.Object, java.lang.Object, java.lang.Object, java.lang.Object, java.lang.Object, java.lang.Object, java.lang.Object, java.lang.Object, java.lang.Object, java.lang.Object, java.lang.Object, java.lang.Object, java.lang.Object, java.lang.Object, java.lang.Object, java.lang.Obj
Event: 32.594 Thread 0x000001c7c12f67d0 Exception <a 'java/lang/NoSuchMethodError'{0x000000070aca88a8}: 'java.lang.Object java.lang.invoke.DirectMethodHandle$Holder.invokeStatic(java.lang.Object, java.lang.Object, java.lang.Object, java.lang.Object, java.lang.Object, java.lang.Object, java.lang.Object, java.lang.Object, java.lang.Object, java.lang.Object, java.lang.Object, java.lang.Object, java.lang.Object, java.lang.Object, java.lang.Object, java.lang.Object, java.lang.Object, java.lang.Object, java.lang.Object, java.lang.Object, java.lang.Obj
Event: 32.599 Thread 0x000001c7c12f67d0 Exception <a 'java/lang/NoSuchMethodError'{0x000000070acd8b30}: 'java.lang.Object java.lang.invoke.DirectMethodHandle$Holder.invokeStatic(java.lang.Object, java.lang.Object, java.lang.Object, java.lang.Object, java.lang.Object, java.lang.Object, java.lang.Object, java.lang.Object, java.lang.Object, java.lang.Object, java.lang.Object, java.lang.Object, java.lang.Object, java.lang.Object, java.lang.Object, java.lang.Object, java.lang.Object, java.lang.Object, java.lang.Object, java.lang.Object, java.lang.Obj
Event: 32.856 Thread 0x000001c7c12f67d0 Exception <a 'java/lang/ClassNotFoundException'{0x000000070a04ba08}: build_efgilvw6wwo5o7ykshlrjqe9jBeanInfo> (0x000000070a04ba08) 
thrown [s\src\hotspot\share\classfile\systemDictionary.cpp, line 256]
Event: 32.857 Thread 0x000001c7c12f67d0 Exception <a 'java/lang/ClassNotFoundException'{0x000000070a056fd8}: org/gradle/api/internal/project/ProjectScriptBeanInfo> (0x000000070a056fd8) 
thrown [s\src\hotspot\share\classfile\systemDictionary.cpp, line 256]
Event: 32.857 Thread 0x000001c7c12f67d0 Exception <a 'java/lang/ClassNotFoundException'{0x000000070a062350}: org/gradle/api/internal/project/ProjectScriptCustomizer> (0x000000070a062350) 
thrown [s\src\hotspot\share\classfile\systemDictionary.cpp, line 256]
Event: 32.858 Thread 0x000001c7c12f67d0 Exception <a 'java/lang/ClassNotFoundException'{0x000000070a079950}: build_efgilvw6wwo5o7ykshlrjqe9jCustomizer> (0x000000070a079950) 
thrown [s\src\hotspot\share\classfile\systemDictionary.cpp, line 256]
Event: 32.871 Thread 0x000001c7c12f67d0 Exception <a 'java/lang/ClassNotFoundException'{0x000000070a0ee598}: org/gradle/plugin/use/internal/PluginRequestCollector$PluginDependenciesSpecImplBeanInfo> (0x000000070a0ee598) 
thrown [s\src\hotspot\share\classfile\systemDictionary.cpp, line 256]
Event: 32.872 Thread 0x000001c7c12f67d0 Exception <a 'java/lang/ClassNotFoundException'{0x000000070a1009d0}: org/gradle/plugin/use/internal/PluginRequestCollector$PluginDependenciesSpecImplCustomizer> (0x000000070a1009d0) 
thrown [s\src\hotspot\share\classfile\systemDictionary.cpp, line 256]
Event: 32.878 Thread 0x000001c7c12f67d0 Exception <a 'java/lang/ClassNotFoundException'{0x000000070a13a280}: org/gradle/plugin/use/internal/PluginRequestCollector$PluginDependencySpecImplBeanInfo> (0x000000070a13a280) 
thrown [s\src\hotspot\share\classfile\systemDictionary.cpp, line 256]
Event: 32.879 Thread 0x000001c7c12f67d0 Exception <a 'java/lang/ClassNotFoundException'{0x000000070a14c108}: org/gradle/plugin/use/internal/PluginRequestCollector$PluginDependencySpecImplCustomizer> (0x000000070a14c108) 
thrown [s\src\hotspot\share\classfile\systemDictionary.cpp, line 256]
Event: 33.120 Thread 0x000001c7c12f67d0 Exception <a 'java/lang/NoSuchMethodError'{0x00000007096313c8}: 'java.lang.Object java.lang.invoke.DirectMethodHandle$Holder.newInvokeSpecial(java.lang.Object, java.lang.Object, java.lang.Object, java.lang.Object, java.lang.Object, int)'> (0x00000007096313c8) 
thrown [s\src\hotspot\share\interpreter\linkResolver.cpp, line 771]
Event: 33.121 Thread 0x000001c7c12f67d0 Exception <a 'java/lang/NoSuchMethodError'{0x0000000709636a20}: 'java.lang.Object java.lang.invoke.DirectMethodHandle$Holder.invokeSpecial(java.lang.Object, java.lang.Object, java.lang.Object, java.lang.Object, java.lang.Object, java.lang.Object, int)'> (0x0000000709636a20) 
thrown [s\src\hotspot\share\interpreter\linkResolver.cpp, line 771]
Event: 33.135 Thread 0x000001c7c12f67d0 Exception <a 'java/lang/NoSuchMethodError'{0x00000007096d23c0}: 'void java.lang.invoke.DirectMethodHandle$Holder.invokeStatic(java.lang.Object, java.lang.Object, java.lang.Object, int, java.lang.Object)'> (0x00000007096d23c0) 
thrown [s\src\hotspot\share\interpreter\linkResolver.cpp, line 771]

VM Operations (20 events):
Event: 31.756 Executing VM operation: G1CollectForAllocation
Event: 31.765 Executing VM operation: G1CollectForAllocation done
Event: 31.847 Executing VM operation: G1CollectForAllocation
Event: 31.856 Executing VM operation: G1CollectForAllocation done
Event: 32.208 Executing VM operation: HandshakeAllThreads
Event: 32.209 Executing VM operation: HandshakeAllThreads done
Event: 32.322 Executing VM operation: G1TryInitiateConcMark
Event: 32.326 Executing VM operation: G1TryInitiateConcMark done
Event: 32.387 Executing VM operation: G1Concurrent
Event: 32.391 Executing VM operation: G1Concurrent done
Event: 32.391 Executing VM operation: G1Concurrent
Event: 32.391 Executing VM operation: G1Concurrent done
Event: 32.655 Executing VM operation: HandshakeAllThreads
Event: 32.655 Executing VM operation: HandshakeAllThreads done
Event: 33.298 Executing VM operation: ICBufferFull
Event: 33.298 Executing VM operation: ICBufferFull done
Event: 33.526 Executing VM operation: G1CollectForAllocation
Event: 33.537 Executing VM operation: G1CollectForAllocation done
Event: 33.545 Executing VM operation: HandshakeAllThreads
Event: 33.545 Executing VM operation: HandshakeAllThreads done

Events (20 events):
Event: 33.660 Thread 0x000001c7bf8cf6b0 Thread added: 0x000001c7bf8cf6b0
Event: 33.660 Thread 0x000001c7bf8d3070 Thread added: 0x000001c7bf8d3070
Event: 33.660 Thread 0x000001c7bf8cd500 Thread added: 0x000001c7bf8cd500
Event: 33.660 Thread 0x000001c7bf8ccb60 Thread added: 0x000001c7bf8ccb60
Event: 33.661 Thread 0x000001c7bf8cd9d0 Thread added: 0x000001c7bf8cd9d0
Event: 33.661 Thread 0x000001c7bf8cd030 Thread added: 0x000001c7bf8cd030
Event: 33.661 Thread 0x000001c7bf8ce370 Thread added: 0x000001c7bf8ce370
Event: 33.661 Thread 0x000001c7bf8d0050 Thread added: 0x000001c7bf8d0050
Event: 33.662 Thread 0x000001c7bf8d3540 Thread added: 0x000001c7bf8d3540
Event: 33.662 Thread 0x000001c7bf8d0ec0 Thread added: 0x000001c7bf8d0ec0
Event: 33.662 Thread 0x000001c7bf8ced10 Thread added: 0x000001c7bf8ced10
Event: 33.662 Thread 0x000001c7bf8ce840 Thread added: 0x000001c7bf8ce840
Event: 33.663 Thread 0x000001c7bf8d0520 Thread added: 0x000001c7bf8d0520
Event: 33.663 Thread 0x000001c7bf8d1390 Thread added: 0x000001c7bf8d1390
Event: 33.663 Thread 0x000001c7bf8d1860 Thread added: 0x000001c7bf8d1860
Event: 33.663 Thread 0x000001c7bf8d1d30 Thread added: 0x000001c7bf8d1d30
Event: 33.664 Thread 0x000001c7bf8d2200 Thread added: 0x000001c7bf8d2200
Event: 33.664 Thread 0x000001c7bf8d26d0 Thread added: 0x000001c7bf8d26d0
Event: 33.664 Thread 0x000001c7bf8d2ba0 Thread added: 0x000001c7bf8d2ba0
Event: 33.664 Thread 0x000001c7c3d113f0 Thread added: 0x000001c7c3d113f0


Dynamic libraries:
0x00007ff757e50000 - 0x00007ff757e5a000 	C:\Program Files\Android\Android Studio\jbr\bin\java.exe
0x00007ffc80df0000 - 0x00007ffc80fe8000 	C:\WINDOWS\SYSTEM32\ntdll.dll
0x00007ffc7f4b0000 - 0x00007ffc7f56f000 	C:\WINDOWS\System32\KERNEL32.DLL
0x00007ffc7eb50000 - 0x00007ffc7ee46000 	C:\WINDOWS\System32\KERNELBASE.dll
0x00007ffc7e7d0000 - 0x00007ffc7e8d0000 	C:\WINDOWS\System32\ucrtbase.dll
0x00007ffc6f740000 - 0x00007ffc6f757000 	C:\Program Files\Android\Android Studio\jbr\bin\jli.dll
0x00007ffc6f6e0000 - 0x00007ffc6f6fb000 	C:\Program Files\Android\Android Studio\jbr\bin\VCRUNTIME140.dll
0x00007ffc80690000 - 0x00007ffc8082d000 	C:\WINDOWS\System32\USER32.dll
0x00007ffc7e960000 - 0x00007ffc7e982000 	C:\WINDOWS\System32\win32u.dll
0x00007ffc7eee0000 - 0x00007ffc7ef0c000 	C:\WINDOWS\System32\GDI32.dll
0x00007ffc7e990000 - 0x00007ffc7eaa5000 	C:\WINDOWS\System32\gdi32full.dll
0x00007ffc7eab0000 - 0x00007ffc7eb4d000 	C:\WINDOWS\System32\msvcp_win.dll
0x00007ffc63210000 - 0x00007ffc634aa000 	C:\WINDOWS\WinSxS\amd64_microsoft.windows.common-controls_6595b64144ccf1df_6.0.19041.1110_none_60b5254171f9507e\COMCTL32.dll
0x00007ffc7f570000 - 0x00007ffc7f60e000 	C:\WINDOWS\System32\msvcrt.dll
0x00007ffc7ee50000 - 0x00007ffc7ee80000 	C:\WINDOWS\System32\IMM32.DLL
0x00007ffc6edd0000 - 0x00007ffc6eddc000 	C:\Program Files\Android\Android Studio\jbr\bin\vcruntime140_1.dll
0x00007ffc68b10000 - 0x00007ffc68b9d000 	C:\Program Files\Android\Android Studio\jbr\bin\msvcp140.dll
0x00007ffc35dc0000 - 0x00007ffc36a2d000 	C:\Program Files\Android\Android Studio\jbr\bin\server\jvm.dll
0x00007ffc805c0000 - 0x00007ffc8066f000 	C:\WINDOWS\System32\ADVAPI32.dll
0x00007ffc7ef10000 - 0x00007ffc7efac000 	C:\WINDOWS\System32\sechost.dll
0x00007ffc7fb80000 - 0x00007ffc7fca6000 	C:\WINDOWS\System32\RPCRT4.dll
0x00007ffc79db0000 - 0x00007ffc79db9000 	C:\WINDOWS\SYSTEM32\WSOCK32.dll
0x00007ffc7f670000 - 0x00007ffc7f6db000 	C:\WINDOWS\System32\WS2_32.dll
0x00007ffc75850000 - 0x00007ffc75877000 	C:\WINDOWS\SYSTEM32\WINMM.dll
0x00007ffc75e70000 - 0x00007ffc75e7a000 	C:\WINDOWS\SYSTEM32\VERSION.dll
0x00007ffc7c330000 - 0x00007ffc7c342000 	C:\WINDOWS\SYSTEM32\kernel.appcore.dll
0x00007ffc4f860000 - 0x00007ffc4f86a000 	C:\Program Files\Android\Android Studio\jbr\bin\jimage.dll
0x00007ffc743a0000 - 0x00007ffc74584000 	C:\WINDOWS\SYSTEM32\DBGHELP.DLL
0x00007ffc70970000 - 0x00007ffc709a4000 	C:\WINDOWS\SYSTEM32\dbgcore.DLL
0x00007ffc7e8d0000 - 0x00007ffc7e952000 	C:\WINDOWS\System32\bcryptPrimitives.dll
0x00007ffc35d90000 - 0x00007ffc35db5000 	C:\Program Files\Android\Android Studio\jbr\bin\java.dll
0x00007ffc35d70000 - 0x00007ffc35d88000 	C:\Program Files\Android\Android Studio\jbr\bin\zip.dll
0x00007ffc7fe60000 - 0x00007ffc805a4000 	C:\WINDOWS\System32\SHELL32.dll
0x00007ffc7c530000 - 0x00007ffc7ccc3000 	C:\WINDOWS\SYSTEM32\windows.storage.dll
0x00007ffc80a50000 - 0x00007ffc80da4000 	C:\WINDOWS\System32\combase.dll
0x00007ffc7dd60000 - 0x00007ffc7dd8e000 	C:\WINDOWS\SYSTEM32\Wldp.dll
0x00007ffc7fa70000 - 0x00007ffc7fb1d000 	C:\WINDOWS\System32\SHCORE.dll
0x00007ffc7ee80000 - 0x00007ffc7eed5000 	C:\WINDOWS\System32\shlwapi.dll
0x00007ffc7e400000 - 0x00007ffc7e425000 	C:\WINDOWS\SYSTEM32\profapi.dll
0x00007ffc35a60000 - 0x00007ffc35a79000 	C:\Program Files\Android\Android Studio\jbr\bin\net.dll
0x00007ffc732a0000 - 0x00007ffc733aa000 	C:\WINDOWS\SYSTEM32\WINHTTP.dll
0x00007ffc7db40000 - 0x00007ffc7dbaa000 	C:\WINDOWS\system32\mswsock.dll
0x00007ffc35a40000 - 0x00007ffc35a56000 	C:\Program Files\Android\Android Studio\jbr\bin\nio.dll
0x00007ffc1ef20000 - 0x00007ffc1ef30000 	C:\Program Files\Android\Android Studio\jbr\bin\verify.dll
0x00007ffc6f7e0000 - 0x00007ffc6f807000 	C:\Users\ruthk\.gradle\native\68d5fa5c4cc2d200863cafc0d521ce42e7d3e7ee720ec0a83991735586a16f82\windows-amd64\native-platform.dll
0x00007ffc686f0000 - 0x00007ffc68834000 	C:\Users\ruthk\.gradle\native\e376f236ea51e6404a007f0833ffe2c6e607c4080706a723a18a27aeea778392\windows-amd64\native-platform-file-events.dll
0x00007ffc3a040000 - 0x00007ffc3a049000 	C:\Program Files\Android\Android Studio\jbr\bin\management.dll
0x00007ffc35a30000 - 0x00007ffc35a3b000 	C:\Program Files\Android\Android Studio\jbr\bin\management_ext.dll
0x00007ffc7f4a0000 - 0x00007ffc7f4a8000 	C:\WINDOWS\System32\PSAPI.DLL
0x00007ffc7dda0000 - 0x00007ffc7ddb8000 	C:\WINDOWS\SYSTEM32\CRYPTSP.dll
0x00007ffc7d470000 - 0x00007ffc7d4a4000 	C:\WINDOWS\system32\rsaenh.dll
0x00007ffc7e540000 - 0x00007ffc7e567000 	C:\WINDOWS\System32\bcrypt.dll
0x00007ffc7e3c0000 - 0x00007ffc7e3ee000 	C:\WINDOWS\SYSTEM32\USERENV.dll
0x00007ffc7dcd0000 - 0x00007ffc7dcdc000 	C:\WINDOWS\SYSTEM32\CRYPTBASE.dll
0x00007ffc7d850000 - 0x00007ffc7d88b000 	C:\WINDOWS\SYSTEM32\IPHLPAPI.DLL
0x00007ffc80a40000 - 0x00007ffc80a48000 	C:\WINDOWS\System32\NSI.dll
0x00007ffc75e30000 - 0x00007ffc75e47000 	C:\WINDOWS\SYSTEM32\dhcpcsvc6.DLL
0x00007ffc75e10000 - 0x00007ffc75e2d000 	C:\WINDOWS\SYSTEM32\dhcpcsvc.DLL
0x00007ffc7d890000 - 0x00007ffc7d95a000 	C:\WINDOWS\SYSTEM32\DNSAPI.dll
0x00007ffc147d0000 - 0x00007ffc147d7000 	C:\WINDOWS\system32\wshunix.dll

dbghelp: loaded successfully - version: 4.0.5 - missing functions: none
symbol engine: initialized successfully - sym options: 0x614 - pdb path: .;C:\Program Files\Android\Android Studio\jbr\bin;C:\WINDOWS\SYSTEM32;C:\WINDOWS\WinSxS\amd64_microsoft.windows.common-controls_6595b64144ccf1df_6.0.19041.1110_none_60b5254171f9507e;C:\Program Files\Android\Android Studio\jbr\bin\server;C:\Users\ruthk\.gradle\native\68d5fa5c4cc2d200863cafc0d521ce42e7d3e7ee720ec0a83991735586a16f82\windows-amd64;C:\Users\ruthk\.gradle\native\e376f236ea51e6404a007f0833ffe2c6e607c4080706a723a18a27aeea778392\windows-amd64

VM Arguments:
jvm_args: --add-opens=java.base/java.util=ALL-UNNAMED --add-opens=java.base/java.lang=ALL-UNNAMED --add-opens=java.base/java.lang.invoke=ALL-UNNAMED --add-opens=java.prefs/java.util.prefs=ALL-UNNAMED --add-opens=java.base/java.nio.charset=ALL-UNNAMED --add-opens=java.base/java.net=ALL-UNNAMED --add-opens=java.base/java.util.concurrent.atomic=ALL-UNNAMED -Xmx4096m -Dfile.encoding=UTF-8 -Duser.country=FR -Duser.language=fr -Duser.variant 
java_command: org.gradle.launcher.daemon.bootstrap.GradleDaemon 8.0
java_class_path (initial): C:\Users\ruthk\.gradle\wrapper\dists\gradle-8.0-bin\ca5e32bp14vu59qr306oxotwh\gradle-8.0\lib\gradle-launcher-8.0.jar
Launcher Type: SUN_STANDARD

[Global flags]
     intx CICompilerCount                          = 3                                         {product} {ergonomic}
     uint ConcGCThreads                            = 1                                         {product} {ergonomic}
     uint G1ConcRefinementThreads                  = 4                                         {product} {ergonomic}
   size_t G1HeapRegionSize                         = 2097152                                   {product} {ergonomic}
    uintx GCDrainStackTargetSize                   = 64                                        {product} {ergonomic}
   size_t InitialHeapSize                          = 117440512                                 {product} {ergonomic}
   size_t MarkStackSize                            = 4194304                                   {product} {ergonomic}
   size_t MaxHeapSize                              = 4294967296                                {product} {command line}
   size_t MaxNewSize                               = 2575302656                                {product} {ergonomic}
   size_t MinHeapDeltaBytes                        = 2097152                                   {product} {ergonomic}
   size_t MinHeapSize                              = 8388608                                   {product} {ergonomic}
    uintx NonNMethodCodeHeapSize                   = 5832780                                {pd product} {ergonomic}
    uintx NonProfiledCodeHeapSize                  = 122912730                              {pd product} {ergonomic}
    uintx ProfiledCodeHeapSize                     = 122912730                              {pd product} {ergonomic}
    uintx ReservedCodeCacheSize                    = 251658240                              {pd product} {ergonomic}
     bool SegmentedCodeCache                       = true                                      {product} {ergonomic}
   size_t SoftMaxHeapSize                          = 4294967296                             {manageable} {ergonomic}
     bool UseCompressedClassPointers               = true                           {product lp64_product} {ergonomic}
     bool UseCompressedOops                        = true                           {product lp64_product} {ergonomic}
     bool UseG1GC                                  = true                                      {product} {ergonomic}
     bool UseLargePagesIndividualAllocation        = false                                  {pd product} {ergonomic}

Logging:
Log output configuration:
 #0: stdout all=warning uptime,level,tags
 #1: stderr all=off uptime,level,tags

Environment Variables:
JAVA_HOME=C:\jdk-20.0.1
PATH=C:\Python311\Scripts\;C:\Python311\;C:\WINDOWS\system32;C:\WINDOWS;C:\WINDOWS\System32\Wbem;C:\WINDOWS\System32\WindowsPowerShell\v1.0\;C:\WINDOWS\System32\OpenSSH\;C:\ProgramData\chocolatey\bin;C:\Program Files\nodejs\;C:\Program Files\Git\cmd;C:\composer;C:\Program Files\Docker\Docker\resources\bin;C:\Users\ruthk\AppData\Local\Microsoft\WindowsApps;C:\Users\ruthk\AppData\Local\Programs\Microsoft VS Code\bin;C:\jdk-20.0.1\bin;C:\Users\ruthk\AppData\Local\Android\Sdk;C:\Users\ruthk\AppData\Roaming\npm;C:\tools\dart-sdk\bin;C:\Users\ruthk\AppData\Roaming\Pub\Cache\bin;C:\Windows\System32;C:\Program Files\Git\bin;C:\Program Files\Git\cmd;C:\flutter\bin;C:\www\php-7.4.28;C:\www\mysql\bin;C:\Users\ruthk\AppData\Roaming\Composer\vendor\bin
USERNAME=ruthk
OS=Windows_NT
PROCESSOR_IDENTIFIER=AMD64 Family 23 Model 17 Stepping 0, AuthenticAMD
TMP=C:\Users\ruthk\AppData\Local\Temp
TEMP=C:\Users\ruthk\AppData\Local\Temp



---------------  S Y S T E M  ---------------

OS:
 Windows 10 , 64 bit Build 19041 (10.0.19041.3155)
OS uptime: 1 days 22:03 hours
Hyper-V role detected

CPU: total 4 (initial active 4) (4 cores per cpu, 1 threads per core) family 23 model 17 stepping 0 microcode 0x0, cx8, cmov, fxsr, mmx, 3dnowpref, sse, sse2, sse3, ssse3, sse4a, sse4.1, sse4.2, popcnt, lzcnt, tsc, tscinvbit, avx, avx2, aes, clmul, bmi1, bmi2, adx, sha, fma, vzeroupper, clflush, clflushopt, hv

Memory: 4k page, system-wide physical 7101M (28M free)
TotalPageFile size 28605M (AvailPageFile size 0M)
current process WorkingSet (physical memory assigned to process): 304M, peak: 308M
current process commit charge ("private bytes"): 371M, peak: 376M

vm_info: OpenJDK 64-Bit Server VM (17.0.6+0-b2043.56-9586694) for windows-amd64 JRE (17.0.6+0-b2043.56-9586694), built on Feb  9 2023 20:06:20 by "androidbuild" with MS VC++ 16.10 / 16.11 (VS2019)

END.
