#
# There is insufficient memory for the Java Runtime Environment to continue.
# Native memory allocation (mmap) failed to map 13631488 bytes for G1 virtual space
# Possible reasons:
#   The system is out of physical RAM or swap space
#   The process is running with CompressedOops enabled, and the Java Heap may be blocking the growth of the native heap
# Possible solutions:
#   Reduce memory load on the system
#   Increase physical memory or swap space
#   Check if swap backing store is full
#   Decrease Java heap size (-Xmx/-Xms)
#   Decrease number of Java threads
#   Decrease Java thread stack sizes (-Xss)
#   Set larger code cache with -XX:ReservedCodeCacheSize=
#   JVM is running with Unscaled Compressed Oops mode in which the Java heap is
#     placed in the first 4GB address space. The Java Heap base address is the
#     maximum limit for the native heap growth. Please use -XX:HeapBaseMinAddress
#     to set the Java Heap base and to place the Java Heap above 4GB virtual address.
# This output file may be truncated or incomplete.
#
#  Out of Memory Error (os_windows.cpp:3769), pid=2580, tid=15628
#
# JRE version: OpenJDK Runtime Environment (17.0.6) (build 17.0.6+0-b2043.56-9586694)
# Java VM: OpenJDK 64-Bit Server VM (17.0.6+0-b2043.56-9586694, mixed mode, tiered, compressed oops, compressed class ptrs, g1 gc, windows-amd64)
# No core dump will be written. Minidumps are not enabled by default on client versions of Windows
#

---------------  S U M M A R Y ------------

Command Line: --add-opens=java.base/java.util=ALL-UNNAMED --add-opens=java.base/java.lang=ALL-UNNAMED --add-opens=java.base/java.lang.invoke=ALL-UNNAMED --add-opens=java.prefs/java.util.prefs=ALL-UNNAMED --add-opens=java.base/java.nio.charset=ALL-UNNAMED --add-opens=java.base/java.net=ALL-UNNAMED --add-opens=java.base/java.util.concurrent.atomic=ALL-UNNAMED -Xmx2048m -Dfile.encoding=UTF-8 -Duser.country=FR -Duser.language=fr -Duser.variant org.gradle.launcher.daemon.bootstrap.GradleDaemon 8.0

Host: AMD Ryzen 3 PRO 2300U w/ Radeon Vega Mobile Gfx, 4 cores, 6G,  Windows 10 , 64 bit Build 19041 (10.0.19041.3155)
Time: Thu Aug 31 08:47:08 2023 Greenwich elapsed time: 26.042330 seconds (0d 0h 0m 26s)

---------------  T H R E A D  ---------------

Current thread (0x000002532afc67d0):  VMThread "VM Thread" [stack: 0x0000005431000000,0x0000005431100000] [id=15628]

Stack: [0x0000005431000000,0x0000005431100000]
Native frames: (J=compiled Java code, j=interpreted, Vv=VM code, C=native code)
V  [jvm.dll+0x683b4a]
V  [jvm.dll+0x842654]
V  [jvm.dll+0x843dfe]
V  [jvm.dll+0x844463]
V  [jvm.dll+0x249b75]
V  [jvm.dll+0x680a19]
V  [jvm.dll+0x674f0a]
V  [jvm.dll+0x309acb]
V  [jvm.dll+0x310f86]
V  [jvm.dll+0x3608ee]
V  [jvm.dll+0x360b1f]
V  [jvm.dll+0x2dfbf8]
V  [jvm.dll+0x2ddec4]
V  [jvm.dll+0x2dd4cc]
V  [jvm.dll+0x322261]
V  [jvm.dll+0x84893b]
V  [jvm.dll+0x849674]
V  [jvm.dll+0x849b8d]
V  [jvm.dll+0x849f64]
V  [jvm.dll+0x84a030]
V  [jvm.dll+0x7f25fa]
V  [jvm.dll+0x682985]
C  [ucrtbase.dll+0x21bb2]
C  [KERNEL32.DLL+0x17614]
C  [ntdll.dll+0x526b1]

VM_Operation (0x00000054326f4d00): G1TryInitiateConcMark, mode: safepoint, requested by thread 0x000002532d54cca0


---------------  P R O C E S S  ---------------

Threads class SMR info:
_java_thread_list=0x000002533017ac20, length=81, elements={
0x0000025311a18d30, 0x000002532afcce90, 0x000002532afcde90, 0x000002532b0113c0,
0x000002532b012e90, 0x000002532b015b60, 0x000002532b016420, 0x000002532b0170c0,
0x000002532b018a80, 0x000002532bc3e920, 0x000002532bd71c70, 0x000002532bd85420,
0x000002532d5c8470, 0x000002532edaca90, 0x000002532d5497a0, 0x000002532e701600,
0x000002532d431fa0, 0x000002532eadd850, 0x000002532d54cca0, 0x000002532be77a20,
0x000002532be74a00, 0x000002532be76210, 0x000002532be77080, 0x000002532be766e0,
0x000002532be74ed0, 0x000002532be75870, 0x000002532be753a0, 0x000002532be77550,
0x000002532be75d40, 0x000002532be77ef0, 0x000002532be76bb0, 0x000002532be74530,
0x000002532e837310, 0x000002532e83b1a0, 0x000002532e838650, 0x000002532e83ce80,
0x000002532e838ff0, 0x000002532e83c010, 0x000002532e835630, 0x000002532e83c9b0,
0x000002532e839990, 0x000002532e836e40, 0x000002532e83a800, 0x000002532e8364a0,
0x000002532e83b670, 0x000002532e839e60, 0x000002532e83bb40, 0x000002532e835b00,
0x000002532e8377e0, 0x000002532e837cb0, 0x000002532e8394c0, 0x000002532e835fd0,
0x000002532e83a330, 0x000002532e836970, 0x000002532e855590, 0x000002532e855f30,
0x000002532e8580e0, 0x000002532e857740, 0x000002532e857270, 0x000002532e856400,
0x000002532e855a60, 0x000002532e85a290, 0x000002532e857c10, 0x000002532e8585b0,
0x000002532e858a80, 0x000002532e858f50, 0x000002532e859420, 0x000002532e85c440,
0x000002532e8598f0, 0x000002532e859dc0, 0x000002532e85c910, 0x000002532e85a760,
0x000002532e85ac30, 0x000002532e8568d0, 0x000002532e85b100, 0x000002532e85cde0,
0x000002532e856da0, 0x000002532e85baa0, 0x000002532e85b5d0, 0x000002532e85bf70,
0x000002533080af60
}

Java Threads: ( => current thread )
  0x0000025311a18d30 JavaThread "main" [_thread_blocked, id=24532, stack(0x0000005430a00000,0x0000005430b00000)]
  0x000002532afcce90 JavaThread "Reference Handler" daemon [_thread_blocked, id=22940, stack(0x0000005431100000,0x0000005431200000)]
  0x000002532afcde90 JavaThread "Finalizer" daemon [_thread_blocked, id=24192, stack(0x0000005431200000,0x0000005431300000)]
  0x000002532b0113c0 JavaThread "Signal Dispatcher" daemon [_thread_blocked, id=20568, stack(0x0000005431300000,0x0000005431400000)]
  0x000002532b012e90 JavaThread "Attach Listener" daemon [_thread_blocked, id=12512, stack(0x0000005431400000,0x0000005431500000)]
  0x000002532b015b60 JavaThread "Service Thread" daemon [_thread_blocked, id=23400, stack(0x0000005431500000,0x0000005431600000)]
  0x000002532b016420 JavaThread "Monitor Deflation Thread" daemon [_thread_blocked, id=10280, stack(0x0000005431600000,0x0000005431700000)]
  0x000002532b0170c0 JavaThread "C2 CompilerThread0" daemon [_thread_blocked, id=15380, stack(0x0000005431700000,0x0000005431800000)]
  0x000002532b018a80 JavaThread "C1 CompilerThread0" daemon [_thread_blocked, id=2016, stack(0x0000005431800000,0x0000005431900000)]
  0x000002532bc3e920 JavaThread "Sweeper thread" daemon [_thread_blocked, id=16648, stack(0x0000005431900000,0x0000005431a00000)]
  0x000002532bd71c70 JavaThread "Common-Cleaner" daemon [_thread_blocked, id=24160, stack(0x0000005431a00000,0x0000005431b00000)]
  0x000002532bd85420 JavaThread "Notification Thread" daemon [_thread_blocked, id=17432, stack(0x0000005431b00000,0x0000005431c00000)]
  0x000002532d5c8470 JavaThread "Daemon health stats" [_thread_blocked, id=23836, stack(0x0000005432000000,0x0000005432100000)]
  0x000002532edaca90 JavaThread "Incoming local TCP Connector on port 59580" [_thread_in_native, id=22792, stack(0x0000005432100000,0x0000005432200000)]
  0x000002532d5497a0 JavaThread "Daemon periodic checks" [_thread_blocked, id=17688, stack(0x0000005432200000,0x0000005432300000)]
  0x000002532e701600 JavaThread "Daemon" [_thread_blocked, id=18872, stack(0x0000005432300000,0x0000005432400000)]
  0x000002532d431fa0 JavaThread "Handler for socket connection from /127.0.0.1:59580 to /127.0.0.1:59585" [_thread_in_native, id=964, stack(0x0000005432400000,0x0000005432500000)]
  0x000002532eadd850 JavaThread "Cancel handler" [_thread_blocked, id=23200, stack(0x0000005432500000,0x0000005432600000)]
  0x000002532d54cca0 JavaThread "Daemon worker" [_thread_blocked, id=22552, stack(0x0000005432600000,0x0000005432700000)]
  0x000002532be77a20 JavaThread "Asynchronous log dispatcher for DefaultDaemonConnection: socket connection from /127.0.0.1:59580 to /127.0.0.1:59585" [_thread_blocked, id=22848, stack(0x0000005432700000,0x0000005432800000)]
  0x000002532be74a00 JavaThread "Stdin handler" [_thread_blocked, id=19120, stack(0x0000005432800000,0x0000005432900000)]
  0x000002532be76210 JavaThread "Daemon client event forwarder" [_thread_blocked, id=24356, stack(0x0000005432900000,0x0000005432a00000)]
  0x000002532be77080 JavaThread "Cache worker for journal cache (C:\Users\ruthk\.gradle\caches\journal-1)" [_thread_blocked, id=22736, stack(0x0000005432a00000,0x0000005432b00000)]
  0x000002532be766e0 JavaThread "File lock request listener" [_thread_in_native, id=22196, stack(0x0000005432b00000,0x0000005432c00000)]
  0x000002532be74ed0 JavaThread "Cache worker for file hash cache (C:\Users\ruthk\.gradle\caches\8.0\fileHashes)" [_thread_blocked, id=23324, stack(0x0000005432c00000,0x0000005432d00000)]
  0x000002532be75870 JavaThread "File watcher server" daemon [_thread_in_native, id=20848, stack(0x0000005432d00000,0x0000005432e00000)]
  0x000002532be753a0 JavaThread "File watcher consumer" daemon [_thread_blocked, id=4608, stack(0x0000005432e00000,0x0000005432f00000)]
  0x000002532be77550 JavaThread "Cache worker for checksums cache (C:\Users\ruthk\AndroidStudioProjects\Acceuil_Recp\.gradle\8.0\checksums)" [_thread_blocked, id=19176, stack(0x0000005432f00000,0x0000005433000000)]
  0x000002532be75d40 JavaThread "Cache worker for cache directory md-rule (C:\Users\ruthk\.gradle\caches\8.0\md-rule)" [_thread_blocked, id=22040, stack(0x0000005433000000,0x0000005433100000)]
  0x000002532be77ef0 JavaThread "Cache worker for file content cache (C:\Users\ruthk\.gradle\caches\8.0\fileContent)" [_thread_blocked, id=22536, stack(0x0000005433100000,0x0000005433200000)]
  0x000002532be76bb0 JavaThread "Cache worker for file hash cache (C:\Users\ruthk\AndroidStudioProjects\Acceuil_Recp\.gradle\8.0\fileHashes)" [_thread_blocked, id=22468, stack(0x0000005433200000,0x0000005433300000)]
  0x000002532be74530 JavaThread "Cache worker for cache directory md-supplier (C:\Users\ruthk\.gradle\caches\8.0\md-supplier)" [_thread_blocked, id=20388, stack(0x0000005433300000,0x0000005433400000)]
  0x000002532e837310 JavaThread "Cache worker for execution history cache (C:\Users\ruthk\.gradle\caches\8.0\executionHistory)" [_thread_blocked, id=21540, stack(0x0000005433400000,0x0000005433500000)]
  0x000002532e83b1a0 JavaThread "jar transforms" [_thread_blocked, id=23508, stack(0x0000005433500000,0x0000005433600000)]
  0x000002532e838650 JavaThread "jar transforms Thread 2" [_thread_blocked, id=17840, stack(0x0000005433600000,0x0000005433700000)]
  0x000002532e83ce80 JavaThread "jar transforms Thread 3" [_thread_blocked, id=17420, stack(0x0000005433800000,0x0000005433900000)]
  0x000002532e838ff0 JavaThread "jar transforms Thread 4" [_thread_blocked, id=19048, stack(0x0000005433900000,0x0000005433a00000)]
  0x000002532e83c010 JavaThread "Cache worker for dependencies-accessors (C:\Users\ruthk\AndroidStudioProjects\Acceuil_Recp\.gradle\8.0\dependencies-accessors)" [_thread_blocked, id=21652, stack(0x0000005433a00000,0x0000005433b00000)]
  0x000002532e835630 JavaThread "Cache worker for Build Output Cleanup Cache (C:\Users\ruthk\AndroidStudioProjects\Acceuil_Recp\.gradle\buildOutputCleanup)" [_thread_blocked, id=21828, stack(0x0000005433b00000,0x0000005433c00000)]
  0x000002532e83c9b0 JavaThread "Unconstrained build operations" [_thread_blocked, id=23672, stack(0x0000005433c00000,0x0000005433d00000)]
  0x000002532e839990 JavaThread "Unconstrained build operations Thread 2" [_thread_blocked, id=23580, stack(0x0000005433d00000,0x0000005433e00000)]
  0x000002532e836e40 JavaThread "Unconstrained build operations Thread 3" [_thread_blocked, id=17232, stack(0x0000005433e00000,0x0000005433f00000)]
  0x000002532e83a800 JavaThread "Unconstrained build operations Thread 4" [_thread_blocked, id=19532, stack(0x0000005433f00000,0x0000005434000000)]
  0x000002532e8364a0 JavaThread "Unconstrained build operations Thread 5" [_thread_blocked, id=21868, stack(0x0000005434000000,0x0000005434100000)]
  0x000002532e83b670 JavaThread "Unconstrained build operations Thread 6" [_thread_blocked, id=24468, stack(0x0000005434100000,0x0000005434200000)]
  0x000002532e839e60 JavaThread "Unconstrained build operations Thread 7" [_thread_blocked, id=24288, stack(0x0000005434200000,0x0000005434300000)]
  0x000002532e83bb40 JavaThread "Unconstrained build operations Thread 8" [_thread_blocked, id=14512, stack(0x0000005434300000,0x0000005434400000)]
  0x000002532e835b00 JavaThread "Unconstrained build operations Thread 9" [_thread_blocked, id=23708, stack(0x0000005434400000,0x0000005434500000)]
  0x000002532e8377e0 JavaThread "Unconstrained build operations Thread 10" [_thread_blocked, id=24420, stack(0x0000005434500000,0x0000005434600000)]
  0x000002532e837cb0 JavaThread "Unconstrained build operations Thread 11" [_thread_blocked, id=19628, stack(0x0000005434600000,0x0000005434700000)]
  0x000002532e8394c0 JavaThread "Unconstrained build operations Thread 12" [_thread_blocked, id=19112, stack(0x0000005434700000,0x0000005434800000)]
  0x000002532e835fd0 JavaThread "Unconstrained build operations Thread 13" [_thread_blocked, id=21452, stack(0x0000005434800000,0x0000005434900000)]
  0x000002532e83a330 JavaThread "Unconstrained build operations Thread 14" [_thread_blocked, id=22820, stack(0x0000005434900000,0x0000005434a00000)]
  0x000002532e836970 JavaThread "Unconstrained build operations Thread 15" [_thread_blocked, id=23668, stack(0x0000005434a00000,0x0000005434b00000)]
  0x000002532e855590 JavaThread "Unconstrained build operations Thread 16" [_thread_blocked, id=19148, stack(0x0000005434b00000,0x0000005434c00000)]
  0x000002532e855f30 JavaThread "Unconstrained build operations Thread 17" [_thread_blocked, id=20360, stack(0x0000005434c00000,0x0000005434d00000)]
  0x000002532e8580e0 JavaThread "Unconstrained build operations Thread 18" [_thread_blocked, id=23780, stack(0x0000005434d00000,0x0000005434e00000)]
  0x000002532e857740 JavaThread "Unconstrained build operations Thread 19" [_thread_blocked, id=23620, stack(0x0000005434e00000,0x0000005434f00000)]
  0x000002532e857270 JavaThread "Unconstrained build operations Thread 20" [_thread_blocked, id=17220, stack(0x0000005434f00000,0x0000005435000000)]
  0x000002532e856400 JavaThread "Unconstrained build operations Thread 21" [_thread_blocked, id=24000, stack(0x0000005435000000,0x0000005435100000)]
  0x000002532e855a60 JavaThread "Unconstrained build operations Thread 22" [_thread_blocked, id=22988, stack(0x0000005435100000,0x0000005435200000)]
  0x000002532e85a290 JavaThread "Unconstrained build operations Thread 23" [_thread_blocked, id=18348, stack(0x0000005435200000,0x0000005435300000)]
  0x000002532e857c10 JavaThread "Unconstrained build operations Thread 24" [_thread_blocked, id=23852, stack(0x0000005435300000,0x0000005435400000)]
  0x000002532e8585b0 JavaThread "Unconstrained build operations Thread 25" [_thread_blocked, id=9968, stack(0x0000005435400000,0x0000005435500000)]
  0x000002532e858a80 JavaThread "Unconstrained build operations Thread 26" [_thread_blocked, id=24060, stack(0x0000005435500000,0x0000005435600000)]
  0x000002532e858f50 JavaThread "Unconstrained build operations Thread 27" [_thread_blocked, id=19940, stack(0x0000005435600000,0x0000005435700000)]
  0x000002532e859420 JavaThread "Unconstrained build operations Thread 28" [_thread_blocked, id=16012, stack(0x0000005435700000,0x0000005435800000)]
  0x000002532e85c440 JavaThread "Unconstrained build operations Thread 29" [_thread_blocked, id=24048, stack(0x0000005435800000,0x0000005435900000)]
  0x000002532e8598f0 JavaThread "Unconstrained build operations Thread 30" [_thread_blocked, id=21264, stack(0x0000005435900000,0x0000005435a00000)]
  0x000002532e859dc0 JavaThread "Unconstrained build operations Thread 31" [_thread_blocked, id=23596, stack(0x0000005435a00000,0x0000005435b00000)]
  0x000002532e85c910 JavaThread "Unconstrained build operations Thread 32" [_thread_blocked, id=19388, stack(0x0000005435b00000,0x0000005435c00000)]
  0x000002532e85a760 JavaThread "Unconstrained build operations Thread 33" [_thread_blocked, id=22212, stack(0x0000005435c00000,0x0000005435d00000)]
  0x000002532e85ac30 JavaThread "Unconstrained build operations Thread 34" [_thread_blocked, id=23744, stack(0x0000005435d00000,0x0000005435e00000)]
  0x000002532e8568d0 JavaThread "Unconstrained build operations Thread 35" [_thread_blocked, id=5064, stack(0x0000005435e00000,0x0000005435f00000)]
  0x000002532e85b100 JavaThread "Unconstrained build operations Thread 36" [_thread_blocked, id=640, stack(0x0000005435f00000,0x0000005436000000)]
  0x000002532e85cde0 JavaThread "Unconstrained build operations Thread 37" [_thread_blocked, id=20272, stack(0x0000005436000000,0x0000005436100000)]
  0x000002532e856da0 JavaThread "Unconstrained build operations Thread 38" [_thread_blocked, id=12324, stack(0x0000005436100000,0x0000005436200000)]
  0x000002532e85baa0 JavaThread "Unconstrained build operations Thread 39" [_thread_blocked, id=23688, stack(0x0000005436200000,0x0000005436300000)]
  0x000002532e85b5d0 JavaThread "Unconstrained build operations Thread 40" [_thread_blocked, id=20720, stack(0x0000005436300000,0x0000005436400000)]
  0x000002532e85bf70 JavaThread "build event listener" [_thread_blocked, id=23816, stack(0x0000005436400000,0x0000005436500000)]
  0x000002533080af60 JavaThread "Memory manager" [_thread_blocked, id=23820, stack(0x0000005436500000,0x0000005436600000)]

Other Threads:
=>0x000002532afc67d0 VMThread "VM Thread" [stack: 0x0000005431000000,0x0000005431100000] [id=15628]
  0x000002532bd87900 WatcherThread [stack: 0x0000005431c00000,0x0000005431d00000] [id=22984]
  0x0000025311a762d0 GCTaskThread "GC Thread#0" [stack: 0x0000005430b00000,0x0000005430c00000] [id=23904]
  0x000002532c187be0 GCTaskThread "GC Thread#1" [stack: 0x0000005431d00000,0x0000005431e00000] [id=23724]
  0x000002532bf0f810 GCTaskThread "GC Thread#2" [stack: 0x0000005431e00000,0x0000005431f00000] [id=23032]
  0x000002532c9c65b0 GCTaskThread "GC Thread#3" [stack: 0x0000005431f00000,0x0000005432000000] [id=24220]
  0x0000025311a878c0 ConcurrentGCThread "G1 Main Marker" [stack: 0x0000005430c00000,0x0000005430d00000] [id=9792]
  0x0000025311a881e0 ConcurrentGCThread "G1 Conc#0" [stack: 0x0000005430d00000,0x0000005430e00000] [id=22584]
  0x0000025311aec0e0 ConcurrentGCThread "G1 Refine#0" [stack: 0x0000005430e00000,0x0000005430f00000] [id=23680]
  0x000002532e060930 ConcurrentGCThread "G1 Refine#1" [stack: 0x0000005433700000,0x0000005433800000] [id=23512]
  0x0000025311aeda20 ConcurrentGCThread "G1 Service" [stack: 0x0000005430f00000,0x0000005431000000] [id=22972]

Threads with active compile tasks:
C1 CompilerThread0    26100 6806       3       java.nio.HeapByteBuffer::compact (85 bytes)

VM state: at safepoint (normal execution)

VM Mutex/Monitor currently owned by a thread:  ([mutex/lock_event])
[0x0000025311a14500] Threads_lock - owner thread: 0x000002532afc67d0
[0x0000025311a13930] Heap_lock - owner thread: 0x000002532d54cca0

Heap address: 0x0000000080000000, size: 2048 MB, Compressed Oops mode: 32-bit

CDS archive(s) not mapped
Compressed class space mapped at: 0x0000000100000000-0x0000000140000000, reserved size: 1073741824
Narrow klass base: 0x0000000000000000, Narrow klass shift: 3, Narrow klass range: 0x140000000

GC Precious Log:
 CPUs: 4 total, 4 available
 Memory: 7101M
 Large Page Support: Disabled
 NUMA Support: Disabled
 Compressed Oops: Enabled (32-bit)
 Heap Region Size: 1M
 Heap Min Capacity: 8M
 Heap Initial Capacity: 112M
 Heap Max Capacity: 2G
 Pre-touch: Disabled
 Parallel Workers: 4
 Concurrent Workers: 1
 Concurrent Refinement Workers: 4
 Periodic GC: Disabled

Heap:
 garbage-first heap   total 114688K, used 53914K [0x0000000080000000, 0x0000000100000000)
  region size 1024K, 2 young (2048K), 2 survivors (2048K)
 Metaspace       used 66749K, committed 67328K, reserved 1114112K
  class space    used 8768K, committed 9024K, reserved 1048576K

Heap Regions: E=young(eden), S=young(survivor), O=old, HS=humongous(starts), HC=humongous(continues), CS=collection set, F=free, OA=open archive, CA=closed archive, TAMS=top-at-mark-start (previous, next)
|   0|0x0000000080000000, 0x0000000080100000, 0x0000000080100000|100%| O|  |TAMS 0x0000000080100000, 0x0000000080100000| Untracked 
|   1|0x0000000080100000, 0x0000000080200000, 0x0000000080200000|100%| O|  |TAMS 0x0000000080200000, 0x0000000080200000| Untracked 
|   2|0x0000000080200000, 0x0000000080300000, 0x0000000080300000|100%|HS|  |TAMS 0x0000000080300000, 0x0000000080300000| Complete 
|   3|0x0000000080300000, 0x0000000080400000, 0x0000000080400000|100%|HC|  |TAMS 0x0000000080400000, 0x0000000080400000| Complete 
|   4|0x0000000080400000, 0x0000000080500000, 0x0000000080500000|100%|HC|  |TAMS 0x0000000080500000, 0x0000000080500000| Complete 
|   5|0x0000000080500000, 0x0000000080600000, 0x0000000080600000|100%|HC|  |TAMS 0x0000000080600000, 0x0000000080600000| Complete 
|   6|0x0000000080600000, 0x0000000080700000, 0x0000000080700000|100%| O|  |TAMS 0x0000000080700000, 0x0000000080700000| Untracked 
|   7|0x0000000080700000, 0x0000000080800000, 0x0000000080800000|100%| O|  |TAMS 0x0000000080800000, 0x0000000080800000| Untracked 
|   8|0x0000000080800000, 0x0000000080900000, 0x0000000080900000|100%| O|  |TAMS 0x0000000080900000, 0x0000000080900000| Untracked 
|   9|0x0000000080900000, 0x0000000080a00000, 0x0000000080a00000|100%| O|  |TAMS 0x0000000080a00000, 0x0000000080a00000| Untracked 
|  10|0x0000000080a00000, 0x0000000080b00000, 0x0000000080b00000|100%| O|  |TAMS 0x0000000080b00000, 0x0000000080b00000| Untracked 
|  11|0x0000000080b00000, 0x0000000080b6b000, 0x0000000080c00000| 41%| O|  |TAMS 0x0000000080b6b000, 0x0000000080b6b000| Untracked 
|  12|0x0000000080c00000, 0x0000000080d00000, 0x0000000080d00000|100%| O|  |TAMS 0x0000000080d00000, 0x0000000080d00000| Untracked 
|  13|0x0000000080d00000, 0x0000000080e00000, 0x0000000080e00000|100%| O|  |TAMS 0x0000000080e00000, 0x0000000080e00000| Untracked 
|  14|0x0000000080e00000, 0x0000000080f00000, 0x0000000080f00000|100%| O|  |TAMS 0x0000000080f00000, 0x0000000080f00000| Untracked 
|  15|0x0000000080f00000, 0x0000000081000000, 0x0000000081000000|100%| O|  |TAMS 0x0000000081000000, 0x0000000081000000| Untracked 
|  16|0x0000000081000000, 0x0000000081100000, 0x0000000081100000|100%| O|  |TAMS 0x0000000081100000, 0x0000000081100000| Untracked 
|  17|0x0000000081100000, 0x0000000081200000, 0x0000000081200000|100%| O|  |TAMS 0x0000000081200000, 0x0000000081200000| Untracked 
|  18|0x0000000081200000, 0x0000000081300000, 0x0000000081300000|100%| O|  |TAMS 0x0000000081300000, 0x0000000081300000| Untracked 
|  19|0x0000000081300000, 0x0000000081400000, 0x0000000081400000|100%| O|  |TAMS 0x0000000081400000, 0x0000000081400000| Untracked 
|  20|0x0000000081400000, 0x0000000081500000, 0x0000000081500000|100%| O|  |TAMS 0x0000000081500000, 0x0000000081500000| Untracked 
|  21|0x0000000081500000, 0x0000000081600000, 0x0000000081600000|100%| O|  |TAMS 0x0000000081600000, 0x0000000081600000| Untracked 
|  22|0x0000000081600000, 0x0000000081700000, 0x0000000081700000|100%| O|  |TAMS 0x0000000081700000, 0x0000000081700000| Untracked 
|  23|0x0000000081700000, 0x0000000081800000, 0x0000000081800000|100%| O|  |TAMS 0x0000000081800000, 0x0000000081800000| Untracked 
|  24|0x0000000081800000, 0x0000000081900000, 0x0000000081900000|100%|HS|  |TAMS 0x0000000081900000, 0x0000000081900000| Complete 
|  25|0x0000000081900000, 0x0000000081a00000, 0x0000000081a00000|100%| O|  |TAMS 0x0000000081a00000, 0x0000000081a00000| Untracked 
|  26|0x0000000081a00000, 0x0000000081b00000, 0x0000000081b00000|100%| O|  |TAMS 0x0000000081b00000, 0x0000000081b00000| Untracked 
|  27|0x0000000081b00000, 0x0000000081c00000, 0x0000000081c00000|100%| O|  |TAMS 0x0000000081c00000, 0x0000000081c00000| Untracked 
|  28|0x0000000081c00000, 0x0000000081d00000, 0x0000000081d00000|100%| O|  |TAMS 0x0000000081d00000, 0x0000000081d00000| Untracked 
|  29|0x0000000081d00000, 0x0000000081e00000, 0x0000000081e00000|100%| O|  |TAMS 0x0000000081e00000, 0x0000000081e00000| Untracked 
|  30|0x0000000081e00000, 0x0000000081f00000, 0x0000000081f00000|100%| O|  |TAMS 0x0000000081f00000, 0x0000000081f00000| Untracked 
|  31|0x0000000081f00000, 0x0000000082000000, 0x0000000082000000|100%| O|  |TAMS 0x0000000082000000, 0x0000000082000000| Untracked 
|  32|0x0000000082000000, 0x0000000082100000, 0x0000000082100000|100%| O|  |TAMS 0x0000000082100000, 0x0000000082100000| Untracked 
|  33|0x0000000082100000, 0x0000000082200000, 0x0000000082200000|100%|HS|  |TAMS 0x0000000082200000, 0x0000000082200000| Complete 
|  34|0x0000000082200000, 0x0000000082300000, 0x0000000082300000|100%| O|  |TAMS 0x0000000082300000, 0x0000000082300000| Untracked 
|  35|0x0000000082300000, 0x0000000082400000, 0x0000000082400000|100%| O|  |TAMS 0x0000000082400000, 0x0000000082400000| Untracked 
|  36|0x0000000082400000, 0x0000000082500000, 0x0000000082500000|100%| O|  |TAMS 0x0000000082500000, 0x0000000082500000| Untracked 
|  37|0x0000000082500000, 0x0000000082600000, 0x0000000082600000|100%| O|  |TAMS 0x0000000082600000, 0x0000000082600000| Untracked 
|  38|0x0000000082600000, 0x0000000082700000, 0x0000000082700000|100%| O|  |TAMS 0x0000000082700000, 0x0000000082700000| Untracked 
|  39|0x0000000082700000, 0x0000000082800000, 0x0000000082800000|100%| O|  |TAMS 0x0000000082800000, 0x0000000082800000| Untracked 
|  40|0x0000000082800000, 0x0000000082900000, 0x0000000082900000|100%| O|  |TAMS 0x0000000082900000, 0x0000000082900000| Untracked 
|  41|0x0000000082900000, 0x0000000082a00000, 0x0000000082a00000|100%| O|  |TAMS 0x0000000082a00000, 0x0000000082a00000| Untracked 
|  42|0x0000000082a00000, 0x0000000082b00000, 0x0000000082b00000|100%| O|  |TAMS 0x0000000082b00000, 0x0000000082b00000| Untracked 
|  43|0x0000000082b00000, 0x0000000082c00000, 0x0000000082c00000|100%| O|  |TAMS 0x0000000082c00000, 0x0000000082c00000| Untracked 
|  44|0x0000000082c00000, 0x0000000082d00000, 0x0000000082d00000|100%| O|  |TAMS 0x0000000082d00000, 0x0000000082d00000| Untracked 
|  45|0x0000000082d00000, 0x0000000082e00000, 0x0000000082e00000|100%| O|  |TAMS 0x0000000082e00000, 0x0000000082e00000| Untracked 
|  46|0x0000000082e00000, 0x0000000082f00000, 0x0000000082f00000|100%| O|  |TAMS 0x0000000082e00000, 0x0000000082f00000| Untracked 
|  47|0x0000000082f00000, 0x0000000083000000, 0x0000000083000000|100%| O|  |TAMS 0x0000000082f00000, 0x0000000083000000| Untracked 
|  48|0x0000000083000000, 0x0000000083100000, 0x0000000083100000|100%| O|  |TAMS 0x0000000083000000, 0x0000000083071800| Untracked 
|  49|0x0000000083100000, 0x0000000083200000, 0x0000000083200000|100%| O|  |TAMS 0x0000000083100000, 0x0000000083100000| Untracked 
|  50|0x0000000083200000, 0x0000000083300000, 0x0000000083300000|100%| O|  |TAMS 0x0000000083200000, 0x0000000083200000| Untracked 
|  51|0x0000000083300000, 0x000000008331ca00, 0x0000000083400000| 11%| O|  |TAMS 0x0000000083300000, 0x0000000083300000| Untracked 
|  52|0x0000000083400000, 0x0000000083500000, 0x0000000083500000|100%| O|  |TAMS 0x00000000834a8400, 0x0000000083500000| Untracked 
|  53|0x0000000083500000, 0x0000000083500000, 0x0000000083600000|  0%| F|  |TAMS 0x0000000083500000, 0x0000000083500000| Untracked 
|  54|0x0000000083600000, 0x0000000083600000, 0x0000000083700000|  0%| F|  |TAMS 0x0000000083600000, 0x0000000083600000| Untracked 
|  55|0x0000000083700000, 0x0000000083700000, 0x0000000083800000|  0%| F|  |TAMS 0x0000000083700000, 0x0000000083700000| Untracked 
|  56|0x0000000083800000, 0x0000000083800000, 0x0000000083900000|  0%| F|  |TAMS 0x0000000083800000, 0x0000000083800000| Untracked 
|  57|0x0000000083900000, 0x0000000083900000, 0x0000000083a00000|  0%| F|  |TAMS 0x0000000083900000, 0x0000000083900000| Untracked 
|  58|0x0000000083a00000, 0x0000000083a00000, 0x0000000083b00000|  0%| F|  |TAMS 0x0000000083a00000, 0x0000000083a00000| Untracked 
|  59|0x0000000083b00000, 0x0000000083b00000, 0x0000000083c00000|  0%| F|  |TAMS 0x0000000083b00000, 0x0000000083b00000| Untracked 
|  60|0x0000000083c00000, 0x0000000083c00000, 0x0000000083d00000|  0%| F|  |TAMS 0x0000000083c00000, 0x0000000083c00000| Untracked 
|  61|0x0000000083d00000, 0x0000000083d00000, 0x0000000083e00000|  0%| F|  |TAMS 0x0000000083d00000, 0x0000000083d00000| Untracked 
|  62|0x0000000083e00000, 0x0000000083e00000, 0x0000000083f00000|  0%| F|  |TAMS 0x0000000083e00000, 0x0000000083e00000| Untracked 
|  63|0x0000000083f00000, 0x0000000083f00000, 0x0000000084000000|  0%| F|  |TAMS 0x0000000083f00000, 0x0000000083f00000| Untracked 
|  64|0x0000000084000000, 0x0000000084000000, 0x0000000084100000|  0%| F|  |TAMS 0x0000000084000000, 0x0000000084000000| Untracked 
|  65|0x0000000084100000, 0x0000000084100000, 0x0000000084200000|  0%| F|  |TAMS 0x0000000084100000, 0x0000000084100000| Untracked 
|  66|0x0000000084200000, 0x0000000084200000, 0x0000000084300000|  0%| F|  |TAMS 0x0000000084200000, 0x0000000084200000| Untracked 
|  67|0x0000000084300000, 0x0000000084300000, 0x0000000084400000|  0%| F|  |TAMS 0x0000000084300000, 0x0000000084300000| Untracked 
|  68|0x0000000084400000, 0x0000000084400000, 0x0000000084500000|  0%| F|  |TAMS 0x0000000084400000, 0x0000000084400000| Untracked 
|  69|0x0000000084500000, 0x0000000084500000, 0x0000000084600000|  0%| F|  |TAMS 0x0000000084500000, 0x0000000084500000| Untracked 
|  70|0x0000000084600000, 0x0000000084600000, 0x0000000084700000|  0%| F|  |TAMS 0x0000000084600000, 0x0000000084600000| Untracked 
|  71|0x0000000084700000, 0x0000000084700000, 0x0000000084800000|  0%| F|  |TAMS 0x0000000084700000, 0x0000000084700000| Untracked 
|  72|0x0000000084800000, 0x0000000084800000, 0x0000000084900000|  0%| F|  |TAMS 0x0000000084800000, 0x0000000084800000| Untracked 
|  73|0x0000000084900000, 0x0000000084900000, 0x0000000084a00000|  0%| F|  |TAMS 0x0000000084900000, 0x0000000084900000| Untracked 
|  74|0x0000000084a00000, 0x0000000084a00000, 0x0000000084b00000|  0%| F|  |TAMS 0x0000000084a00000, 0x0000000084a00000| Untracked 
|  75|0x0000000084b00000, 0x0000000084b00000, 0x0000000084c00000|  0%| F|  |TAMS 0x0000000084b00000, 0x0000000084b00000| Untracked 
|  76|0x0000000084c00000, 0x0000000084c00000, 0x0000000084d00000|  0%| F|  |TAMS 0x0000000084c00000, 0x0000000084c00000| Untracked 
|  77|0x0000000084d00000, 0x0000000084d00000, 0x0000000084e00000|  0%| F|  |TAMS 0x0000000084d00000, 0x0000000084d00000| Untracked 
|  78|0x0000000084e00000, 0x0000000084e00000, 0x0000000084f00000|  0%| F|  |TAMS 0x0000000084e00000, 0x0000000084e00000| Untracked 
|  79|0x0000000084f00000, 0x0000000084f00000, 0x0000000085000000|  0%| F|  |TAMS 0x0000000084f00000, 0x0000000084f00000| Untracked 
|  80|0x0000000085000000, 0x0000000085000000, 0x0000000085100000|  0%| F|  |TAMS 0x0000000085000000, 0x0000000085000000| Untracked 
|  81|0x0000000085100000, 0x0000000085100000, 0x0000000085200000|  0%| F|  |TAMS 0x0000000085100000, 0x0000000085100000| Untracked 
|  82|0x0000000085200000, 0x0000000085200000, 0x0000000085300000|  0%| F|  |TAMS 0x0000000085200000, 0x0000000085200000| Untracked 
|  83|0x0000000085300000, 0x0000000085300000, 0x0000000085400000|  0%| F|  |TAMS 0x0000000085300000, 0x0000000085300000| Untracked 
|  84|0x0000000085400000, 0x0000000085400000, 0x0000000085500000|  0%| F|  |TAMS 0x0000000085400000, 0x0000000085400000| Untracked 
|  85|0x0000000085500000, 0x0000000085500000, 0x0000000085600000|  0%| F|  |TAMS 0x0000000085500000, 0x0000000085500000| Untracked 
|  86|0x0000000085600000, 0x0000000085600000, 0x0000000085700000|  0%| F|  |TAMS 0x0000000085600000, 0x0000000085600000| Untracked 
|  87|0x0000000085700000, 0x0000000085700000, 0x0000000085800000|  0%| F|  |TAMS 0x0000000085700000, 0x0000000085700000| Untracked 
|  88|0x0000000085800000, 0x0000000085800000, 0x0000000085900000|  0%| F|  |TAMS 0x0000000085800000, 0x0000000085800000| Untracked 
|  89|0x0000000085900000, 0x0000000085900000, 0x0000000085a00000|  0%| F|  |TAMS 0x0000000085900000, 0x0000000085900000| Untracked 
|  90|0x0000000085a00000, 0x0000000085a00000, 0x0000000085b00000|  0%| F|  |TAMS 0x0000000085a00000, 0x0000000085a00000| Untracked 
|  91|0x0000000085b00000, 0x0000000085b00000, 0x0000000085c00000|  0%| F|  |TAMS 0x0000000085b00000, 0x0000000085b00000| Untracked 
|  92|0x0000000085c00000, 0x0000000085c1ee38, 0x0000000085d00000| 12%| S|CS|TAMS 0x0000000085c00000, 0x0000000085c00000| Complete 
|  93|0x0000000085d00000, 0x0000000085e00000, 0x0000000085e00000|100%| S|CS|TAMS 0x0000000085d00000, 0x0000000085d00000| Complete 
|  94|0x0000000085e00000, 0x0000000085e00000, 0x0000000085f00000|  0%| F|  |TAMS 0x0000000085e00000, 0x0000000085e00000| Untracked 
|  95|0x0000000085f00000, 0x0000000085f00000, 0x0000000086000000|  0%| F|  |TAMS 0x0000000085f00000, 0x0000000085f00000| Untracked 
|  96|0x0000000086000000, 0x0000000086000000, 0x0000000086100000|  0%| F|  |TAMS 0x0000000086000000, 0x0000000086000000| Untracked 
|  97|0x0000000086100000, 0x0000000086100000, 0x0000000086200000|  0%| F|  |TAMS 0x0000000086100000, 0x0000000086100000| Untracked 
|  98|0x0000000086200000, 0x0000000086200000, 0x0000000086300000|  0%| F|  |TAMS 0x0000000086200000, 0x0000000086200000| Untracked 
|  99|0x0000000086300000, 0x0000000086300000, 0x0000000086400000|  0%| F|  |TAMS 0x0000000086300000, 0x0000000086300000| Untracked 
| 100|0x0000000086400000, 0x0000000086400000, 0x0000000086500000|  0%| F|  |TAMS 0x0000000086400000, 0x0000000086400000| Untracked 
| 101|0x0000000086500000, 0x0000000086500000, 0x0000000086600000|  0%| F|  |TAMS 0x0000000086500000, 0x0000000086500000| Untracked 
| 102|0x0000000086600000, 0x0000000086600000, 0x0000000086700000|  0%| F|  |TAMS 0x0000000086600000, 0x0000000086600000| Untracked 
| 103|0x0000000086700000, 0x0000000086700000, 0x0000000086800000|  0%| F|  |TAMS 0x0000000086700000, 0x0000000086700000| Untracked 
| 104|0x0000000086800000, 0x0000000086800000, 0x0000000086900000|  0%| F|  |TAMS 0x0000000086800000, 0x0000000086800000| Untracked 
| 105|0x0000000086900000, 0x0000000086900000, 0x0000000086a00000|  0%| F|  |TAMS 0x0000000086900000, 0x0000000086900000| Untracked 
| 106|0x0000000086a00000, 0x0000000086a00000, 0x0000000086b00000|  0%| F|  |TAMS 0x0000000086a00000, 0x0000000086a00000| Untracked 
| 107|0x0000000086b00000, 0x0000000086b00000, 0x0000000086c00000|  0%| F|  |TAMS 0x0000000086b00000, 0x0000000086b00000| Untracked 
| 108|0x0000000086c00000, 0x0000000086c00000, 0x0000000086d00000|  0%| F|  |TAMS 0x0000000086c00000, 0x0000000086c00000| Untracked 
| 109|0x0000000086d00000, 0x0000000086d00000, 0x0000000086e00000|  0%| F|  |TAMS 0x0000000086d00000, 0x0000000086d00000| Untracked 
| 110|0x0000000086e00000, 0x0000000086e00000, 0x0000000086f00000|  0%| F|  |TAMS 0x0000000086e00000, 0x0000000086e00000| Untracked 
| 111|0x0000000086f00000, 0x0000000086f00000, 0x0000000087000000|  0%| F|  |TAMS 0x0000000086f00000, 0x0000000086f00000| Untracked 

Card table byte_map: [0x00000253242f0000,0x00000253246f0000] _byte_map_base: 0x0000025323ef0000

Marking Bits (Prev, Next): (CMBitMap*) 0x0000025311a767f0, (CMBitMap*) 0x0000025311a76830
 Prev Bits: [0x0000025324af0000, 0x0000025326af0000)
 Next Bits: [0x0000025326af0000, 0x0000025328af0000)

Polling page: 0x000002530f950000

Metaspace:

Usage:
  Non-class:     56.62 MB used.
      Class:      8.56 MB used.
       Both:     65.19 MB used.

Virtual space:
  Non-class space:       64.00 MB reserved,      56.94 MB ( 89%) committed,  8 nodes.
      Class space:        1.00 GB reserved,       8.81 MB ( <1%) committed,  1 nodes.
             Both:        1.06 GB reserved,      65.75 MB (  6%) committed. 

Chunk freelists:
   Non-Class:  2.80 MB
       Class:  3.14 MB
        Both:  5.94 MB

MaxMetaspaceSize: unlimited
CompressedClassSpaceSize: 1.00 GB
Initial GC threshold: 21.00 MB
Current GC threshold: 108.25 MB
CDS: off
MetaspaceReclaimPolicy: balanced
 - commit_granule_bytes: 65536.
 - commit_granule_words: 8192.
 - virtual_space_node_default_size: 1048576.
 - enlarge_chunks_in_place: 1.
 - new_chunks_are_fully_committed: 0.
 - uncommit_free_chunks: 1.
 - use_allocation_guard: 0.
 - handle_deallocations: 1.


Internal statistics:

num_allocs_failed_limit: 6.
num_arena_births: 614.
num_arena_deaths: 0.
num_vsnodes_births: 9.
num_vsnodes_deaths: 0.
num_space_committed: 1052.
num_space_uncommitted: 0.
num_chunks_returned_to_freelist: 6.
num_chunks_taken_from_freelist: 2771.
num_chunk_merges: 6.
num_chunk_splits: 1864.
num_chunks_enlarged: 1281.
num_purges: 0.
num_inconsistent_stats: 0.

CodeHeap 'non-profiled nmethods': size=120000Kb used=2854Kb max_used=3383Kb free=117145Kb
 bounds [0x000002531c9c0000, 0x000002531cd10000, 0x0000025323ef0000]
CodeHeap 'profiled nmethods': size=120000Kb used=11515Kb max_used=12732Kb free=108484Kb
 bounds [0x0000025314ef0000, 0x0000025315b60000, 0x000002531c420000]
CodeHeap 'non-nmethods': size=5760Kb used=2350Kb max_used=2388Kb free=3410Kb
 bounds [0x000002531c420000, 0x000002531c690000, 0x000002531c9c0000]
 total_blobs=6806 nmethods=5931 adapters=787
 compilation: enabled
              stopped_count=0, restarted_count=0
 full_count=0

Compilation events (20 events):
Event: 26.019 Thread 0x000002532b0170c0 nmethod 6667 0x000002531ca05210 code [0x000002531ca054e0, 0x000002531ca07eb0]
Event: 26.020 Thread 0x000002532b0170c0 6767       4       org.gradle.tooling.internal.provider.runner.BuildOperationTracker::discardState (1 bytes)
Event: 26.020 Thread 0x000002532b0170c0 nmethod 6767 0x000002531ca1fd10 code [0x000002531ca1fe80, 0x000002531ca1fef8]
Event: 26.020 Thread 0x000002532b018a80 6798       3       java.io.FilterInputStream::read (11 bytes)
Event: 26.021 Thread 0x000002532b0170c0 6800       4       java.lang.AbstractStringBuilder::appendChars (130 bytes)
Event: 26.021 Thread 0x000002532b018a80 nmethod 6798 0x0000025314fb4390 code [0x0000025314fb4540, 0x0000025314fb4708]
Event: 26.021 Thread 0x000002532b018a80 6799       1       java.util.zip.ZipFile$ZipFileInputStream::size (5 bytes)
Event: 26.021 Thread 0x000002532b018a80 nmethod 6799 0x000002531ca04f10 code [0x000002531ca050a0, 0x000002531ca05178]
Event: 26.021 Thread 0x000002532b018a80 6804       3       java.lang.System$2::decodeASCII (11 bytes)
Event: 26.021 Thread 0x000002532b018a80 nmethod 6804 0x00000253153e3990 code [0x00000253153e3b20, 0x00000253153e3c68]
Event: 26.021 Thread 0x000002532b018a80 6803       3       java.lang.String::decodeASCII (64 bytes)
Event: 26.021 Thread 0x000002532b018a80 nmethod 6803 0x00000253154b6c90 code [0x00000253154b6e60, 0x00000253154b71b8]
Event: 26.021 Thread 0x000002532b018a80 6801       3       java.io.InputStreamReader::read (11 bytes)
Event: 26.022 Thread 0x000002532b018a80 nmethod 6801 0x00000253154b6890 code [0x00000253154b6a40, 0x00000253154b6ba8]
Event: 26.022 Thread 0x000002532b018a80 6802   !   3       sun.nio.cs.StreamDecoder::read (196 bytes)
Event: 26.023 Thread 0x000002532b018a80 nmethod 6802 0x00000253154c4f90 code [0x00000253154c5200, 0x00000253154c5e08]
Event: 26.025 Thread 0x000002532b018a80 6805   !   3       sun.nio.cs.StreamDecoder::readBytes (271 bytes)
Event: 26.027 Thread 0x000002532b018a80 nmethod 6805 0x0000025315044910 code [0x0000025315044c20, 0x0000025315045c08]
Event: 26.027 Thread 0x000002532b018a80 6806       3       java.nio.HeapByteBuffer::compact (85 bytes)
Event: 26.027 Thread 0x000002532b0170c0 nmethod 6800 0x000002531ca04910 code [0x000002531ca04a80, 0x000002531ca04db8]

GC Heap History (20 events):
Event: 14.552 GC heap after
{Heap after GC invocations=12 (full 0):
 garbage-first heap   total 82944K, used 32219K [0x0000000080000000, 0x0000000100000000)
  region size 1024K, 4 young (4096K), 4 survivors (4096K)
 Metaspace       used 43914K, committed 44224K, reserved 1089536K
  class space    used 5775K, committed 5888K, reserved 1048576K
}
Event: 15.998 GC heap before
{Heap before GC invocations=12 (full 0):
 garbage-first heap   total 82944K, used 62939K [0x0000000080000000, 0x0000000100000000)
  region size 1024K, 33 young (33792K), 4 survivors (4096K)
 Metaspace       used 48380K, committed 48832K, reserved 1097728K
  class space    used 6391K, committed 6592K, reserved 1048576K
}
Event: 16.008 GC heap after
{Heap after GC invocations=13 (full 0):
 garbage-first heap   total 82944K, used 33955K [0x0000000080000000, 0x0000000100000000)
  region size 1024K, 2 young (2048K), 2 survivors (2048K)
 Metaspace       used 48380K, committed 48832K, reserved 1097728K
  class space    used 6391K, committed 6592K, reserved 1048576K
}
Event: 17.993 GC heap before
{Heap before GC invocations=13 (full 0):
 garbage-first heap   total 82944K, used 63651K [0x0000000080000000, 0x0000000100000000)
  region size 1024K, 31 young (31744K), 2 survivors (2048K)
 Metaspace       used 51371K, committed 51840K, reserved 1097728K
  class space    used 6789K, committed 6976K, reserved 1048576K
}
Event: 18.002 GC heap after
{Heap after GC invocations=14 (full 0):
 garbage-first heap   total 82944K, used 35963K [0x0000000080000000, 0x0000000100000000)
  region size 1024K, 4 young (4096K), 4 survivors (4096K)
 Metaspace       used 51371K, committed 51840K, reserved 1097728K
  class space    used 6789K, committed 6976K, reserved 1048576K
}
Event: 20.973 GC heap before
{Heap before GC invocations=14 (full 0):
 garbage-first heap   total 82944K, used 66683K [0x0000000080000000, 0x0000000100000000)
  region size 1024K, 32 young (32768K), 4 survivors (4096K)
 Metaspace       used 52801K, committed 53312K, reserved 1097728K
  class space    used 6948K, committed 7168K, reserved 1048576K
}
Event: 20.982 GC heap after
{Heap after GC invocations=15 (full 0):
 garbage-first heap   total 82944K, used 44384K [0x0000000080000000, 0x0000000100000000)
  region size 1024K, 4 young (4096K), 4 survivors (4096K)
 Metaspace       used 52801K, committed 53312K, reserved 1097728K
  class space    used 6948K, committed 7168K, reserved 1048576K
}
Event: 22.346 GC heap before
{Heap before GC invocations=15 (full 0):
 garbage-first heap   total 82944K, used 62816K [0x0000000080000000, 0x0000000100000000)
  region size 1024K, 22 young (22528K), 4 survivors (4096K)
 Metaspace       used 55293K, committed 55744K, reserved 1105920K
  class space    used 7294K, committed 7488K, reserved 1048576K
}
Event: 22.356 GC heap after
{Heap after GC invocations=16 (full 0):
 garbage-first heap   total 82944K, used 45781K [0x0000000080000000, 0x0000000100000000)
  region size 1024K, 2 young (2048K), 2 survivors (2048K)
 Metaspace       used 55293K, committed 55744K, reserved 1105920K
  class space    used 7294K, committed 7488K, reserved 1048576K
}
Event: 23.103 GC heap before
{Heap before GC invocations=17 (full 0):
 garbage-first heap   total 82944K, used 62165K [0x0000000080000000, 0x0000000100000000)
  region size 1024K, 19 young (19456K), 2 survivors (2048K)
 Metaspace       used 58154K, committed 58624K, reserved 1105920K
  class space    used 7658K, committed 7872K, reserved 1048576K
}
Event: 23.108 GC heap after
{Heap after GC invocations=18 (full 0):
 garbage-first heap   total 82944K, used 46030K [0x0000000080000000, 0x0000000100000000)
  region size 1024K, 2 young (2048K), 2 survivors (2048K)
 Metaspace       used 58154K, committed 58624K, reserved 1105920K
  class space    used 7658K, committed 7872K, reserved 1048576K
}
Event: 23.948 GC heap before
{Heap before GC invocations=18 (full 0):
 garbage-first heap   total 82944K, used 64462K [0x0000000080000000, 0x0000000100000000)
  region size 1024K, 20 young (20480K), 2 survivors (2048K)
 Metaspace       used 61214K, committed 61696K, reserved 1105920K
  class space    used 8108K, committed 8320K, reserved 1048576K
}
Event: 23.957 GC heap after
{Heap after GC invocations=19 (full 0):
 garbage-first heap   total 82944K, used 47300K [0x0000000080000000, 0x0000000100000000)
  region size 1024K, 3 young (3072K), 3 survivors (3072K)
 Metaspace       used 61214K, committed 61696K, reserved 1105920K
  class space    used 8108K, committed 8320K, reserved 1048576K
}
Event: 24.629 GC heap before
{Heap before GC invocations=20 (full 0):
 garbage-first heap   total 83968K, used 50372K [0x0000000080000000, 0x0000000100000000)
  region size 1024K, 7 young (7168K), 3 survivors (3072K)
 Metaspace       used 62538K, committed 63040K, reserved 1105920K
  class space    used 8252K, committed 8448K, reserved 1048576K
}
Event: 24.636 GC heap after
{Heap after GC invocations=21 (full 0):
 garbage-first heap   total 83968K, used 48411K [0x0000000080000000, 0x0000000100000000)
  region size 1024K, 3 young (3072K), 3 survivors (3072K)
 Metaspace       used 62538K, committed 63040K, reserved 1105920K
  class space    used 8252K, committed 8448K, reserved 1048576K
}
Event: 24.916 GC heap before
{Heap before GC invocations=22 (full 0):
 garbage-first heap   total 106496K, used 70939K [0x0000000080000000, 0x0000000100000000)
  region size 1024K, 20 young (20480K), 3 survivors (3072K)
 Metaspace       used 63317K, committed 63808K, reserved 1105920K
  class space    used 8368K, committed 8576K, reserved 1048576K
}
Event: 24.922 GC heap after
{Heap after GC invocations=23 (full 0):
 garbage-first heap   total 106496K, used 50219K [0x0000000080000000, 0x0000000100000000)
  region size 1024K, 3 young (3072K), 3 survivors (3072K)
 Metaspace       used 63317K, committed 63808K, reserved 1105920K
  class space    used 8368K, committed 8576K, reserved 1048576K
}
Event: 25.737 GC heap before
{Heap before GC invocations=23 (full 0):
 garbage-first heap   total 106496K, used 77867K [0x0000000080000000, 0x0000000100000000)
  region size 1024K, 30 young (30720K), 3 survivors (3072K)
 Metaspace       used 65555K, committed 66048K, reserved 1114112K
  class space    used 8630K, committed 8832K, reserved 1048576K
}
Event: 25.746 GC heap after
{Heap after GC invocations=24 (full 0):
 garbage-first heap   total 106496K, used 52730K [0x0000000080000000, 0x0000000100000000)
  region size 1024K, 3 young (3072K), 3 survivors (3072K)
 Metaspace       used 65555K, committed 66048K, reserved 1114112K
  class space    used 8630K, committed 8832K, reserved 1048576K
}
Event: 26.027 GC heap before
{Heap before GC invocations=25 (full 0):
 garbage-first heap   total 106496K, used 61946K [0x0000000080000000, 0x0000000100000000)
  region size 1024K, 13 young (13312K), 3 survivors (3072K)
 Metaspace       used 66749K, committed 67328K, reserved 1114112K
  class space    used 8768K, committed 9024K, reserved 1048576K
}

Dll operation events (2 events):
Event: 0.052 Loaded shared library C:\Program Files\Android\Android Studio\jbr\bin\java.dll
Event: 1.774 Loaded shared library C:\Program Files\Android\Android Studio\jbr\bin\verify.dll

Deoptimization events (20 events):
Event: 26.025 Thread 0x000002532d54cca0 DEOPT PACKING pc=0x00000253153c36cb sp=0x00000054326f64a0
Event: 26.025 Thread 0x000002532d54cca0 DEOPT UNPACKING pc=0x000002531c477143 sp=0x00000054326f5950 mode 0
Event: 26.025 Thread 0x000002532d54cca0 DEOPT PACKING pc=0x00000253153c36cb sp=0x00000054326f64a0
Event: 26.025 Thread 0x000002532d54cca0 DEOPT UNPACKING pc=0x000002531c477143 sp=0x00000054326f5950 mode 0
Event: 26.026 Thread 0x000002532d54cca0 DEOPT PACKING pc=0x00000253153c36cb sp=0x00000054326f64a0
Event: 26.026 Thread 0x000002532d54cca0 DEOPT UNPACKING pc=0x000002531c477143 sp=0x00000054326f5950 mode 0
Event: 26.026 Thread 0x000002532d54cca0 DEOPT PACKING pc=0x00000253153c36cb sp=0x00000054326f64a0
Event: 26.026 Thread 0x000002532d54cca0 DEOPT UNPACKING pc=0x000002531c477143 sp=0x00000054326f5950 mode 0
Event: 26.026 Thread 0x000002532d54cca0 DEOPT PACKING pc=0x00000253153c36cb sp=0x00000054326f64a0
Event: 26.026 Thread 0x000002532d54cca0 DEOPT UNPACKING pc=0x000002531c477143 sp=0x00000054326f5950 mode 0
Event: 26.026 Thread 0x000002532d54cca0 DEOPT PACKING pc=0x00000253153c36cb sp=0x00000054326f64a0
Event: 26.026 Thread 0x000002532d54cca0 DEOPT UNPACKING pc=0x000002531c477143 sp=0x00000054326f5950 mode 0
Event: 26.026 Thread 0x000002532d54cca0 DEOPT PACKING pc=0x00000253153c36cb sp=0x00000054326f64a0
Event: 26.026 Thread 0x000002532d54cca0 DEOPT UNPACKING pc=0x000002531c477143 sp=0x00000054326f5950 mode 0
Event: 26.026 Thread 0x000002532d54cca0 DEOPT PACKING pc=0x00000253153c36cb sp=0x00000054326f64a0
Event: 26.026 Thread 0x000002532d54cca0 DEOPT UNPACKING pc=0x000002531c477143 sp=0x00000054326f5950 mode 0
Event: 26.027 Thread 0x000002532d54cca0 DEOPT PACKING pc=0x00000253153c36cb sp=0x00000054326f64a0
Event: 26.027 Thread 0x000002532d54cca0 DEOPT UNPACKING pc=0x000002531c477143 sp=0x00000054326f5950 mode 0
Event: 26.027 Thread 0x000002532d54cca0 DEOPT PACKING pc=0x00000253153c36cb sp=0x00000054326f64a0
Event: 26.027 Thread 0x000002532d54cca0 DEOPT UNPACKING pc=0x000002531c477143 sp=0x00000054326f5950 mode 0

Classes unloaded (0 events):
No events

Classes redefined (0 events):
No events

Internal exceptions (20 events):
Event: 23.603 Thread 0x000002532d54cca0 Implicit null exception at 0x000002531cc7fa59 to 0x000002531cc7fbf0
Event: 23.603 Thread 0x000002532d54cca0 Implicit null exception at 0x000002531cc79452 to 0x000002531cc7b01c
Event: 24.447 Thread 0x000002532d54cca0 Implicit null exception at 0x000002531cb60c8c to 0x000002531cb60dc2
Event: 24.849 Thread 0x000002532d54cca0 Exception <a 'sun/nio/fs/WindowsException'{0x00000000862278f8}> (0x00000000862278f8) 
thrown [s\src\hotspot\share\prims\jni.cpp, line 517]
Event: 25.470 Thread 0x000002532d54cca0 Exception <a 'java/lang/ClassNotFoundException'{0x00000000850a3b08}: org/gradle/api/internal/project/DefaultProject_DecoratedBeanInfo> (0x00000000850a3b08) 
thrown [s\src\hotspot\share\classfile\systemDictionary.cpp, line 256]
Event: 25.471 Thread 0x000002532d54cca0 Exception <a 'java/lang/ClassNotFoundException'{0x00000000850bb160}: org/gradle/api/internal/project/DefaultProjectBeanInfo> (0x00000000850bb160) 
thrown [s\src\hotspot\share\classfile\systemDictionary.cpp, line 256]
Event: 25.472 Thread 0x000002532d54cca0 Exception <a 'java/lang/ClassNotFoundException'{0x00000000850d2be8}: org/gradle/api/internal/project/DefaultProjectCustomizer> (0x00000000850d2be8) 
thrown [s\src\hotspot\share\classfile\systemDictionary.cpp, line 256]
Event: 25.516 Thread 0x000002532d54cca0 Exception <a 'java/lang/ClassNotFoundException'{0x0000000084f86ef8}: org/gradle/api/internal/project/DefaultProject_DecoratedCustomizer> (0x0000000084f86ef8) 
thrown [s\src\hotspot\share\classfile\systemDictionary.cpp, line 256]
Event: 25.551 Thread 0x000002532d54cca0 Exception <a 'java/lang/ClassNotFoundException'{0x0000000084e6a470}: org/gradle/api/plugins/internal/DefaultBasePluginConvention_DecoratedBeanInfo> (0x0000000084e6a470) 
thrown [s\src\hotspot\share\classfile\systemDictionary.cpp, line 256]
Event: 25.552 Thread 0x000002532d54cca0 Exception <a 'java/lang/ClassNotFoundException'{0x0000000084e85aa8}: org/gradle/api/plugins/internal/DefaultBasePluginConventionBeanInfo> (0x0000000084e85aa8) 
thrown [s\src\hotspot\share\classfile\systemDictionary.cpp, line 256]
Event: 25.553 Thread 0x000002532d54cca0 Exception <a 'java/lang/ClassNotFoundException'{0x0000000084ea03f0}: org/gradle/api/plugins/BasePluginConventionBeanInfo> (0x0000000084ea03f0) 
thrown [s\src\hotspot\share\classfile\systemDictionary.cpp, line 256]
Event: 25.554 Thread 0x000002532d54cca0 Exception <a 'java/lang/ClassNotFoundException'{0x0000000084ebad00}: org/gradle/api/plugins/BasePluginConventionCustomizer> (0x0000000084ebad00) 
thrown [s\src\hotspot\share\classfile\systemDictionary.cpp, line 256]
Event: 25.573 Thread 0x000002532d54cca0 Exception <a 'java/lang/ClassNotFoundException'{0x0000000084ee00f0}: org/gradle/api/plugins/internal/DefaultBasePluginConventionCustomizer> (0x0000000084ee00f0) 
thrown [s\src\hotspot\share\classfile\systemDictionary.cpp, line 256]
Event: 25.578 Thread 0x000002532d54cca0 Exception <a 'java/lang/ClassNotFoundException'{0x0000000084d0e1b8}: org/gradle/api/plugins/internal/DefaultBasePluginConvention_DecoratedCustomizer> (0x0000000084d0e1b8) 
thrown [s\src\hotspot\share\classfile\systemDictionary.cpp, line 256]
Event: 25.636 Thread 0x000002532d54cca0 Exception <a 'java/lang/ClassNotFoundException'{0x0000000084d822a8}: org/gradle/api/plugins/internal/DefaultJavaPluginConvention_DecoratedBeanInfo> (0x0000000084d822a8) 
thrown [s\src\hotspot\share\classfile\systemDictionary.cpp, line 256]
Event: 25.637 Thread 0x000002532d54cca0 Exception <a 'java/lang/ClassNotFoundException'{0x0000000084d9d5b8}: org/gradle/api/plugins/internal/DefaultJavaPluginConventionBeanInfo> (0x0000000084d9d5b8) 
thrown [s\src\hotspot\share\classfile\systemDictionary.cpp, line 256]
Event: 25.638 Thread 0x000002532d54cca0 Exception <a 'java/lang/ClassNotFoundException'{0x0000000084db7f00}: org/gradle/api/plugins/JavaPluginConventionBeanInfo> (0x0000000084db7f00) 
thrown [s\src\hotspot\share\classfile\systemDictionary.cpp, line 256]
Event: 25.640 Thread 0x000002532d54cca0 Exception <a 'java/lang/ClassNotFoundException'{0x0000000084dd2810}: org/gradle/api/plugins/JavaPluginConventionCustomizer> (0x0000000084dd2810) 
thrown [s\src\hotspot\share\classfile\systemDictionary.cpp, line 256]
Event: 25.645 Thread 0x000002532d54cca0 Exception <a 'java/lang/ClassNotFoundException'{0x0000000084c01d38}: org/gradle/api/plugins/internal/DefaultJavaPluginConventionCustomizer> (0x0000000084c01d38) 
thrown [s\src\hotspot\share\classfile\systemDictionary.cpp, line 256]
Event: 25.653 Thread 0x000002532d54cca0 Exception <a 'java/lang/ClassNotFoundException'{0x0000000084c43a50}: org/gradle/api/plugins/internal/DefaultJavaPluginConvention_DecoratedCustomizer> (0x0000000084c43a50) 
thrown [s\src\hotspot\share\classfile\systemDictionary.cpp, line 256]

VM Operations (20 events):
Event: 24.617 Executing VM operation: HandshakeAllThreads done
Event: 24.629 Executing VM operation: G1TryInitiateConcMark
Event: 24.636 Executing VM operation: G1TryInitiateConcMark done
Event: 24.681 Executing VM operation: HandshakeAllThreads
Event: 24.681 Executing VM operation: HandshakeAllThreads done
Event: 24.712 Executing VM operation: G1Concurrent
Event: 24.716 Executing VM operation: G1Concurrent done
Event: 24.751 Executing VM operation: G1Concurrent
Event: 24.751 Executing VM operation: G1Concurrent done
Event: 24.907 Executing VM operation: HandshakeAllThreads
Event: 24.916 Executing VM operation: HandshakeAllThreads done
Event: 24.916 Executing VM operation: G1CollectForAllocation
Event: 24.922 Executing VM operation: G1CollectForAllocation done
Event: 25.737 Executing VM operation: G1CollectForAllocation
Event: 25.746 Executing VM operation: G1CollectForAllocation done
Event: 25.836 Executing VM operation: G1Concurrent
Event: 25.842 Executing VM operation: G1Concurrent done
Event: 25.875 Executing VM operation: G1Concurrent
Event: 25.875 Executing VM operation: G1Concurrent done
Event: 26.027 Executing VM operation: G1TryInitiateConcMark

Events (20 events):
Event: 25.523 loading class org/xml/sax/Locator
Event: 25.528 loading class org/xml/sax/Locator done
Event: 25.534 loading class org/xml/sax/SAXParseException
Event: 25.534 loading class org/xml/sax/SAXParseException done
Event: 25.535 loading class org/xml/sax/Attributes
Event: 25.535 loading class org/xml/sax/Attributes done
Event: 25.801 loading class javax/management/InstanceAlreadyExistsException
Event: 25.801 loading class javax/management/InstanceAlreadyExistsException done
Event: 25.802 loading class javax/management/MBeanRegistrationException
Event: 25.802 loading class javax/management/MBeanRegistrationException done
Event: 25.802 loading class javax/management/NotCompliantMBeanException
Event: 25.802 loading class javax/management/NotCompliantMBeanException done
Event: 25.807 loading class com/sun/jmx/mbeanserver/StandardMBeanSupport
Event: 25.807 loading class com/sun/jmx/mbeanserver/StandardMBeanSupport done
Event: 25.807 loading class com/sun/jmx/mbeanserver/StandardMBeanIntrospector
Event: 25.807 loading class com/sun/jmx/mbeanserver/StandardMBeanIntrospector done
Event: 25.897 loading class javax/xml/stream/XMLStreamException
Event: 25.897 loading class javax/xml/stream/XMLStreamException done
Event: 25.932 loading class sun/reflect/annotation/AnnotationInvocationHandler$1
Event: 25.933 loading class sun/reflect/annotation/AnnotationInvocationHandler$1 done


Dynamic libraries:
0x00007ff6f3270000 - 0x00007ff6f327a000 	C:\Program Files\Android\Android Studio\jbr\bin\java.exe
0x00007ffc80df0000 - 0x00007ffc80fe8000 	C:\WINDOWS\SYSTEM32\ntdll.dll
0x00007ffc7f4b0000 - 0x00007ffc7f56f000 	C:\WINDOWS\System32\KERNEL32.DLL
0x00007ffc7eb50000 - 0x00007ffc7ee46000 	C:\WINDOWS\System32\KERNELBASE.dll
0x00007ffc7e7d0000 - 0x00007ffc7e8d0000 	C:\WINDOWS\System32\ucrtbase.dll
0x00007ffc78ee0000 - 0x00007ffc78ef7000 	C:\Program Files\Android\Android Studio\jbr\bin\jli.dll
0x00007ffc6fb10000 - 0x00007ffc6fb2b000 	C:\Program Files\Android\Android Studio\jbr\bin\VCRUNTIME140.dll
0x00007ffc80690000 - 0x00007ffc8082d000 	C:\WINDOWS\System32\USER32.dll
0x00007ffc7e960000 - 0x00007ffc7e982000 	C:\WINDOWS\System32\win32u.dll
0x00007ffc7eee0000 - 0x00007ffc7ef0c000 	C:\WINDOWS\System32\GDI32.dll
0x00007ffc7e990000 - 0x00007ffc7eaa5000 	C:\WINDOWS\System32\gdi32full.dll
0x00007ffc7eab0000 - 0x00007ffc7eb4d000 	C:\WINDOWS\System32\msvcp_win.dll
0x00007ffc63210000 - 0x00007ffc634aa000 	C:\WINDOWS\WinSxS\amd64_microsoft.windows.common-controls_6595b64144ccf1df_6.0.19041.1110_none_60b5254171f9507e\COMCTL32.dll
0x00007ffc7f570000 - 0x00007ffc7f60e000 	C:\WINDOWS\System32\msvcrt.dll
0x00007ffc7ee50000 - 0x00007ffc7ee80000 	C:\WINDOWS\System32\IMM32.DLL
0x00007ffc79f70000 - 0x00007ffc79f7c000 	C:\Program Files\Android\Android Studio\jbr\bin\vcruntime140_1.dll
0x00007ffc68b10000 - 0x00007ffc68b9d000 	C:\Program Files\Android\Android Studio\jbr\bin\msvcp140.dll
0x00007ffc35dc0000 - 0x00007ffc36a2d000 	C:\Program Files\Android\Android Studio\jbr\bin\server\jvm.dll
0x00007ffc805c0000 - 0x00007ffc8066f000 	C:\WINDOWS\System32\ADVAPI32.dll
0x00007ffc7ef10000 - 0x00007ffc7efac000 	C:\WINDOWS\System32\sechost.dll
0x00007ffc7fb80000 - 0x00007ffc7fca6000 	C:\WINDOWS\System32\RPCRT4.dll
0x00007ffc75e70000 - 0x00007ffc75e7a000 	C:\WINDOWS\SYSTEM32\VERSION.dll
0x00007ffc79db0000 - 0x00007ffc79db9000 	C:\WINDOWS\SYSTEM32\WSOCK32.dll
0x00007ffc75850000 - 0x00007ffc75877000 	C:\WINDOWS\SYSTEM32\WINMM.dll
0x00007ffc7f670000 - 0x00007ffc7f6db000 	C:\WINDOWS\System32\WS2_32.dll
0x00007ffc7c330000 - 0x00007ffc7c342000 	C:\WINDOWS\SYSTEM32\kernel.appcore.dll
0x00007ffc4f860000 - 0x00007ffc4f86a000 	C:\Program Files\Android\Android Studio\jbr\bin\jimage.dll
0x00007ffc743a0000 - 0x00007ffc74584000 	C:\WINDOWS\SYSTEM32\DBGHELP.DLL
0x00007ffc70970000 - 0x00007ffc709a4000 	C:\WINDOWS\SYSTEM32\dbgcore.DLL
0x00007ffc7e8d0000 - 0x00007ffc7e952000 	C:\WINDOWS\System32\bcryptPrimitives.dll
0x00007ffc35d90000 - 0x00007ffc35db5000 	C:\Program Files\Android\Android Studio\jbr\bin\java.dll
0x00007ffc35d70000 - 0x00007ffc35d88000 	C:\Program Files\Android\Android Studio\jbr\bin\zip.dll
0x00007ffc7fe60000 - 0x00007ffc805a4000 	C:\WINDOWS\System32\SHELL32.dll
0x00007ffc7c530000 - 0x00007ffc7ccc3000 	C:\WINDOWS\SYSTEM32\windows.storage.dll
0x00007ffc80a50000 - 0x00007ffc80da4000 	C:\WINDOWS\System32\combase.dll
0x00007ffc7dd60000 - 0x00007ffc7dd8e000 	C:\WINDOWS\SYSTEM32\Wldp.dll
0x00007ffc7fa70000 - 0x00007ffc7fb1d000 	C:\WINDOWS\System32\SHCORE.dll
0x00007ffc7ee80000 - 0x00007ffc7eed5000 	C:\WINDOWS\System32\shlwapi.dll
0x00007ffc7e400000 - 0x00007ffc7e425000 	C:\WINDOWS\SYSTEM32\profapi.dll
0x00007ffc35a60000 - 0x00007ffc35a79000 	C:\Program Files\Android\Android Studio\jbr\bin\net.dll
0x00007ffc732a0000 - 0x00007ffc733aa000 	C:\WINDOWS\SYSTEM32\WINHTTP.dll
0x00007ffc7db40000 - 0x00007ffc7dbaa000 	C:\WINDOWS\system32\mswsock.dll
0x00007ffc35a40000 - 0x00007ffc35a56000 	C:\Program Files\Android\Android Studio\jbr\bin\nio.dll
0x00007ffc1ef20000 - 0x00007ffc1ef30000 	C:\Program Files\Android\Android Studio\jbr\bin\verify.dll
0x00007ffc6f7e0000 - 0x00007ffc6f807000 	C:\Users\ruthk\.gradle\native\68d5fa5c4cc2d200863cafc0d521ce42e7d3e7ee720ec0a83991735586a16f82\windows-amd64\native-platform.dll
0x00007ffc686f0000 - 0x00007ffc68834000 	C:\Users\ruthk\.gradle\native\e376f236ea51e6404a007f0833ffe2c6e607c4080706a723a18a27aeea778392\windows-amd64\native-platform-file-events.dll
0x00007ffc3a040000 - 0x00007ffc3a049000 	C:\Program Files\Android\Android Studio\jbr\bin\management.dll
0x00007ffc35a30000 - 0x00007ffc35a3b000 	C:\Program Files\Android\Android Studio\jbr\bin\management_ext.dll
0x00007ffc7f4a0000 - 0x00007ffc7f4a8000 	C:\WINDOWS\System32\PSAPI.DLL
0x00007ffc7dda0000 - 0x00007ffc7ddb8000 	C:\WINDOWS\SYSTEM32\CRYPTSP.dll
0x00007ffc7d470000 - 0x00007ffc7d4a4000 	C:\WINDOWS\system32\rsaenh.dll
0x00007ffc7e540000 - 0x00007ffc7e567000 	C:\WINDOWS\System32\bcrypt.dll
0x00007ffc7e3c0000 - 0x00007ffc7e3ee000 	C:\WINDOWS\SYSTEM32\USERENV.dll
0x00007ffc7dcd0000 - 0x00007ffc7dcdc000 	C:\WINDOWS\SYSTEM32\CRYPTBASE.dll
0x00007ffc7d850000 - 0x00007ffc7d88b000 	C:\WINDOWS\SYSTEM32\IPHLPAPI.DLL
0x00007ffc80a40000 - 0x00007ffc80a48000 	C:\WINDOWS\System32\NSI.dll
0x00007ffc75e30000 - 0x00007ffc75e47000 	C:\WINDOWS\SYSTEM32\dhcpcsvc6.DLL
0x00007ffc75e10000 - 0x00007ffc75e2d000 	C:\WINDOWS\SYSTEM32\dhcpcsvc.DLL
0x00007ffc7d890000 - 0x00007ffc7d95a000 	C:\WINDOWS\SYSTEM32\DNSAPI.dll
0x00007ffc147d0000 - 0x00007ffc147d7000 	C:\WINDOWS\system32\wshunix.dll

dbghelp: loaded successfully - version: 4.0.5 - missing functions: none
symbol engine: initialized successfully - sym options: 0x614 - pdb path: .;C:\Program Files\Android\Android Studio\jbr\bin;C:\WINDOWS\SYSTEM32;C:\WINDOWS\WinSxS\amd64_microsoft.windows.common-controls_6595b64144ccf1df_6.0.19041.1110_none_60b5254171f9507e;C:\Program Files\Android\Android Studio\jbr\bin\server;C:\Users\ruthk\.gradle\native\68d5fa5c4cc2d200863cafc0d521ce42e7d3e7ee720ec0a83991735586a16f82\windows-amd64;C:\Users\ruthk\.gradle\native\e376f236ea51e6404a007f0833ffe2c6e607c4080706a723a18a27aeea778392\windows-amd64

VM Arguments:
jvm_args: --add-opens=java.base/java.util=ALL-UNNAMED --add-opens=java.base/java.lang=ALL-UNNAMED --add-opens=java.base/java.lang.invoke=ALL-UNNAMED --add-opens=java.prefs/java.util.prefs=ALL-UNNAMED --add-opens=java.base/java.nio.charset=ALL-UNNAMED --add-opens=java.base/java.net=ALL-UNNAMED --add-opens=java.base/java.util.concurrent.atomic=ALL-UNNAMED -Xmx2048m -Dfile.encoding=UTF-8 -Duser.country=FR -Duser.language=fr -Duser.variant 
java_command: org.gradle.launcher.daemon.bootstrap.GradleDaemon 8.0
java_class_path (initial): C:\Users\ruthk\.gradle\wrapper\dists\gradle-8.0-bin\ca5e32bp14vu59qr306oxotwh\gradle-8.0\lib\gradle-launcher-8.0.jar
Launcher Type: SUN_STANDARD

[Global flags]
     intx CICompilerCount                          = 3                                         {product} {ergonomic}
     uint ConcGCThreads                            = 1                                         {product} {ergonomic}
     uint G1ConcRefinementThreads                  = 4                                         {product} {ergonomic}
   size_t G1HeapRegionSize                         = 1048576                                   {product} {ergonomic}
    uintx GCDrainStackTargetSize                   = 64                                        {product} {ergonomic}
   size_t InitialHeapSize                          = 117440512                                 {product} {ergonomic}
   size_t MarkStackSize                            = 4194304                                   {product} {ergonomic}
   size_t MaxHeapSize                              = 2147483648                                {product} {command line}
   size_t MaxNewSize                               = 1287651328                                {product} {ergonomic}
   size_t MinHeapDeltaBytes                        = 1048576                                   {product} {ergonomic}
   size_t MinHeapSize                              = 8388608                                   {product} {ergonomic}
    uintx NonNMethodCodeHeapSize                   = 5832780                                {pd product} {ergonomic}
    uintx NonProfiledCodeHeapSize                  = 122912730                              {pd product} {ergonomic}
    uintx ProfiledCodeHeapSize                     = 122912730                              {pd product} {ergonomic}
    uintx ReservedCodeCacheSize                    = 251658240                              {pd product} {ergonomic}
     bool SegmentedCodeCache                       = true                                      {product} {ergonomic}
   size_t SoftMaxHeapSize                          = 2147483648                             {manageable} {ergonomic}
     bool UseCompressedClassPointers               = true                           {product lp64_product} {ergonomic}
     bool UseCompressedOops                        = true                           {product lp64_product} {ergonomic}
     bool UseG1GC                                  = true                                      {product} {ergonomic}
     bool UseLargePagesIndividualAllocation        = false                                  {pd product} {ergonomic}

Logging:
Log output configuration:
 #0: stdout all=warning uptime,level,tags
 #1: stderr all=off uptime,level,tags

Environment Variables:
JAVA_HOME=C:\jdk-20.0.1
PATH=C:\Python311\Scripts\;C:\Python311\;C:\WINDOWS\system32;C:\WINDOWS;C:\WINDOWS\System32\Wbem;C:\WINDOWS\System32\WindowsPowerShell\v1.0\;C:\WINDOWS\System32\OpenSSH\;C:\ProgramData\chocolatey\bin;C:\Program Files\nodejs\;C:\Program Files\Git\cmd;C:\composer;C:\Program Files\Docker\Docker\resources\bin;C:\Users\ruthk\AppData\Local\Microsoft\WindowsApps;C:\Users\ruthk\AppData\Local\Programs\Microsoft VS Code\bin;C:\jdk-20.0.1\bin;C:\Users\ruthk\AppData\Local\Android\Sdk;C:\Users\ruthk\AppData\Roaming\npm;C:\tools\dart-sdk\bin;C:\Users\ruthk\AppData\Roaming\Pub\Cache\bin;C:\Windows\System32;C:\Program Files\Git\bin;C:\Program Files\Git\cmd;C:\flutter\bin;C:\www\php-7.4.28;C:\www\mysql\bin;C:\Users\ruthk\AppData\Roaming\Composer\vendor\bin
USERNAME=ruthk
OS=Windows_NT
PROCESSOR_IDENTIFIER=AMD64 Family 23 Model 17 Stepping 0, AuthenticAMD
TMP=C:\Users\ruthk\AppData\Local\Temp
TEMP=C:\Users\ruthk\AppData\Local\Temp



---------------  S Y S T E M  ---------------

OS:
 Windows 10 , 64 bit Build 19041 (10.0.19041.3155)
OS uptime: 1 days 21:56 hours
Hyper-V role detected

CPU: total 4 (initial active 4) (4 cores per cpu, 1 threads per core) family 23 model 17 stepping 0 microcode 0x0, cx8, cmov, fxsr, mmx, 3dnowpref, sse, sse2, sse3, ssse3, sse4a, sse4.1, sse4.2, popcnt, lzcnt, tsc, tscinvbit, avx, avx2, aes, clmul, bmi1, bmi2, adx, sha, fma, vzeroupper, clflush, clflushopt, hv

Memory: 4k page, system-wide physical 7101M (227M free)
TotalPageFile size 28605M (AvailPageFile size 6M)
current process WorkingSet (physical memory assigned to process): 242M, peak: 244M
current process commit charge ("private bytes"): 320M, peak: 333M

vm_info: OpenJDK 64-Bit Server VM (17.0.6+0-b2043.56-9586694) for windows-amd64 JRE (17.0.6+0-b2043.56-9586694), built on Feb  9 2023 20:06:20 by "androidbuild" with MS VC++ 16.10 / 16.11 (VS2019)

END.
