#
# There is insufficient memory for the Java Runtime Environment to continue.
# Native memory allocation (malloc) failed to allocate 1111216 bytes for Chunk::new
# Possible reasons:
#   The system is out of physical RAM or swap space
#   The process is running with CompressedOops enabled, and the Java Heap may be blocking the growth of the native heap
# Possible solutions:
#   Reduce memory load on the system
#   Increase physical memory or swap space
#   Check if swap backing store is full
#   Decrease Java heap size (-Xmx/-Xms)
#   Decrease number of Java threads
#   Decrease Java thread stack sizes (-Xss)
#   Set larger code cache with -XX:ReservedCodeCacheSize=
#   JVM is running with Unscaled Compressed Oops mode in which the Java heap is
#     placed in the first 4GB address space. The Java Heap base address is the
#     maximum limit for the native heap growth. Please use -XX:HeapBaseMinAddress
#     to set the Java Heap base and to place the Java Heap above 4GB virtual address.
# This output file may be truncated or incomplete.
#
#  Out of Memory Error (arena.cpp:189), pid=24040, tid=15616
#
# JRE version: OpenJDK Runtime Environment (17.0.6) (build 17.0.6+0-b2043.56-9586694)
# Java VM: OpenJDK 64-Bit Server VM (17.0.6+0-b2043.56-9586694, mixed mode, tiered, compressed oops, compressed class ptrs, g1 gc, windows-amd64)
# No core dump will be written. Minidumps are not enabled by default on client versions of Windows
#

---------------  S U M M A R Y ------------

Command Line: --add-opens=java.base/java.util=ALL-UNNAMED --add-opens=java.base/java.lang=ALL-UNNAMED --add-opens=java.base/java.lang.invoke=ALL-UNNAMED --add-opens=java.prefs/java.util.prefs=ALL-UNNAMED --add-opens=java.base/java.nio.charset=ALL-UNNAMED --add-opens=java.base/java.net=ALL-UNNAMED --add-opens=java.base/java.util.concurrent.atomic=ALL-UNNAMED -Xmx2048m -Dfile.encoding=UTF-8 -Duser.country=FR -Duser.language=fr -Duser.variant org.gradle.launcher.daemon.bootstrap.GradleDaemon 8.0

Host: AMD Ryzen 3 PRO 2300U w/ Radeon Vega Mobile Gfx, 4 cores, 6G,  Windows 10 , 64 bit Build 19041 (10.0.19041.3155)
Time: Thu Aug 31 08:48:00 2023 Greenwich elapsed time: 30.250093 seconds (0d 0h 0m 30s)

---------------  T H R E A D  ---------------

Current thread (0x00000272d440bdf0):  JavaThread "C2 CompilerThread0" daemon [_thread_in_native, id=15616, stack(0x000000fa9db00000,0x000000fa9dc00000)]


Current CompileTask:
C2:  30250 6421   !   4       java.util.jar.Attributes::read (494 bytes)

Stack: [0x000000fa9db00000,0x000000fa9dc00000]
Native frames: (J=compiled Java code, j=interpreted, Vv=VM code, C=native code)
V  [jvm.dll+0x683b4a]
V  [jvm.dll+0x842654]
V  [jvm.dll+0x843dfe]
V  [jvm.dll+0x844463]
V  [jvm.dll+0x249b75]
V  [jvm.dll+0xabcac]
V  [jvm.dll+0xac27c]
V  [jvm.dll+0x368802]
V  [jvm.dll+0x332f31]
V  [jvm.dll+0x3323da]
V  [jvm.dll+0x21c201]
V  [jvm.dll+0x21b621]
V  [jvm.dll+0x1a4fdd]
V  [jvm.dll+0x22b098]
V  [jvm.dll+0x229159]
V  [jvm.dll+0x7f809c]
V  [jvm.dll+0x7f25fa]
V  [jvm.dll+0x682985]
C  [ucrtbase.dll+0x21bb2]
C  [KERNEL32.DLL+0x17614]
C  [ntdll.dll+0x526b1]


---------------  P R O C E S S  ---------------

Threads class SMR info:
_java_thread_list=0x00000272d8e64880, length=81, elements={
0x00000272b842a9b0, 0x00000272d3911720, 0x00000272d39124a0, 0x00000272d3961730,
0x00000272d4408070, 0x00000272d440a940, 0x00000272d440b200, 0x00000272d440bdf0,
0x00000272d440cb00, 0x00000272d440d400, 0x00000272d45a2010, 0x00000272d45a6d00,
0x00000272d5618600, 0x00000272d58ec470, 0x00000272d485a220, 0x00000272d5a810c0,
0x00000272d5d7ba30, 0x00000272d505ef80, 0x00000272d520adf0, 0x00000272d4851250,
0x00000272d4abb970, 0x00000272d4ab8480, 0x00000272d4ab7fb0, 0x00000272d4aba630,
0x00000272d4ab8950, 0x00000272d4abb4a0, 0x00000272d4ab8e20, 0x00000272d4ab92f0,
0x00000272d4ab97c0, 0x00000272d4ab9c90, 0x00000272d4aba160, 0x00000272d4abab00,
0x00000272d4abafd0, 0x00000272d5ee6360, 0x00000272d5ee59c0, 0x00000272d5ee9850,
0x00000272d5ee5020, 0x00000272d5ee8510, 0x00000272d5ee89e0, 0x00000272d5ee8040,
0x00000272d5ee76a0, 0x00000272d5ee8eb0, 0x00000272d5ee9380, 0x00000272d5ee24d0,
0x00000272d5ee29a0, 0x00000272d5ee2e70, 0x00000272d5ee4680, 0x00000272d5ee3340,
0x00000272d5ee3810, 0x00000272d5ee3ce0, 0x00000272d5ee4b50, 0x00000272d5ee54f0,
0x00000272d5ee5e90, 0x00000272d8b08ec0, 0x00000272d8b0b540, 0x00000272d8b0b070,
0x00000272d8b076b0, 0x00000272d8b071e0, 0x00000272d8b05500, 0x00000272d8b04b60,
0x00000272d8b09860, 0x00000272d8b07b80, 0x00000272d8b0aba0, 0x00000272d8b0bee0,
0x00000272d8b06d10, 0x00000272d8b09390, 0x00000272d8b09d30, 0x00000272d8b08520,
0x00000272d8b0c3b0, 0x00000272d8b0ba10, 0x00000272d8b059d0, 0x00000272d8b089f0,
0x00000272d8b0a200, 0x00000272d8b05ea0, 0x00000272d8b08050, 0x00000272d8b05030,
0x00000272d8b06840, 0x00000272d8b0a6d0, 0x00000272d8b06370, 0x00000272d73aa5b0,
0x00000272d73aa0e0
}

Java Threads: ( => current thread )
  0x00000272b842a9b0 JavaThread "main" [_thread_blocked, id=18468, stack(0x000000fa9ce00000,0x000000fa9cf00000)]
  0x00000272d3911720 JavaThread "Reference Handler" daemon [_thread_blocked, id=15672, stack(0x000000fa9d500000,0x000000fa9d600000)]
  0x00000272d39124a0 JavaThread "Finalizer" daemon [_thread_blocked, id=22292, stack(0x000000fa9d600000,0x000000fa9d700000)]
  0x00000272d3961730 JavaThread "Signal Dispatcher" daemon [_thread_blocked, id=24028, stack(0x000000fa9d700000,0x000000fa9d800000)]
  0x00000272d4408070 JavaThread "Attach Listener" daemon [_thread_blocked, id=20500, stack(0x000000fa9d800000,0x000000fa9d900000)]
  0x00000272d440a940 JavaThread "Service Thread" daemon [_thread_blocked, id=21100, stack(0x000000fa9d900000,0x000000fa9da00000)]
  0x00000272d440b200 JavaThread "Monitor Deflation Thread" daemon [_thread_blocked, id=904, stack(0x000000fa9da00000,0x000000fa9db00000)]
=>0x00000272d440bdf0 JavaThread "C2 CompilerThread0" daemon [_thread_in_native, id=15616, stack(0x000000fa9db00000,0x000000fa9dc00000)]
  0x00000272d440cb00 JavaThread "C1 CompilerThread0" daemon [_thread_blocked, id=24548, stack(0x000000fa9dc00000,0x000000fa9dd00000)]
  0x00000272d440d400 JavaThread "Sweeper thread" daemon [_thread_blocked, id=15924, stack(0x000000fa9dd00000,0x000000fa9de00000)]
  0x00000272d45a2010 JavaThread "Common-Cleaner" daemon [_thread_blocked, id=2692, stack(0x000000fa9de00000,0x000000fa9df00000)]
  0x00000272d45a6d00 JavaThread "Notification Thread" daemon [_thread_blocked, id=17492, stack(0x000000fa9df00000,0x000000fa9e000000)]
  0x00000272d5618600 JavaThread "Daemon health stats" [_thread_blocked, id=7968, stack(0x000000fa9e400000,0x000000fa9e500000)]
  0x00000272d58ec470 JavaThread "Incoming local TCP Connector on port 59816" [_thread_in_native, id=15380, stack(0x000000fa9e500000,0x000000fa9e600000)]
  0x00000272d485a220 JavaThread "Daemon periodic checks" [_thread_blocked, id=16648, stack(0x000000fa9e600000,0x000000fa9e700000)]
  0x00000272d5a810c0 JavaThread "Daemon" [_thread_blocked, id=22984, stack(0x000000fa9e700000,0x000000fa9e800000)]
  0x00000272d5d7ba30 JavaThread "Handler for socket connection from /127.0.0.1:59816 to /127.0.0.1:59818" [_thread_in_native, id=23724, stack(0x000000fa9e800000,0x000000fa9e900000)]
  0x00000272d505ef80 JavaThread "Cancel handler" [_thread_blocked, id=23032, stack(0x000000fa9e900000,0x000000fa9ea00000)]
  0x00000272d520adf0 JavaThread "Daemon worker" [_thread_in_vm, id=24220, stack(0x000000fa9ea00000,0x000000fa9eb00000)]
  0x00000272d4851250 JavaThread "Asynchronous log dispatcher for DefaultDaemonConnection: socket connection from /127.0.0.1:59816 to /127.0.0.1:59818" [_thread_blocked, id=22792, stack(0x000000fa9eb00000,0x000000fa9ec00000)]
  0x00000272d4abb970 JavaThread "Stdin handler" [_thread_blocked, id=17688, stack(0x000000fa9ec00000,0x000000fa9ed00000)]
  0x00000272d4ab8480 JavaThread "Daemon client event forwarder" [_thread_blocked, id=18872, stack(0x000000fa9ed00000,0x000000fa9ee00000)]
  0x00000272d4ab7fb0 JavaThread "Cache worker for journal cache (C:\Users\ruthk\.gradle\caches\journal-1)" [_thread_blocked, id=23200, stack(0x000000fa9ee00000,0x000000fa9ef00000)]
  0x00000272d4aba630 JavaThread "File lock request listener" [_thread_in_native, id=22552, stack(0x000000fa9ef00000,0x000000fa9f000000)]
  0x00000272d4ab8950 JavaThread "Cache worker for file hash cache (C:\Users\ruthk\.gradle\caches\8.0\fileHashes)" [_thread_blocked, id=9664, stack(0x000000fa9f000000,0x000000fa9f100000)]
  0x00000272d4abb4a0 JavaThread "File watcher server" daemon [_thread_in_native, id=23508, stack(0x000000fa9f100000,0x000000fa9f200000)]
  0x00000272d4ab8e20 JavaThread "File watcher consumer" daemon [_thread_blocked, id=17840, stack(0x000000fa9f200000,0x000000fa9f300000)]
  0x00000272d4ab92f0 JavaThread "Cache worker for checksums cache (C:\Users\ruthk\AndroidStudioProjects\Acceuil_Recp\.gradle\8.0\checksums)" [_thread_blocked, id=19048, stack(0x000000fa9f300000,0x000000fa9f400000)]
  0x00000272d4ab97c0 JavaThread "Cache worker for cache directory md-rule (C:\Users\ruthk\.gradle\caches\8.0\md-rule)" [_thread_blocked, id=21652, stack(0x000000fa9f400000,0x000000fa9f500000)]
  0x00000272d4ab9c90 JavaThread "Cache worker for file content cache (C:\Users\ruthk\.gradle\caches\8.0\fileContent)" [_thread_blocked, id=21828, stack(0x000000fa9f500000,0x000000fa9f600000)]
  0x00000272d4aba160 JavaThread "Cache worker for file hash cache (C:\Users\ruthk\AndroidStudioProjects\Acceuil_Recp\.gradle\8.0\fileHashes)" [_thread_blocked, id=17232, stack(0x000000fa9f600000,0x000000fa9f700000)]
  0x00000272d4abab00 JavaThread "Cache worker for cache directory md-supplier (C:\Users\ruthk\.gradle\caches\8.0\md-supplier)" [_thread_blocked, id=23580, stack(0x000000fa9f700000,0x000000fa9f800000)]
  0x00000272d4abafd0 JavaThread "Cache worker for execution history cache (C:\Users\ruthk\.gradle\caches\8.0\executionHistory)" [_thread_blocked, id=19532, stack(0x000000fa9f800000,0x000000fa9f900000)]
  0x00000272d5ee6360 JavaThread "jar transforms" [_thread_blocked, id=24468, stack(0x000000fa9f900000,0x000000fa9fa00000)]
  0x00000272d5ee59c0 JavaThread "jar transforms Thread 2" [_thread_blocked, id=24420, stack(0x000000fa9fa00000,0x000000fa9fb00000)]
  0x00000272d5ee9850 JavaThread "jar transforms Thread 3" [_thread_blocked, id=23360, stack(0x000000fa9fc00000,0x000000fa9fd00000)]
  0x00000272d5ee5020 JavaThread "jar transforms Thread 4" [_thread_blocked, id=22692, stack(0x000000fa9fd00000,0x000000fa9fe00000)]
  0x00000272d5ee8510 JavaThread "Cache worker for dependencies-accessors (C:\Users\ruthk\AndroidStudioProjects\Acceuil_Recp\.gradle\8.0\dependencies-accessors)" [_thread_blocked, id=2244, stack(0x000000fa9fe00000,0x000000fa9ff00000)]
  0x00000272d5ee89e0 JavaThread "Cache worker for Build Output Cleanup Cache (C:\Users\ruthk\AndroidStudioProjects\Acceuil_Recp\.gradle\buildOutputCleanup)" [_thread_blocked, id=24536, stack(0x000000fa9ff00000,0x000000faa0000000)]
  0x00000272d5ee8040 JavaThread "Unconstrained build operations" [_thread_blocked, id=23096, stack(0x000000faa0000000,0x000000faa0100000)]
  0x00000272d5ee76a0 JavaThread "Unconstrained build operations Thread 2" [_thread_blocked, id=18552, stack(0x000000faa0100000,0x000000faa0200000)]
  0x00000272d5ee8eb0 JavaThread "Unconstrained build operations Thread 3" [_thread_blocked, id=18540, stack(0x000000faa0200000,0x000000faa0300000)]
  0x00000272d5ee9380 JavaThread "Unconstrained build operations Thread 4" [_thread_blocked, id=1196, stack(0x000000faa0300000,0x000000faa0400000)]
  0x00000272d5ee24d0 JavaThread "Unconstrained build operations Thread 5" [_thread_blocked, id=18660, stack(0x000000faa0400000,0x000000faa0500000)]
  0x00000272d5ee29a0 JavaThread "Unconstrained build operations Thread 6" [_thread_blocked, id=23084, stack(0x000000faa0500000,0x000000faa0600000)]
  0x00000272d5ee2e70 JavaThread "Unconstrained build operations Thread 7" [_thread_blocked, id=23212, stack(0x000000faa0600000,0x000000faa0700000)]
  0x00000272d5ee4680 JavaThread "Unconstrained build operations Thread 8" [_thread_blocked, id=24396, stack(0x000000faa0700000,0x000000faa0800000)]
  0x00000272d5ee3340 JavaThread "Unconstrained build operations Thread 9" [_thread_blocked, id=23760, stack(0x000000faa0800000,0x000000faa0900000)]
  0x00000272d5ee3810 JavaThread "Unconstrained build operations Thread 10" [_thread_blocked, id=15792, stack(0x000000faa0900000,0x000000faa0a00000)]
  0x00000272d5ee3ce0 JavaThread "Unconstrained build operations Thread 11" [_thread_blocked, id=13316, stack(0x000000faa0a00000,0x000000faa0b00000)]
  0x00000272d5ee4b50 JavaThread "Unconstrained build operations Thread 12" [_thread_blocked, id=23928, stack(0x000000faa0b00000,0x000000faa0c00000)]
  0x00000272d5ee54f0 JavaThread "Unconstrained build operations Thread 13" [_thread_blocked, id=16548, stack(0x000000faa0c00000,0x000000faa0d00000)]
  0x00000272d5ee5e90 JavaThread "Unconstrained build operations Thread 14" [_thread_blocked, id=23932, stack(0x000000faa0d00000,0x000000faa0e00000)]
  0x00000272d8b08ec0 JavaThread "Unconstrained build operations Thread 15" [_thread_blocked, id=24224, stack(0x000000faa0e00000,0x000000faa0f00000)]
  0x00000272d8b0b540 JavaThread "Unconstrained build operations Thread 16" [_thread_blocked, id=20632, stack(0x000000faa0f00000,0x000000faa1000000)]
  0x00000272d8b0b070 JavaThread "Unconstrained build operations Thread 17" [_thread_blocked, id=24072, stack(0x000000faa1000000,0x000000faa1100000)]
  0x00000272d8b076b0 JavaThread "Unconstrained build operations Thread 18" [_thread_blocked, id=12172, stack(0x000000faa1100000,0x000000faa1200000)]
  0x00000272d8b071e0 JavaThread "Unconstrained build operations Thread 19" [_thread_blocked, id=21460, stack(0x000000faa1200000,0x000000faa1300000)]
  0x00000272d8b05500 JavaThread "Unconstrained build operations Thread 20" [_thread_blocked, id=24164, stack(0x000000faa1300000,0x000000faa1400000)]
  0x00000272d8b04b60 JavaThread "Unconstrained build operations Thread 21" [_thread_blocked, id=24492, stack(0x000000faa1400000,0x000000faa1500000)]
  0x00000272d8b09860 JavaThread "Unconstrained build operations Thread 22" [_thread_blocked, id=24168, stack(0x000000faa1500000,0x000000faa1600000)]
  0x00000272d8b07b80 JavaThread "Unconstrained build operations Thread 23" [_thread_blocked, id=12780, stack(0x000000faa1600000,0x000000faa1700000)]
  0x00000272d8b0aba0 JavaThread "Unconstrained build operations Thread 24" [_thread_blocked, id=22484, stack(0x000000faa1700000,0x000000faa1800000)]
  0x00000272d8b0bee0 JavaThread "Unconstrained build operations Thread 25" [_thread_blocked, id=22712, stack(0x000000faa1800000,0x000000faa1900000)]
  0x00000272d8b06d10 JavaThread "Unconstrained build operations Thread 26" [_thread_blocked, id=12440, stack(0x000000faa1900000,0x000000faa1a00000)]
  0x00000272d8b09390 JavaThread "Unconstrained build operations Thread 27" [_thread_blocked, id=23592, stack(0x000000faa1a00000,0x000000faa1b00000)]
  0x00000272d8b09d30 JavaThread "Unconstrained build operations Thread 28" [_thread_blocked, id=8284, stack(0x000000faa1b00000,0x000000faa1c00000)]
  0x00000272d8b08520 JavaThread "Unconstrained build operations Thread 29" [_thread_blocked, id=24232, stack(0x000000faa1c00000,0x000000faa1d00000)]
  0x00000272d8b0c3b0 JavaThread "Unconstrained build operations Thread 30" [_thread_blocked, id=15772, stack(0x000000faa1d00000,0x000000faa1e00000)]
  0x00000272d8b0ba10 JavaThread "Unconstrained build operations Thread 31" [_thread_blocked, id=15892, stack(0x000000faa1e00000,0x000000faa1f00000)]
  0x00000272d8b059d0 JavaThread "Unconstrained build operations Thread 32" [_thread_blocked, id=23720, stack(0x000000faa1f00000,0x000000faa2000000)]
  0x00000272d8b089f0 JavaThread "Unconstrained build operations Thread 33" [_thread_blocked, id=23264, stack(0x000000faa2000000,0x000000faa2100000)]
  0x00000272d8b0a200 JavaThread "Unconstrained build operations Thread 34" [_thread_blocked, id=18952, stack(0x000000faa2100000,0x000000faa2200000)]
  0x00000272d8b05ea0 JavaThread "Unconstrained build operations Thread 35" [_thread_blocked, id=9680, stack(0x000000faa2200000,0x000000faa2300000)]
  0x00000272d8b08050 JavaThread "Unconstrained build operations Thread 36" [_thread_blocked, id=21060, stack(0x000000faa2300000,0x000000faa2400000)]
  0x00000272d8b05030 JavaThread "Unconstrained build operations Thread 37" [_thread_blocked, id=17472, stack(0x000000faa2400000,0x000000faa2500000)]
  0x00000272d8b06840 JavaThread "Unconstrained build operations Thread 38" [_thread_blocked, id=19252, stack(0x000000faa2500000,0x000000faa2600000)]
  0x00000272d8b0a6d0 JavaThread "Unconstrained build operations Thread 39" [_thread_blocked, id=23704, stack(0x000000faa2600000,0x000000faa2700000)]
  0x00000272d8b06370 JavaThread "Unconstrained build operations Thread 40" [_thread_blocked, id=24120, stack(0x000000faa2700000,0x000000faa2800000)]
  0x00000272d73aa5b0 JavaThread "build event listener" [_thread_blocked, id=21396, stack(0x000000faa2800000,0x000000faa2900000)]
  0x00000272d73aa0e0 JavaThread "Memory manager" [_thread_blocked, id=10204, stack(0x000000faa2900000,0x000000faa2a00000)]

Other Threads:
  0x00000272d390daf0 VMThread "VM Thread" [stack: 0x000000fa9d400000,0x000000fa9d500000] [id=19308] _threads_hazard_ptr=0x00000272d8e64880
  0x00000272b84a4b20 WatcherThread [stack: 0x000000fa9e000000,0x000000fa9e100000] [id=19320]
  0x00000272b848a430 GCTaskThread "GC Thread#0" [stack: 0x000000fa9cf00000,0x000000fa9d000000] [id=23636]
  0x00000272d4af2440 GCTaskThread "GC Thread#1" [stack: 0x000000fa9e100000,0x000000fa9e200000] [id=14848]
  0x00000272d48240c0 GCTaskThread "GC Thread#2" [stack: 0x000000fa9e200000,0x000000fa9e300000] [id=22672]
  0x00000272d507a360 GCTaskThread "GC Thread#3" [stack: 0x000000fa9e300000,0x000000fa9e400000] [id=22616]
  0x00000272b849b280 ConcurrentGCThread "G1 Main Marker" [stack: 0x000000fa9d000000,0x000000fa9d100000] [id=23640]
  0x00000272b849bba0 ConcurrentGCThread "G1 Conc#0" [stack: 0x000000fa9d100000,0x000000fa9d200000] [id=23076]
  0x00000272d3780490 ConcurrentGCThread "G1 Refine#0" [stack: 0x000000fa9d200000,0x000000fa9d300000] [id=23248]
  0x00000272d529f3a0 ConcurrentGCThread "G1 Refine#1" [stack: 0x000000fa9fb00000,0x000000fa9fc00000] [id=20360]
  0x00000272b84f7f70 ConcurrentGCThread "G1 Service" [stack: 0x000000fa9d300000,0x000000fa9d400000] [id=6708]

Threads with active compile tasks:
C2 CompilerThread0    30333 6421   !   4       java.util.jar.Attributes::read (494 bytes)

VM state: synchronizing (normal execution)

VM Mutex/Monitor currently owned by a thread:  ([mutex/lock_event])
[0x00000272b8426ba0] Threads_lock - owner thread: 0x00000272d390daf0
[0x00000272b8426060] Heap_lock - owner thread: 0x00000272b849b280

Heap address: 0x0000000080000000, size: 2048 MB, Compressed Oops mode: 32-bit

CDS archive(s) not mapped
Compressed class space mapped at: 0x0000000100000000-0x0000000140000000, reserved size: 1073741824
Narrow klass base: 0x0000000000000000, Narrow klass shift: 3, Narrow klass range: 0x140000000

GC Precious Log:
 CPUs: 4 total, 4 available
 Memory: 7101M
 Large Page Support: Disabled
 NUMA Support: Disabled
 Compressed Oops: Enabled (32-bit)
 Heap Region Size: 1M
 Heap Min Capacity: 8M
 Heap Initial Capacity: 112M
 Heap Max Capacity: 2G
 Pre-touch: Disabled
 Parallel Workers: 4
 Concurrent Workers: 1
 Concurrent Refinement Workers: 4
 Periodic GC: Disabled

Heap:
 garbage-first heap   total 145408K, used 50305K [0x0000000080000000, 0x0000000100000000)
  region size 1024K, 3 young (3072K), 2 survivors (2048K)
 Metaspace       used 62747K, committed 63232K, reserved 1105920K
  class space    used 8263K, committed 8448K, reserved 1048576K

Heap Regions: E=young(eden), S=young(survivor), O=old, HS=humongous(starts), HC=humongous(continues), CS=collection set, F=free, OA=open archive, CA=closed archive, TAMS=top-at-mark-start (previous, next)
|   0|0x0000000080000000, 0x0000000080100000, 0x0000000080100000|100%| O|  |TAMS 0x0000000080100000, 0x0000000080000000| Updating 
|   1|0x0000000080100000, 0x0000000080200000, 0x0000000080200000|100%| O|  |TAMS 0x0000000080200000, 0x0000000080100000| Untracked 
|   2|0x0000000080200000, 0x0000000080300000, 0x0000000080300000|100%|HS|  |TAMS 0x0000000080300000, 0x0000000080200000| Complete 
|   3|0x0000000080300000, 0x0000000080400000, 0x0000000080400000|100%|HC|  |TAMS 0x0000000080400000, 0x0000000080300000| Complete 
|   4|0x0000000080400000, 0x0000000080500000, 0x0000000080500000|100%|HC|  |TAMS 0x0000000080500000, 0x0000000080400000| Complete 
|   5|0x0000000080500000, 0x0000000080600000, 0x0000000080600000|100%|HC|  |TAMS 0x0000000080600000, 0x0000000080500000| Complete 
|   6|0x0000000080600000, 0x0000000080700000, 0x0000000080700000|100%| O|  |TAMS 0x0000000080700000, 0x0000000080600000| Untracked 
|   7|0x0000000080700000, 0x0000000080800000, 0x0000000080800000|100%| O|  |TAMS 0x0000000080800000, 0x0000000080700000| Untracked 
|   8|0x0000000080800000, 0x0000000080900000, 0x0000000080900000|100%| O|  |TAMS 0x0000000080900000, 0x0000000080800000| Untracked 
|   9|0x0000000080900000, 0x0000000080a00000, 0x0000000080a00000|100%| O|  |TAMS 0x0000000080a00000, 0x0000000080900000| Untracked 
|  10|0x0000000080a00000, 0x0000000080b00000, 0x0000000080b00000|100%| O|  |TAMS 0x0000000080b00000, 0x0000000080a00000| Untracked 
|  11|0x0000000080b00000, 0x0000000080c00000, 0x0000000080c00000|100%| O|  |TAMS 0x0000000080c00000, 0x0000000080b00000| Untracked 
|  12|0x0000000080c00000, 0x0000000080d00000, 0x0000000080d00000|100%| O|  |TAMS 0x0000000080d00000, 0x0000000080c00000| Updating 
|  13|0x0000000080d00000, 0x0000000080e00000, 0x0000000080e00000|100%| O|  |TAMS 0x0000000080e00000, 0x0000000080d00000| Untracked 
|  14|0x0000000080e00000, 0x0000000080f00000, 0x0000000080f00000|100%| O|  |TAMS 0x0000000080f00000, 0x0000000080e00000| Untracked 
|  15|0x0000000080f00000, 0x0000000081000000, 0x0000000081000000|100%| O|  |TAMS 0x0000000081000000, 0x0000000080f00000| Untracked 
|  16|0x0000000081000000, 0x0000000081100000, 0x0000000081100000|100%| O|  |TAMS 0x0000000081100000, 0x0000000081000000| Untracked 
|  17|0x0000000081100000, 0x0000000081200000, 0x0000000081200000|100%| O|  |TAMS 0x0000000081200000, 0x0000000081100000| Untracked 
|  18|0x0000000081200000, 0x0000000081300000, 0x0000000081300000|100%| O|  |TAMS 0x0000000081300000, 0x0000000081200000| Untracked 
|  19|0x0000000081300000, 0x0000000081400000, 0x0000000081400000|100%| O|  |TAMS 0x0000000081400000, 0x0000000081300000| Untracked 
|  20|0x0000000081400000, 0x0000000081500000, 0x0000000081500000|100%| O|  |TAMS 0x0000000081500000, 0x0000000081400000| Untracked 
|  21|0x0000000081500000, 0x0000000081600000, 0x0000000081600000|100%| O|  |TAMS 0x0000000081600000, 0x0000000081500000| Untracked 
|  22|0x0000000081600000, 0x0000000081700000, 0x0000000081700000|100%| O|  |TAMS 0x0000000081700000, 0x0000000081600000| Updating 
|  23|0x0000000081700000, 0x0000000081800000, 0x0000000081800000|100%| O|  |TAMS 0x0000000081800000, 0x0000000081700000| Untracked 
|  24|0x0000000081800000, 0x0000000081900000, 0x0000000081900000|100%| O|  |TAMS 0x00000000818e8000, 0x0000000081800000| Untracked 
|  25|0x0000000081900000, 0x0000000081a00000, 0x0000000081a00000|100%| O|  |TAMS 0x0000000081a00000, 0x0000000081900000| Untracked 
|  26|0x0000000081a00000, 0x0000000081b00000, 0x0000000081b00000|100%| O|  |TAMS 0x0000000081b00000, 0x0000000081a00000| Untracked 
|  27|0x0000000081b00000, 0x0000000081c00000, 0x0000000081c00000|100%| O|  |TAMS 0x0000000081c00000, 0x0000000081b00000| Updating 
|  28|0x0000000081c00000, 0x0000000081d00000, 0x0000000081d00000|100%| O|  |TAMS 0x0000000081d00000, 0x0000000081c00000| Untracked 
|  29|0x0000000081d00000, 0x0000000081e00000, 0x0000000081e00000|100%| O|  |TAMS 0x0000000081e00000, 0x0000000081d00000| Untracked 
|  30|0x0000000081e00000, 0x0000000081f00000, 0x0000000081f00000|100%| O|  |TAMS 0x0000000081f00000, 0x0000000081e00000| Untracked 
|  31|0x0000000081f00000, 0x0000000082000000, 0x0000000082000000|100%| O|  |TAMS 0x0000000082000000, 0x0000000081f00000| Untracked 
|  32|0x0000000082000000, 0x0000000082100000, 0x0000000082100000|100%| O|  |TAMS 0x0000000082100000, 0x0000000082000000| Updating 
|  33|0x0000000082100000, 0x0000000082200000, 0x0000000082200000|100%| O|  |TAMS 0x0000000082200000, 0x0000000082100000| Untracked 
|  34|0x0000000082200000, 0x0000000082200000, 0x0000000082300000|  0%| F|  |TAMS 0x0000000082200000, 0x0000000082200000| Untracked 
|  35|0x0000000082300000, 0x0000000082400000, 0x0000000082400000|100%| O|  |TAMS 0x0000000082400000, 0x0000000082300000| Updating 
|  36|0x0000000082400000, 0x0000000082500000, 0x0000000082500000|100%|HS|  |TAMS 0x0000000082500000, 0x0000000082400000| Complete 
|  37|0x0000000082500000, 0x0000000082600000, 0x0000000082600000|100%| O|  |TAMS 0x0000000082600000, 0x0000000082500000| Untracked 
|  38|0x0000000082600000, 0x0000000082700000, 0x0000000082700000|100%| O|  |TAMS 0x0000000082700000, 0x0000000082600000| Updating 
|  39|0x0000000082700000, 0x0000000082800000, 0x0000000082800000|100%|HS|  |TAMS 0x0000000082800000, 0x0000000082700000| Complete 
|  40|0x0000000082800000, 0x0000000082900000, 0x0000000082900000|100%| O|  |TAMS 0x0000000082900000, 0x0000000082800000| Untracked 
|  41|0x0000000082900000, 0x0000000082a00000, 0x0000000082a00000|100%| O|  |TAMS 0x0000000082a00000, 0x0000000082900000| Updating 
|  42|0x0000000082a00000, 0x0000000082b00000, 0x0000000082b00000|100%| O|  |TAMS 0x0000000082b00000, 0x0000000082a00000| Untracked 
|  43|0x0000000082b00000, 0x0000000082c00000, 0x0000000082c00000|100%| O|  |TAMS 0x0000000082c00000, 0x0000000082b00000| Untracked 
|  44|0x0000000082c00000, 0x0000000082d00000, 0x0000000082d00000|100%| O|  |TAMS 0x0000000082d00000, 0x0000000082c00000| Updating 
|  45|0x0000000082d00000, 0x0000000082e00000, 0x0000000082e00000|100%| O|  |TAMS 0x0000000082e00000, 0x0000000082d00000| Untracked 
|  46|0x0000000082e00000, 0x0000000082f00000, 0x0000000082f00000|100%| O|  |TAMS 0x0000000082f00000, 0x0000000082e00000| Untracked 
|  47|0x0000000082f00000, 0x0000000082f00000, 0x0000000083000000|  0%| F|  |TAMS 0x0000000082f00000, 0x0000000082f00000| Untracked 
|  48|0x0000000083000000, 0x0000000083000000, 0x0000000083100000|  0%| F|  |TAMS 0x0000000083000000, 0x0000000083000000| Untracked 
|  49|0x0000000083100000, 0x0000000083100000, 0x0000000083200000|  0%| F|  |TAMS 0x0000000083100000, 0x0000000083100000| Untracked 
|  50|0x0000000083200000, 0x0000000083200000, 0x0000000083300000|  0%| F|  |TAMS 0x0000000083200000, 0x0000000083200000| Untracked 
|  51|0x0000000083300000, 0x0000000083300000, 0x0000000083400000|  0%| F|  |TAMS 0x0000000083300000, 0x0000000083300000| Untracked 
|  52|0x0000000083400000, 0x0000000083500000, 0x0000000083500000|100%| O|  |TAMS 0x0000000083400000, 0x0000000083400000| Untracked 
|  53|0x0000000083500000, 0x0000000083520400, 0x0000000083600000| 12%| O|  |TAMS 0x0000000083500000, 0x0000000083500000| Updating 
|  54|0x0000000083600000, 0x0000000083600000, 0x0000000083700000|  0%| F|  |TAMS 0x0000000083600000, 0x0000000083600000| Untracked 
|  55|0x0000000083700000, 0x0000000083700000, 0x0000000083800000|  0%| F|  |TAMS 0x0000000083700000, 0x0000000083700000| Untracked 
|  56|0x0000000083800000, 0x0000000083800000, 0x0000000083900000|  0%| F|  |TAMS 0x0000000083800000, 0x0000000083800000| Untracked 
|  57|0x0000000083900000, 0x0000000083900000, 0x0000000083a00000|  0%| F|  |TAMS 0x0000000083900000, 0x0000000083900000| Untracked 
|  58|0x0000000083a00000, 0x0000000083a00000, 0x0000000083b00000|  0%| F|  |TAMS 0x0000000083a00000, 0x0000000083a00000| Untracked 
|  59|0x0000000083b00000, 0x0000000083b00000, 0x0000000083c00000|  0%| F|  |TAMS 0x0000000083b00000, 0x0000000083b00000| Untracked 
|  60|0x0000000083c00000, 0x0000000083c00000, 0x0000000083d00000|  0%| F|  |TAMS 0x0000000083c00000, 0x0000000083c00000| Untracked 
|  61|0x0000000083d00000, 0x0000000083d00000, 0x0000000083e00000|  0%| F|  |TAMS 0x0000000083d00000, 0x0000000083d00000| Untracked 
|  62|0x0000000083e00000, 0x0000000083f00000, 0x0000000083f00000|100%| S|CS|TAMS 0x0000000083e00000, 0x0000000083e00000| Complete 
|  63|0x0000000083f00000, 0x0000000084000000, 0x0000000084000000|100%| S|CS|TAMS 0x0000000083f00000, 0x0000000083f00000| Complete 
|  64|0x0000000084000000, 0x0000000084000000, 0x0000000084100000|  0%| F|  |TAMS 0x0000000084000000, 0x0000000084000000| Untracked 
|  65|0x0000000084100000, 0x0000000084100000, 0x0000000084200000|  0%| F|  |TAMS 0x0000000084100000, 0x0000000084100000| Untracked 
|  66|0x0000000084200000, 0x0000000084200000, 0x0000000084300000|  0%| F|  |TAMS 0x0000000084200000, 0x0000000084200000| Untracked 
|  67|0x0000000084300000, 0x0000000084300000, 0x0000000084400000|  0%| F|  |TAMS 0x0000000084300000, 0x0000000084300000| Untracked 
|  68|0x0000000084400000, 0x0000000084400000, 0x0000000084500000|  0%| F|  |TAMS 0x0000000084400000, 0x0000000084400000| Untracked 
|  69|0x0000000084500000, 0x0000000084500000, 0x0000000084600000|  0%| F|  |TAMS 0x0000000084500000, 0x0000000084500000| Untracked 
|  70|0x0000000084600000, 0x0000000084600000, 0x0000000084700000|  0%| F|  |TAMS 0x0000000084600000, 0x0000000084600000| Untracked 
|  71|0x0000000084700000, 0x0000000084700000, 0x0000000084800000|  0%| F|  |TAMS 0x0000000084700000, 0x0000000084700000| Untracked 
|  72|0x0000000084800000, 0x0000000084800000, 0x0000000084900000|  0%| F|  |TAMS 0x0000000084800000, 0x0000000084800000| Untracked 
|  73|0x0000000084900000, 0x0000000084900000, 0x0000000084a00000|  0%| F|  |TAMS 0x0000000084900000, 0x0000000084900000| Untracked 
|  74|0x0000000084a00000, 0x0000000084a00000, 0x0000000084b00000|  0%| F|  |TAMS 0x0000000084a00000, 0x0000000084a00000| Untracked 
|  75|0x0000000084b00000, 0x0000000084b00000, 0x0000000084c00000|  0%| F|  |TAMS 0x0000000084b00000, 0x0000000084b00000| Untracked 
|  76|0x0000000084c00000, 0x0000000084c00000, 0x0000000084d00000|  0%| F|  |TAMS 0x0000000084c00000, 0x0000000084c00000| Untracked 
|  77|0x0000000084d00000, 0x0000000084d00000, 0x0000000084e00000|  0%| F|  |TAMS 0x0000000084d00000, 0x0000000084d00000| Untracked 
|  78|0x0000000084e00000, 0x0000000084e00000, 0x0000000084f00000|  0%| F|  |TAMS 0x0000000084e00000, 0x0000000084e00000| Untracked 
|  79|0x0000000084f00000, 0x0000000084f00000, 0x0000000085000000|  0%| F|  |TAMS 0x0000000084f00000, 0x0000000084f00000| Untracked 
|  80|0x0000000085000000, 0x0000000085000000, 0x0000000085100000|  0%| F|  |TAMS 0x0000000085000000, 0x0000000085000000| Untracked 
|  81|0x0000000085100000, 0x0000000085100000, 0x0000000085200000|  0%| F|  |TAMS 0x0000000085100000, 0x0000000085100000| Untracked 
|  82|0x0000000085200000, 0x0000000085200000, 0x0000000085300000|  0%| F|  |TAMS 0x0000000085200000, 0x0000000085200000| Untracked 
|  83|0x0000000085300000, 0x0000000085300000, 0x0000000085400000|  0%| F|  |TAMS 0x0000000085300000, 0x0000000085300000| Untracked 
|  84|0x0000000085400000, 0x0000000085400000, 0x0000000085500000|  0%| F|  |TAMS 0x0000000085400000, 0x0000000085400000| Untracked 
|  85|0x0000000085500000, 0x0000000085500000, 0x0000000085600000|  0%| F|  |TAMS 0x0000000085500000, 0x0000000085500000| Untracked 
|  86|0x0000000085600000, 0x0000000085600000, 0x0000000085700000|  0%| F|  |TAMS 0x0000000085600000, 0x0000000085600000| Untracked 
|  87|0x0000000085700000, 0x0000000085700000, 0x0000000085800000|  0%| F|  |TAMS 0x0000000085700000, 0x0000000085700000| Untracked 
|  88|0x0000000085800000, 0x0000000085800000, 0x0000000085900000|  0%| F|  |TAMS 0x0000000085800000, 0x0000000085800000| Untracked 
|  89|0x0000000085900000, 0x0000000085900000, 0x0000000085a00000|  0%| F|  |TAMS 0x0000000085900000, 0x0000000085900000| Untracked 
|  90|0x0000000085a00000, 0x0000000085a00000, 0x0000000085b00000|  0%| F|  |TAMS 0x0000000085a00000, 0x0000000085a00000| Untracked 
|  91|0x0000000085b00000, 0x0000000085b00000, 0x0000000085c00000|  0%| F|  |TAMS 0x0000000085b00000, 0x0000000085b00000| Untracked 
|  92|0x0000000085c00000, 0x0000000085c00000, 0x0000000085d00000|  0%| F|  |TAMS 0x0000000085c00000, 0x0000000085c00000| Untracked 
|  93|0x0000000085d00000, 0x0000000085d00000, 0x0000000085e00000|  0%| F|  |TAMS 0x0000000085d00000, 0x0000000085d00000| Untracked 
|  94|0x0000000085e00000, 0x0000000085e00000, 0x0000000085f00000|  0%| F|  |TAMS 0x0000000085e00000, 0x0000000085e00000| Untracked 
|  95|0x0000000085f00000, 0x0000000085f00000, 0x0000000086000000|  0%| F|  |TAMS 0x0000000085f00000, 0x0000000085f00000| Untracked 
|  96|0x0000000086000000, 0x0000000086000000, 0x0000000086100000|  0%| F|  |TAMS 0x0000000086000000, 0x0000000086000000| Untracked 
|  97|0x0000000086100000, 0x0000000086100000, 0x0000000086200000|  0%| F|  |TAMS 0x0000000086100000, 0x0000000086100000| Untracked 
|  98|0x0000000086200000, 0x0000000086200000, 0x0000000086300000|  0%| F|  |TAMS 0x0000000086200000, 0x0000000086200000| Untracked 
|  99|0x0000000086300000, 0x0000000086300000, 0x0000000086400000|  0%| F|  |TAMS 0x0000000086300000, 0x0000000086300000| Untracked 
| 100|0x0000000086400000, 0x0000000086400000, 0x0000000086500000|  0%| F|  |TAMS 0x0000000086400000, 0x0000000086400000| Untracked 
| 101|0x0000000086500000, 0x0000000086500000, 0x0000000086600000|  0%| F|  |TAMS 0x0000000086500000, 0x0000000086500000| Untracked 
| 102|0x0000000086600000, 0x0000000086600000, 0x0000000086700000|  0%| F|  |TAMS 0x0000000086600000, 0x0000000086600000| Untracked 
| 103|0x0000000086700000, 0x0000000086700000, 0x0000000086800000|  0%| F|  |TAMS 0x0000000086700000, 0x0000000086700000| Untracked 
| 104|0x0000000086800000, 0x0000000086800000, 0x0000000086900000|  0%| F|  |TAMS 0x0000000086800000, 0x0000000086800000| Untracked 
| 105|0x0000000086900000, 0x0000000086900000, 0x0000000086a00000|  0%| F|  |TAMS 0x0000000086900000, 0x0000000086900000| Untracked 
| 106|0x0000000086a00000, 0x0000000086a00000, 0x0000000086b00000|  0%| F|  |TAMS 0x0000000086a00000, 0x0000000086a00000| Untracked 
| 107|0x0000000086b00000, 0x0000000086b00000, 0x0000000086c00000|  0%| F|  |TAMS 0x0000000086b00000, 0x0000000086b00000| Untracked 
| 108|0x0000000086c00000, 0x0000000086c00000, 0x0000000086d00000|  0%| F|  |TAMS 0x0000000086c00000, 0x0000000086c00000| Untracked 
| 109|0x0000000086d00000, 0x0000000086d00000, 0x0000000086e00000|  0%| F|  |TAMS 0x0000000086d00000, 0x0000000086d00000| Untracked 
| 110|0x0000000086e00000, 0x0000000086e00000, 0x0000000086f00000|  0%| F|  |TAMS 0x0000000086e00000, 0x0000000086e00000| Untracked 
| 111|0x0000000086f00000, 0x0000000086f00000, 0x0000000087000000|  0%| F|  |TAMS 0x0000000086f00000, 0x0000000086f00000| Untracked 
| 112|0x0000000087000000, 0x0000000087000000, 0x0000000087100000|  0%| F|  |TAMS 0x0000000087000000, 0x0000000087000000| Untracked 
| 113|0x0000000087100000, 0x0000000087100000, 0x0000000087200000|  0%| F|  |TAMS 0x0000000087100000, 0x0000000087100000| Untracked 
| 114|0x0000000087200000, 0x0000000087200000, 0x0000000087300000|  0%| F|  |TAMS 0x0000000087200000, 0x0000000087200000| Untracked 
| 115|0x0000000087300000, 0x0000000087300000, 0x0000000087400000|  0%| F|  |TAMS 0x0000000087300000, 0x0000000087300000| Untracked 
| 116|0x0000000087400000, 0x0000000087400000, 0x0000000087500000|  0%| F|  |TAMS 0x0000000087400000, 0x0000000087400000| Untracked 
| 117|0x0000000087500000, 0x0000000087500000, 0x0000000087600000|  0%| F|  |TAMS 0x0000000087500000, 0x0000000087500000| Untracked 
| 118|0x0000000087600000, 0x0000000087600000, 0x0000000087700000|  0%| F|  |TAMS 0x0000000087600000, 0x0000000087600000| Untracked 
| 119|0x0000000087700000, 0x0000000087700000, 0x0000000087800000|  0%| F|  |TAMS 0x0000000087700000, 0x0000000087700000| Untracked 
| 120|0x0000000087800000, 0x0000000087800000, 0x0000000087900000|  0%| F|  |TAMS 0x0000000087800000, 0x0000000087800000| Untracked 
| 121|0x0000000087900000, 0x0000000087900000, 0x0000000087a00000|  0%| F|  |TAMS 0x0000000087900000, 0x0000000087900000| Untracked 
| 122|0x0000000087a00000, 0x0000000087a00000, 0x0000000087b00000|  0%| F|  |TAMS 0x0000000087a00000, 0x0000000087a00000| Untracked 
| 123|0x0000000087b00000, 0x0000000087b00000, 0x0000000087c00000|  0%| F|  |TAMS 0x0000000087b00000, 0x0000000087b00000| Untracked 
| 124|0x0000000087c00000, 0x0000000087c00000, 0x0000000087d00000|  0%| F|  |TAMS 0x0000000087c00000, 0x0000000087c00000| Untracked 
| 125|0x0000000087d00000, 0x0000000087d00000, 0x0000000087e00000|  0%| F|  |TAMS 0x0000000087d00000, 0x0000000087d00000| Untracked 
| 126|0x0000000087e00000, 0x0000000087e00000, 0x0000000087f00000|  0%| F|  |TAMS 0x0000000087e00000, 0x0000000087e00000| Untracked 
| 127|0x0000000087f00000, 0x0000000087f00000, 0x0000000088000000|  0%| F|  |TAMS 0x0000000087f00000, 0x0000000087f00000| Untracked 
| 128|0x0000000088000000, 0x0000000088000000, 0x0000000088100000|  0%| F|  |TAMS 0x0000000088000000, 0x0000000088000000| Untracked 
| 129|0x0000000088100000, 0x0000000088100000, 0x0000000088200000|  0%| F|  |TAMS 0x0000000088100000, 0x0000000088100000| Untracked 
| 130|0x0000000088200000, 0x0000000088200000, 0x0000000088300000|  0%| F|  |TAMS 0x0000000088200000, 0x0000000088200000| Untracked 
| 131|0x0000000088300000, 0x0000000088300000, 0x0000000088400000|  0%| F|  |TAMS 0x0000000088300000, 0x0000000088300000| Untracked 
| 132|0x0000000088400000, 0x0000000088400000, 0x0000000088500000|  0%| F|  |TAMS 0x0000000088400000, 0x0000000088400000| Untracked 
| 133|0x0000000088500000, 0x0000000088500000, 0x0000000088600000|  0%| F|  |TAMS 0x0000000088500000, 0x0000000088500000| Untracked 
| 134|0x0000000088600000, 0x0000000088600000, 0x0000000088700000|  0%| F|  |TAMS 0x0000000088600000, 0x0000000088600000| Untracked 
| 135|0x0000000088700000, 0x0000000088700000, 0x0000000088800000|  0%| F|  |TAMS 0x0000000088700000, 0x0000000088700000| Untracked 
| 136|0x0000000088800000, 0x0000000088800000, 0x0000000088900000|  0%| F|  |TAMS 0x0000000088800000, 0x0000000088800000| Untracked 
| 137|0x0000000088900000, 0x0000000088900000, 0x0000000088a00000|  0%| F|  |TAMS 0x0000000088900000, 0x0000000088900000| Untracked 
| 138|0x0000000088a00000, 0x0000000088a00000, 0x0000000088b00000|  0%| F|  |TAMS 0x0000000088a00000, 0x0000000088a00000| Untracked 
| 139|0x0000000088b00000, 0x0000000088b00000, 0x0000000088c00000|  0%| F|  |TAMS 0x0000000088b00000, 0x0000000088b00000| Untracked 
| 140|0x0000000088c00000, 0x0000000088c00000, 0x0000000088d00000|  0%| F|  |TAMS 0x0000000088c00000, 0x0000000088c00000| Untracked 
| 141|0x0000000088d00000, 0x0000000088d80800, 0x0000000088e00000| 50%| E|  |TAMS 0x0000000088d00000, 0x0000000088d00000| Complete 

Card table byte_map: [0x00000272ccae0000,0x00000272ccee0000] _byte_map_base: 0x00000272cc6e0000

Marking Bits (Prev, Next): (CMBitMap*) 0x00000272b848a950, (CMBitMap*) 0x00000272b848a990
 Prev Bits: [0x00000272cd2e0000, 0x00000272cf2e0000)
 Next Bits: [0x00000272cf2e0000, 0x00000272d12e0000)

Polling page: 0x00000272b82a0000

Metaspace:

Usage:
  Non-class:     53.21 MB used.
      Class:      8.07 MB used.
       Both:     61.28 MB used.

Virtual space:
  Non-class space:       56.00 MB reserved,      53.50 MB ( 96%) committed,  7 nodes.
      Class space:        1.00 GB reserved,       8.25 MB ( <1%) committed,  1 nodes.
             Both:        1.05 GB reserved,      61.75 MB (  6%) committed. 

Chunk freelists:
   Non-Class:  2.38 MB
       Class:  3.63 MB
        Both:  6.00 MB

MaxMetaspaceSize: unlimited
CompressedClassSpaceSize: 1.00 GB
Initial GC threshold: 21.00 MB
Current GC threshold: 102.94 MB
CDS: off
MetaspaceReclaimPolicy: balanced
 - commit_granule_bytes: 65536.
 - commit_granule_words: 8192.
 - virtual_space_node_default_size: 1048576.
 - enlarge_chunks_in_place: 1.
 - new_chunks_are_fully_committed: 0.
 - uncommit_free_chunks: 1.
 - use_allocation_guard: 0.
 - handle_deallocations: 1.


Internal statistics:

num_allocs_failed_limit: 6.
num_arena_births: 592.
num_arena_deaths: 0.
num_vsnodes_births: 8.
num_vsnodes_deaths: 0.
num_space_committed: 988.
num_space_uncommitted: 0.
num_chunks_returned_to_freelist: 6.
num_chunks_taken_from_freelist: 2588.
num_chunk_merges: 6.
num_chunk_splits: 1727.
num_chunks_enlarged: 1177.
num_purges: 0.
num_inconsistent_stats: 0.

CodeHeap 'non-profiled nmethods': size=120000Kb used=2800Kb max_used=3454Kb free=117199Kb
 bounds [0x00000272c4b90000, 0x00000272c4ef0000, 0x00000272cc0c0000]
CodeHeap 'profiled nmethods': size=120000Kb used=10774Kb max_used=13089Kb free=109226Kb
 bounds [0x00000272bd0c0000, 0x00000272bdd90000, 0x00000272c45f0000]
CodeHeap 'non-nmethods': size=5760Kb used=2342Kb max_used=2373Kb free=3417Kb
 bounds [0x00000272c45f0000, 0x00000272c4860000, 0x00000272c4b90000]
 total_blobs=6449 nmethods=5581 adapters=780
 compilation: enabled
              stopped_count=0, restarted_count=0
 full_count=0

Compilation events (20 events):
Event: 30.063 Thread 0x00000272d440cb00 6436       1       sun.security.x509.X509AttributeName::getPrefix (5 bytes)
Event: 30.064 Thread 0x00000272d440cb00 nmethod 6436 0x00000272c4bb7590 code [0x00000272c4bb7720, 0x00000272c4bb77f8]
Event: 30.065 Thread 0x00000272d440cb00 6437       2       sun.security.util.DerValue::subs (75 bytes)
Event: 30.065 Thread 0x00000272d440cb00 nmethod 6437 0x00000272bd11e990 code [0x00000272bd11eba0, 0x00000272bd11f118]
Event: 30.066 Thread 0x00000272d440cb00 6438       2       java.math.MutableBigInteger::subtract (226 bytes)
Event: 30.067 Thread 0x00000272d440cb00 nmethod 6438 0x00000272bd3bf690 code [0x00000272bd3bf880, 0x00000272bd3bfdd8]
Event: 30.067 Thread 0x00000272d440cb00 6442       2       java.math.MutableBigInteger::primitiveRightShift (80 bytes)
Event: 30.067 Thread 0x00000272d440cb00 nmethod 6442 0x00000272bd0f3590 code [0x00000272bd0f3740, 0x00000272bd0f3978]
Event: 30.067 Thread 0x00000272d440cb00 6441       2       java.math.MutableBigInteger::leftShift (293 bytes)
Event: 30.068 Thread 0x00000272d440cb00 nmethod 6441 0x00000272bd571990 code [0x00000272bd571ba0, 0x00000272bd572238]
Event: 30.068 Thread 0x00000272d440cb00 6439       2       java.math.MutableBigInteger::isZero (13 bytes)
Event: 30.068 Thread 0x00000272d440cb00 nmethod 6439 0x00000272bd137610 code [0x00000272bd1377a0, 0x00000272bd1378b8]
Event: 30.068 Thread 0x00000272d440cb00 6440       2       java.math.MutableBigInteger::isOne (27 bytes)
Event: 30.068 Thread 0x00000272d440cb00 nmethod 6440 0x00000272bd18b390 code [0x00000272bd18b520, 0x00000272bd18b678]
Event: 30.086 Thread 0x00000272d440cb00 6445       1       sun.security.util.KnownOIDs::stdName (5 bytes)
Event: 30.086 Thread 0x00000272d440cb00 nmethod 6445 0x00000272c4be1990 code [0x00000272c4be1b20, 0x00000272c4be1bf8]
Event: 30.102 Thread 0x00000272d440cb00 6446       2       java.security.CodeSource::matchCerts (254 bytes)
Event: 30.103 Thread 0x00000272d440cb00 nmethod 6446 0x00000272bd355790 code [0x00000272bd3559c0, 0x00000272bd356038]
Event: 30.130 Thread 0x00000272d440bdf0 nmethod 6361 0x00000272c4d1c310 code [0x00000272c4d1c680, 0x00000272c4d1fc10]
Event: 30.130 Thread 0x00000272d440bdf0 6421   !   4       java.util.jar.Attributes::read (494 bytes)

GC Heap History (20 events):
Event: 26.042 GC heap before
{Heap before GC invocations=22 (full 0):
 garbage-first heap   total 73728K, used 43940K [0x0000000080000000, 0x0000000100000000)
  region size 1024K, 6 young (6144K), 2 survivors (2048K)
 Metaspace       used 51938K, committed 52416K, reserved 1097728K
  class space    used 6842K, committed 7040K, reserved 1048576K
}
Event: 26.046 GC heap after
{Heap after GC invocations=23 (full 0):
 garbage-first heap   total 73728K, used 44523K [0x0000000080000000, 0x0000000100000000)
  region size 1024K, 2 young (2048K), 2 survivors (2048K)
 Metaspace       used 51938K, committed 52416K, reserved 1097728K
  class space    used 6842K, committed 7040K, reserved 1048576K
}
Event: 26.921 GC heap before
{Heap before GC invocations=24 (full 0):
 garbage-first heap   total 80896K, used 53739K [0x0000000080000000, 0x0000000100000000)
  region size 1024K, 10 young (10240K), 2 survivors (2048K)
 Metaspace       used 52840K, committed 53312K, reserved 1097728K
  class space    used 6950K, committed 7168K, reserved 1048576K
}
Event: 26.924 GC heap after
{Heap after GC invocations=25 (full 0):
 garbage-first heap   total 80896K, used 45837K [0x0000000080000000, 0x0000000100000000)
  region size 1024K, 2 young (2048K), 2 survivors (2048K)
 Metaspace       used 52840K, committed 53312K, reserved 1097728K
  class space    used 6950K, committed 7168K, reserved 1048576K
}
Event: 26.953 GC heap before
{Heap before GC invocations=25 (full 0):
 garbage-first heap   total 80896K, used 46861K [0x0000000080000000, 0x0000000100000000)
  region size 1024K, 3 young (3072K), 2 survivors (2048K)
 Metaspace       used 52934K, committed 53376K, reserved 1097728K
  class space    used 6967K, committed 7168K, reserved 1048576K
}
Event: 26.958 GC heap after
{Heap after GC invocations=26 (full 0):
 garbage-first heap   total 80896K, used 45898K [0x0000000080000000, 0x0000000100000000)
  region size 1024K, 1 young (1024K), 1 survivors (1024K)
 Metaspace       used 52934K, committed 53376K, reserved 1097728K
  class space    used 6967K, committed 7168K, reserved 1048576K
}
Event: 27.372 GC heap before
{Heap before GC invocations=26 (full 0):
 garbage-first heap   total 80896K, used 56138K [0x0000000080000000, 0x0000000100000000)
  region size 1024K, 11 young (11264K), 1 survivors (1024K)
 Metaspace       used 54309K, committed 54784K, reserved 1097728K
  class space    used 7166K, committed 7360K, reserved 1048576K
}
Event: 27.376 GC heap after
{Heap after GC invocations=27 (full 0):
 garbage-first heap   total 80896K, used 46296K [0x0000000080000000, 0x0000000100000000)
  region size 1024K, 1 young (1024K), 1 survivors (1024K)
 Metaspace       used 54309K, committed 54784K, reserved 1097728K
  class space    used 7166K, committed 7360K, reserved 1048576K
}
Event: 27.790 GC heap before
{Heap before GC invocations=28 (full 0):
 garbage-first heap   total 81920K, used 58584K [0x0000000080000000, 0x0000000100000000)
  region size 1024K, 13 young (13312K), 1 survivors (1024K)
 Metaspace       used 55960K, committed 56448K, reserved 1097728K
  class space    used 7398K, committed 7616K, reserved 1048576K
}
Event: 27.794 GC heap after
{Heap after GC invocations=29 (full 0):
 garbage-first heap   total 81920K, used 46929K [0x0000000080000000, 0x0000000100000000)
  region size 1024K, 2 young (2048K), 2 survivors (2048K)
 Metaspace       used 55960K, committed 56448K, reserved 1097728K
  class space    used 7398K, committed 7616K, reserved 1048576K
}
Event: 27.854 GC heap before
{Heap before GC invocations=29 (full 0):
 garbage-first heap   total 81920K, used 47953K [0x0000000080000000, 0x0000000100000000)
  region size 1024K, 4 young (4096K), 2 survivors (2048K)
 Metaspace       used 56437K, committed 56896K, reserved 1105920K
  class space    used 7436K, committed 7616K, reserved 1048576K
}
Event: 27.860 GC heap after
{Heap after GC invocations=30 (full 0):
 garbage-first heap   total 81920K, used 46383K [0x0000000080000000, 0x0000000100000000)
  region size 1024K, 1 young (1024K), 1 survivors (1024K)
 Metaspace       used 56437K, committed 56896K, reserved 1105920K
  class space    used 7436K, committed 7616K, reserved 1048576K
}
Event: 28.517 GC heap before
{Heap before GC invocations=30 (full 0):
 garbage-first heap   total 81920K, used 59695K [0x0000000080000000, 0x0000000100000000)
  region size 1024K, 14 young (14336K), 1 survivors (1024K)
 Metaspace       used 58588K, committed 59072K, reserved 1105920K
  class space    used 7724K, committed 7936K, reserved 1048576K
}
Event: 28.521 GC heap after
{Heap after GC invocations=31 (full 0):
 garbage-first heap   total 81920K, used 46764K [0x0000000080000000, 0x0000000100000000)
  region size 1024K, 1 young (1024K), 1 survivors (1024K)
 Metaspace       used 58588K, committed 59072K, reserved 1105920K
  class space    used 7724K, committed 7936K, reserved 1048576K
}
Event: 29.688 GC heap before
{Heap before GC invocations=32 (full 0):
 garbage-first heap   total 81920K, used 61100K [0x0000000080000000, 0x0000000100000000)
  region size 1024K, 15 young (15360K), 1 survivors (1024K)
 Metaspace       used 61221K, committed 61696K, reserved 1105920K
  class space    used 8104K, committed 8320K, reserved 1048576K
}
Event: 29.692 GC heap after
{Heap after GC invocations=33 (full 0):
 garbage-first heap   total 81920K, used 47563K [0x0000000080000000, 0x0000000100000000)
  region size 1024K, 2 young (2048K), 2 survivors (2048K)
 Metaspace       used 61221K, committed 61696K, reserved 1105920K
  class space    used 8104K, committed 8320K, reserved 1048576K
}
Event: 29.804 GC heap before
{Heap before GC invocations=33 (full 0):
 garbage-first heap   total 81920K, used 48587K [0x0000000080000000, 0x0000000100000000)
  region size 1024K, 4 young (4096K), 2 survivors (2048K)
 Metaspace       used 61975K, committed 62464K, reserved 1105920K
  class space    used 8178K, committed 8384K, reserved 1048576K
}
Event: 29.809 GC heap after
{Heap after GC invocations=34 (full 0):
 garbage-first heap   total 81920K, used 48032K [0x0000000080000000, 0x0000000100000000)
  region size 1024K, 1 young (1024K), 1 survivors (1024K)
 Metaspace       used 61975K, committed 62464K, reserved 1105920K
  class space    used 8178K, committed 8384K, reserved 1048576K
}
Event: 30.156 GC heap before
{Heap before GC invocations=34 (full 0):
 garbage-first heap   total 81920K, used 68512K [0x0000000080000000, 0x0000000100000000)
  region size 1024K, 16 young (16384K), 1 survivors (1024K)
 Metaspace       used 62738K, committed 63232K, reserved 1105920K
  class space    used 8259K, committed 8448K, reserved 1048576K
}
Event: 30.161 GC heap after
{Heap after GC invocations=35 (full 0):
 garbage-first heap   total 145408K, used 50305K [0x0000000080000000, 0x0000000100000000)
  region size 1024K, 2 young (2048K), 2 survivors (2048K)
 Metaspace       used 62738K, committed 63232K, reserved 1105920K
  class space    used 8259K, committed 8448K, reserved 1048576K
}

Dll operation events (2 events):
Event: 0.023 Loaded shared library C:\Program Files\Android\Android Studio\jbr\bin\java.dll
Event: 0.907 Loaded shared library C:\Program Files\Android\Android Studio\jbr\bin\verify.dll

Deoptimization events (20 events):
Event: 30.082 Thread 0x00000272d520adf0 DEOPT PACKING pc=0x00000272bdd7c938 sp=0x000000fa9eaf2370
Event: 30.082 Thread 0x00000272d520adf0 DEOPT UNPACKING pc=0x00000272c4647143 sp=0x000000fa9eaf17c8 mode 0
Event: 30.082 Thread 0x00000272d520adf0 DEOPT PACKING pc=0x00000272bdd7c938 sp=0x000000fa9eaf2370
Event: 30.082 Thread 0x00000272d520adf0 DEOPT UNPACKING pc=0x00000272c4647143 sp=0x000000fa9eaf17c8 mode 0
Event: 30.083 Thread 0x00000272d520adf0 DEOPT PACKING pc=0x00000272bdd7c938 sp=0x000000fa9eaf2370
Event: 30.083 Thread 0x00000272d520adf0 DEOPT UNPACKING pc=0x00000272c4647143 sp=0x000000fa9eaf17c8 mode 0
Event: 30.083 Thread 0x00000272d520adf0 DEOPT PACKING pc=0x00000272bdd7c938 sp=0x000000fa9eaf2370
Event: 30.083 Thread 0x00000272d520adf0 DEOPT UNPACKING pc=0x00000272c4647143 sp=0x000000fa9eaf17c8 mode 0
Event: 30.083 Thread 0x00000272d520adf0 DEOPT PACKING pc=0x00000272bdd7c938 sp=0x000000fa9eaf2370
Event: 30.083 Thread 0x00000272d520adf0 DEOPT UNPACKING pc=0x00000272c4647143 sp=0x000000fa9eaf17c8 mode 0
Event: 30.084 Thread 0x00000272d520adf0 DEOPT PACKING pc=0x00000272bdd7c938 sp=0x000000fa9eaf2370
Event: 30.084 Thread 0x00000272d520adf0 DEOPT UNPACKING pc=0x00000272c4647143 sp=0x000000fa9eaf17c8 mode 0
Event: 30.084 Thread 0x00000272d520adf0 DEOPT PACKING pc=0x00000272bdd7c938 sp=0x000000fa9eaf2370
Event: 30.084 Thread 0x00000272d520adf0 DEOPT UNPACKING pc=0x00000272c4647143 sp=0x000000fa9eaf17c8 mode 0
Event: 30.084 Thread 0x00000272d520adf0 DEOPT PACKING pc=0x00000272bdd7c938 sp=0x000000fa9eaf2370
Event: 30.084 Thread 0x00000272d520adf0 DEOPT UNPACKING pc=0x00000272c4647143 sp=0x000000fa9eaf17c8 mode 0
Event: 30.085 Thread 0x00000272d520adf0 DEOPT PACKING pc=0x00000272bdd7c938 sp=0x000000fa9eaf2370
Event: 30.085 Thread 0x00000272d520adf0 DEOPT UNPACKING pc=0x00000272c4647143 sp=0x000000fa9eaf17c8 mode 0
Event: 30.085 Thread 0x00000272d520adf0 DEOPT PACKING pc=0x00000272bdd7c938 sp=0x000000fa9eaf2370
Event: 30.085 Thread 0x00000272d520adf0 DEOPT UNPACKING pc=0x00000272c4647143 sp=0x000000fa9eaf17c8 mode 0

Classes unloaded (0 events):
No events

Classes redefined (0 events):
No events

Internal exceptions (20 events):
Event: 24.900 Thread 0x00000272d4ab8480 Exception <a 'java/lang/NoSuchMethodError'{0x00000000832c1550}: static Lorg/gradle/internal/build/event/types/DefaultOperationFinishedProgressEvent;.<clinit>()V> (0x00000000832c1550) 
thrown [s\src\hotspot\share\prims\jni.cpp, line 1108]
Event: 24.915 Thread 0x00000272d4ab8480 Exception <a 'java/lang/NoSuchMethodError'{0x00000000832ea020}: static Lorg/gradle/internal/build/event/types/DefaultProjectConfigurationSuccessResult;.<clinit>()V> (0x00000000832ea020) 
thrown [s\src\hotspot\share\prims\jni.cpp, line 1108]
Event: 24.915 Thread 0x00000272d4ab8480 Exception <a 'java/lang/NoSuchMethodError'{0x00000000832eb5a0}: static Lorg/gradle/internal/build/event/types/AbstractProjectConfigurationResult;.<clinit>()V> (0x00000000832eb5a0) 
thrown [s\src\hotspot\share\prims\jni.cpp, line 1108]
Event: 24.915 Thread 0x00000272d4ab8480 Exception <a 'java/lang/NoSuchMethodError'{0x00000000832eccf8}: static Lorg/gradle/internal/build/event/types/AbstractOperationResult;.<clinit>()V> (0x00000000832eccf8) 
thrown [s\src\hotspot\share\prims\jni.cpp, line 1108]
Event: 24.915 Thread 0x00000272d4ab8480 Exception <a 'java/lang/NoSuchMethodError'{0x00000000832ee170}: static Lorg/gradle/internal/build/event/types/AbstractResult;.<clinit>()V> (0x00000000832ee170) 
thrown [s\src\hotspot\share\prims\jni.cpp, line 1108]
Event: 24.923 Thread 0x00000272d4ab8480 Exception <a 'java/lang/NoSuchMethodError'{0x00000000831063f0}: static Lorg/gradle/internal/build/event/types/DefaultPluginApplicationResult;.<clinit>()V> (0x00000000831063f0) 
thrown [s\src\hotspot\share\prims\jni.cpp, line 1108]
Event: 24.933 Thread 0x00000272d4ab8480 Exception <a 'java/lang/NoSuchMethodError'{0x00000000831127a8}: static Lorg/gradle/internal/build/event/types/DefaultBinaryPluginIdentifier;.<clinit>()V> (0x00000000831127a8) 
thrown [s\src\hotspot\share\prims\jni.cpp, line 1108]
Event: 24.940 Thread 0x00000272d4ab8480 Exception <a 'java/lang/NoSuchMethodError'{0x000000008312a8d8}: static Lorg/gradle/internal/build/event/types/DefaultScriptPluginIdentifier;.<clinit>()V> (0x000000008312a8d8) 
thrown [s\src\hotspot\share\prims\jni.cpp, line 1108]
Event: 25.044 Thread 0x00000272d520adf0 Exception <a 'java/lang/ClassNotFoundException'{0x000000008318d088}: build_66ophq5308wmqeibwmmav4qtfBeanInfo> (0x000000008318d088) 
thrown [s\src\hotspot\share\classfile\systemDictionary.cpp, line 256]
Event: 25.045 Thread 0x00000272d520adf0 Exception <a 'java/lang/ClassNotFoundException'{0x0000000083193908}: build_66ophq5308wmqeibwmmav4qtfCustomizer> (0x0000000083193908) 
thrown [s\src\hotspot\share\classfile\systemDictionary.cpp, line 256]
Event: 26.428 Thread 0x00000272d520adf0 Exception <a 'java/lang/ClassNotFoundException'{0x0000000084c57d60}: org/gradle/api/internal/plugins/DefaultObjectConfigurationActionBeanInfo> (0x0000000084c57d60) 
thrown [s\src\hotspot\share\classfile\systemDictionary.cpp, line 256]
Event: 26.433 Thread 0x00000272d520adf0 Exception <a 'java/lang/ClassNotFoundException'{0x0000000084c6a188}: org/gradle/api/internal/plugins/DefaultObjectConfigurationActionCustomizer> (0x0000000084c6a188) 
thrown [s\src\hotspot\share\classfile\systemDictionary.cpp, line 256]
Event: 27.112 Thread 0x00000272d520adf0 Exception <a 'java/lang/NoSuchMethodError'{0x000000008492b390}: 'java.lang.Object java.lang.invoke.DirectMethodHandle$Holder.newInvokeSpecial(java.lang.Object, java.lang.Object, java.lang.Object, java.lang.Object, int)'> (0x000000008492b390) 
thrown [s\src\hotspot\share\interpreter\linkResolver.cpp, line 771]
Event: 27.113 Thread 0x00000272d520adf0 Exception <a 'java/lang/NoSuchMethodError'{0x0000000084930ac8}: 'java.lang.Object java.lang.invoke.DirectMethodHandle$Holder.invokeSpecial(java.lang.Object, java.lang.Object, java.lang.Object, java.lang.Object, java.lang.Object, int)'> (0x0000000084930ac8) 
thrown [s\src\hotspot\share\interpreter\linkResolver.cpp, line 771]
Event: 27.114 Thread 0x00000272d520adf0 Exception <a 'java/lang/NoSuchMethodError'{0x00000000849355a0}: 'java.lang.Object java.lang.invoke.Invokers$Holder.linkToTargetMethod(java.lang.Object, java.lang.Object, java.lang.Object, int, java.lang.Object)'> (0x00000000849355a0) 
thrown [s\src\hotspot\share\interpreter\linkResolver.cpp, line 771]
Event: 27.666 Thread 0x00000272d520adf0 Exception <a 'java/lang/NoSuchMethodError'{0x0000000084723038}: 'int java.lang.invoke.DirectMethodHandle$Holder.invokeInterface(java.lang.Object, java.lang.Object, java.lang.Object, java.lang.Object)'> (0x0000000084723038) 
thrown [s\src\hotspot\share\interpreter\linkResolver.cpp, line 771]
Event: 29.158 Thread 0x00000272d520adf0 Exception <a 'java/lang/IncompatibleClassChangeError'{0x0000000084a75e48}: Found class java.lang.Object, but interface was expected> (0x0000000084a75e48) 
thrown [s\src\hotspot\share\interpreter\linkResolver.cpp, line 838]
Event: 29.330 Thread 0x00000272d520adf0 Implicit null exception at 0x00000272c4d8a4d9 to 0x00000272c4d8a670
Event: 29.330 Thread 0x00000272d520adf0 Implicit null exception at 0x00000272c4dd1752 to 0x00000272c4dd3300
Event: 29.828 Thread 0x00000272d520adf0 Implicit null exception at 0x00000272c4d2c68c to 0x00000272c4d2c7c2

VM Operations (20 events):
Event: 28.641 Executing VM operation: G1Concurrent
Event: 28.661 Executing VM operation: G1Concurrent done
Event: 29.671 Executing VM operation: Cleanup
Event: 29.671 Executing VM operation: Cleanup done
Event: 29.687 Executing VM operation: G1CollectForAllocation
Event: 29.692 Executing VM operation: G1CollectForAllocation done
Event: 29.741 Executing VM operation: HandshakeAllThreads
Event: 29.741 Executing VM operation: HandshakeAllThreads done
Event: 29.804 Executing VM operation: G1CollectForAllocation
Event: 29.809 Executing VM operation: G1CollectForAllocation done
Event: 29.845 Executing VM operation: HandshakeAllThreads
Event: 29.846 Executing VM operation: HandshakeAllThreads done
Event: 29.945 Executing VM operation: HandshakeAllThreads
Event: 29.945 Executing VM operation: HandshakeAllThreads done
Event: 29.958 Executing VM operation: HandshakeAllThreads
Event: 29.958 Executing VM operation: HandshakeAllThreads done
Event: 29.974 Executing VM operation: HandshakeAllThreads
Event: 29.975 Executing VM operation: HandshakeAllThreads done
Event: 30.156 Executing VM operation: G1CollectForAllocation
Event: 30.161 Executing VM operation: G1CollectForAllocation done

Events (20 events):
Event: 29.983 Thread 0x00000272d440d400 flushing nmethod 0x00000272bda54810
Event: 29.983 Thread 0x00000272d440d400 flushing nmethod 0x00000272bda8b090
Event: 29.983 Thread 0x00000272d440d400 flushing nmethod 0x00000272bda97410
Event: 29.983 Thread 0x00000272d440d400 flushing nmethod 0x00000272bdafaa90
Event: 29.983 Thread 0x00000272d440d400 flushing nmethod 0x00000272bdb02e90
Event: 29.983 loading class java/util/jar/JarVerifier$VerifierStream
Event: 29.983 Thread 0x00000272d440d400 flushing nmethod 0x00000272bdb51b10
Event: 29.983 Thread 0x00000272d440d400 flushing nmethod 0x00000272bdb52810
Event: 29.983 Thread 0x00000272d440d400 flushing nmethod 0x00000272bdb53210
Event: 29.983 Thread 0x00000272d440d400 flushing nmethod 0x00000272bdb53e90
Event: 29.984 Thread 0x00000272d440d400 flushing nmethod 0x00000272bdc16810
Event: 29.984 Thread 0x00000272d440d400 flushing nmethod 0x00000272bdc56090
Event: 29.984 Thread 0x00000272d440d400 flushing nmethod 0x00000272bdc57b90
Event: 29.984 Thread 0x00000272d440d400 flushing nmethod 0x00000272bdc58e90
Event: 29.984 loading class java/util/jar/JarVerifier$VerifierStream done
Event: 29.985 Thread 0x00000272d440d400 flushing nmethod 0x00000272bdd3ff90
Event: 29.985 loading class sun/security/util/ManifestEntryVerifier$SunProviderHolder
Event: 29.985 loading class sun/security/util/ManifestEntryVerifier$SunProviderHolder done
Event: 30.104 loading class java/security/KeyStore$ProtectionParameter
Event: 30.104 loading class java/security/KeyStore$ProtectionParameter done


Dynamic libraries:
0x00007ff724030000 - 0x00007ff72403a000 	C:\Program Files\Android\Android Studio\jbr\bin\java.exe
0x00007ffc80df0000 - 0x00007ffc80fe8000 	C:\WINDOWS\SYSTEM32\ntdll.dll
0x00007ffc7f4b0000 - 0x00007ffc7f56f000 	C:\WINDOWS\System32\KERNEL32.DLL
0x00007ffc7eb50000 - 0x00007ffc7ee46000 	C:\WINDOWS\System32\KERNELBASE.dll
0x00007ffc7e7d0000 - 0x00007ffc7e8d0000 	C:\WINDOWS\System32\ucrtbase.dll
0x00007ffc78ee0000 - 0x00007ffc78ef7000 	C:\Program Files\Android\Android Studio\jbr\bin\jli.dll
0x00007ffc6fb10000 - 0x00007ffc6fb2b000 	C:\Program Files\Android\Android Studio\jbr\bin\VCRUNTIME140.dll
0x00007ffc80690000 - 0x00007ffc8082d000 	C:\WINDOWS\System32\USER32.dll
0x00007ffc7e960000 - 0x00007ffc7e982000 	C:\WINDOWS\System32\win32u.dll
0x00007ffc7eee0000 - 0x00007ffc7ef0c000 	C:\WINDOWS\System32\GDI32.dll
0x00007ffc7e990000 - 0x00007ffc7eaa5000 	C:\WINDOWS\System32\gdi32full.dll
0x00007ffc7eab0000 - 0x00007ffc7eb4d000 	C:\WINDOWS\System32\msvcp_win.dll
0x00007ffc63210000 - 0x00007ffc634aa000 	C:\WINDOWS\WinSxS\amd64_microsoft.windows.common-controls_6595b64144ccf1df_6.0.19041.1110_none_60b5254171f9507e\COMCTL32.dll
0x00007ffc7f570000 - 0x00007ffc7f60e000 	C:\WINDOWS\System32\msvcrt.dll
0x00007ffc7ee50000 - 0x00007ffc7ee80000 	C:\WINDOWS\System32\IMM32.DLL
0x00007ffc79f70000 - 0x00007ffc79f7c000 	C:\Program Files\Android\Android Studio\jbr\bin\vcruntime140_1.dll
0x00007ffc68b10000 - 0x00007ffc68b9d000 	C:\Program Files\Android\Android Studio\jbr\bin\msvcp140.dll
0x00007ffc35dc0000 - 0x00007ffc36a2d000 	C:\Program Files\Android\Android Studio\jbr\bin\server\jvm.dll
0x00007ffc805c0000 - 0x00007ffc8066f000 	C:\WINDOWS\System32\ADVAPI32.dll
0x00007ffc7ef10000 - 0x00007ffc7efac000 	C:\WINDOWS\System32\sechost.dll
0x00007ffc7fb80000 - 0x00007ffc7fca6000 	C:\WINDOWS\System32\RPCRT4.dll
0x00007ffc79db0000 - 0x00007ffc79db9000 	C:\WINDOWS\SYSTEM32\WSOCK32.dll
0x00007ffc75e70000 - 0x00007ffc75e7a000 	C:\WINDOWS\SYSTEM32\VERSION.dll
0x00007ffc7f670000 - 0x00007ffc7f6db000 	C:\WINDOWS\System32\WS2_32.dll
0x00007ffc75850000 - 0x00007ffc75877000 	C:\WINDOWS\SYSTEM32\WINMM.dll
0x00007ffc7c330000 - 0x00007ffc7c342000 	C:\WINDOWS\SYSTEM32\kernel.appcore.dll
0x00007ffc4f860000 - 0x00007ffc4f86a000 	C:\Program Files\Android\Android Studio\jbr\bin\jimage.dll
0x00007ffc743a0000 - 0x00007ffc74584000 	C:\WINDOWS\SYSTEM32\DBGHELP.DLL
0x00007ffc70970000 - 0x00007ffc709a4000 	C:\WINDOWS\SYSTEM32\dbgcore.DLL
0x00007ffc7e8d0000 - 0x00007ffc7e952000 	C:\WINDOWS\System32\bcryptPrimitives.dll
0x00007ffc35d90000 - 0x00007ffc35db5000 	C:\Program Files\Android\Android Studio\jbr\bin\java.dll
0x00007ffc35d70000 - 0x00007ffc35d88000 	C:\Program Files\Android\Android Studio\jbr\bin\zip.dll
0x00007ffc7fe60000 - 0x00007ffc805a4000 	C:\WINDOWS\System32\SHELL32.dll
0x00007ffc7c530000 - 0x00007ffc7ccc3000 	C:\WINDOWS\SYSTEM32\windows.storage.dll
0x00007ffc80a50000 - 0x00007ffc80da4000 	C:\WINDOWS\System32\combase.dll
0x00007ffc7dd60000 - 0x00007ffc7dd8e000 	C:\WINDOWS\SYSTEM32\Wldp.dll
0x00007ffc7fa70000 - 0x00007ffc7fb1d000 	C:\WINDOWS\System32\SHCORE.dll
0x00007ffc7ee80000 - 0x00007ffc7eed5000 	C:\WINDOWS\System32\shlwapi.dll
0x00007ffc7e400000 - 0x00007ffc7e425000 	C:\WINDOWS\SYSTEM32\profapi.dll
0x00007ffc35a60000 - 0x00007ffc35a79000 	C:\Program Files\Android\Android Studio\jbr\bin\net.dll
0x00007ffc732a0000 - 0x00007ffc733aa000 	C:\WINDOWS\SYSTEM32\WINHTTP.dll
0x00007ffc7db40000 - 0x00007ffc7dbaa000 	C:\WINDOWS\system32\mswsock.dll
0x00007ffc35a40000 - 0x00007ffc35a56000 	C:\Program Files\Android\Android Studio\jbr\bin\nio.dll
0x00007ffc1ef20000 - 0x00007ffc1ef30000 	C:\Program Files\Android\Android Studio\jbr\bin\verify.dll
0x00007ffc6f7e0000 - 0x00007ffc6f807000 	C:\Users\ruthk\.gradle\native\68d5fa5c4cc2d200863cafc0d521ce42e7d3e7ee720ec0a83991735586a16f82\windows-amd64\native-platform.dll
0x00007ffc686f0000 - 0x00007ffc68834000 	C:\Users\ruthk\.gradle\native\e376f236ea51e6404a007f0833ffe2c6e607c4080706a723a18a27aeea778392\windows-amd64\native-platform-file-events.dll
0x00007ffc3a040000 - 0x00007ffc3a049000 	C:\Program Files\Android\Android Studio\jbr\bin\management.dll
0x00007ffc35a30000 - 0x00007ffc35a3b000 	C:\Program Files\Android\Android Studio\jbr\bin\management_ext.dll
0x00007ffc7f4a0000 - 0x00007ffc7f4a8000 	C:\WINDOWS\System32\PSAPI.DLL
0x00007ffc7dda0000 - 0x00007ffc7ddb8000 	C:\WINDOWS\SYSTEM32\CRYPTSP.dll
0x00007ffc7d470000 - 0x00007ffc7d4a4000 	C:\WINDOWS\system32\rsaenh.dll
0x00007ffc7e540000 - 0x00007ffc7e567000 	C:\WINDOWS\System32\bcrypt.dll
0x00007ffc7e3c0000 - 0x00007ffc7e3ee000 	C:\WINDOWS\SYSTEM32\USERENV.dll
0x00007ffc7dcd0000 - 0x00007ffc7dcdc000 	C:\WINDOWS\SYSTEM32\CRYPTBASE.dll
0x00007ffc7d850000 - 0x00007ffc7d88b000 	C:\WINDOWS\SYSTEM32\IPHLPAPI.DLL
0x00007ffc80a40000 - 0x00007ffc80a48000 	C:\WINDOWS\System32\NSI.dll
0x00007ffc75e30000 - 0x00007ffc75e47000 	C:\WINDOWS\SYSTEM32\dhcpcsvc6.DLL
0x00007ffc75e10000 - 0x00007ffc75e2d000 	C:\WINDOWS\SYSTEM32\dhcpcsvc.DLL
0x00007ffc7d890000 - 0x00007ffc7d95a000 	C:\WINDOWS\SYSTEM32\DNSAPI.dll
0x00007ffc147d0000 - 0x00007ffc147d7000 	C:\WINDOWS\system32\wshunix.dll

dbghelp: loaded successfully - version: 4.0.5 - missing functions: none
symbol engine: initialized successfully - sym options: 0x614 - pdb path: .;C:\Program Files\Android\Android Studio\jbr\bin;C:\WINDOWS\SYSTEM32;C:\WINDOWS\WinSxS\amd64_microsoft.windows.common-controls_6595b64144ccf1df_6.0.19041.1110_none_60b5254171f9507e;C:\Program Files\Android\Android Studio\jbr\bin\server;C:\Users\ruthk\.gradle\native\68d5fa5c4cc2d200863cafc0d521ce42e7d3e7ee720ec0a83991735586a16f82\windows-amd64;C:\Users\ruthk\.gradle\native\e376f236ea51e6404a007f0833ffe2c6e607c4080706a723a18a27aeea778392\windows-amd64

VM Arguments:
jvm_args: --add-opens=java.base/java.util=ALL-UNNAMED --add-opens=java.base/java.lang=ALL-UNNAMED --add-opens=java.base/java.lang.invoke=ALL-UNNAMED --add-opens=java.prefs/java.util.prefs=ALL-UNNAMED --add-opens=java.base/java.nio.charset=ALL-UNNAMED --add-opens=java.base/java.net=ALL-UNNAMED --add-opens=java.base/java.util.concurrent.atomic=ALL-UNNAMED -Xmx2048m -Dfile.encoding=UTF-8 -Duser.country=FR -Duser.language=fr -Duser.variant 
java_command: org.gradle.launcher.daemon.bootstrap.GradleDaemon 8.0
java_class_path (initial): C:\Users\ruthk\.gradle\wrapper\dists\gradle-8.0-bin\ca5e32bp14vu59qr306oxotwh\gradle-8.0\lib\gradle-launcher-8.0.jar
Launcher Type: SUN_STANDARD

[Global flags]
     intx CICompilerCount                          = 3                                         {product} {ergonomic}
     uint ConcGCThreads                            = 1                                         {product} {ergonomic}
     uint G1ConcRefinementThreads                  = 4                                         {product} {ergonomic}
   size_t G1HeapRegionSize                         = 1048576                                   {product} {ergonomic}
    uintx GCDrainStackTargetSize                   = 64                                        {product} {ergonomic}
   size_t InitialHeapSize                          = 117440512                                 {product} {ergonomic}
   size_t MarkStackSize                            = 4194304                                   {product} {ergonomic}
   size_t MaxHeapSize                              = 2147483648                                {product} {command line}
   size_t MaxNewSize                               = 1287651328                                {product} {ergonomic}
   size_t MinHeapDeltaBytes                        = 1048576                                   {product} {ergonomic}
   size_t MinHeapSize                              = 8388608                                   {product} {ergonomic}
    uintx NonNMethodCodeHeapSize                   = 5832780                                {pd product} {ergonomic}
    uintx NonProfiledCodeHeapSize                  = 122912730                              {pd product} {ergonomic}
    uintx ProfiledCodeHeapSize                     = 122912730                              {pd product} {ergonomic}
    uintx ReservedCodeCacheSize                    = 251658240                              {pd product} {ergonomic}
     bool SegmentedCodeCache                       = true                                      {product} {ergonomic}
   size_t SoftMaxHeapSize                          = 2147483648                             {manageable} {ergonomic}
     bool UseCompressedClassPointers               = true                           {product lp64_product} {ergonomic}
     bool UseCompressedOops                        = true                           {product lp64_product} {ergonomic}
     bool UseG1GC                                  = true                                      {product} {ergonomic}
     bool UseLargePagesIndividualAllocation        = false                                  {pd product} {ergonomic}

Logging:
Log output configuration:
 #0: stdout all=warning uptime,level,tags
 #1: stderr all=off uptime,level,tags

Environment Variables:
JAVA_HOME=C:\jdk-20.0.1
PATH=C:\Python311\Scripts\;C:\Python311\;C:\WINDOWS\system32;C:\WINDOWS;C:\WINDOWS\System32\Wbem;C:\WINDOWS\System32\WindowsPowerShell\v1.0\;C:\WINDOWS\System32\OpenSSH\;C:\ProgramData\chocolatey\bin;C:\Program Files\nodejs\;C:\Program Files\Git\cmd;C:\composer;C:\Program Files\Docker\Docker\resources\bin;C:\Users\ruthk\AppData\Local\Microsoft\WindowsApps;C:\Users\ruthk\AppData\Local\Programs\Microsoft VS Code\bin;C:\jdk-20.0.1\bin;C:\Users\ruthk\AppData\Local\Android\Sdk;C:\Users\ruthk\AppData\Roaming\npm;C:\tools\dart-sdk\bin;C:\Users\ruthk\AppData\Roaming\Pub\Cache\bin;C:\Windows\System32;C:\Program Files\Git\bin;C:\Program Files\Git\cmd;C:\flutter\bin;C:\www\php-7.4.28;C:\www\mysql\bin;C:\Users\ruthk\AppData\Roaming\Composer\vendor\bin
USERNAME=ruthk
OS=Windows_NT
PROCESSOR_IDENTIFIER=AMD64 Family 23 Model 17 Stepping 0, AuthenticAMD
TMP=C:\Users\ruthk\AppData\Local\Temp
TEMP=C:\Users\ruthk\AppData\Local\Temp



---------------  S Y S T E M  ---------------

OS:
 Windows 10 , 64 bit Build 19041 (10.0.19041.3155)
OS uptime: 1 days 21:57 hours
Hyper-V role detected

CPU: total 4 (initial active 4) (4 cores per cpu, 1 threads per core) family 23 model 17 stepping 0 microcode 0x0, cx8, cmov, fxsr, mmx, 3dnowpref, sse, sse2, sse3, ssse3, sse4a, sse4.1, sse4.2, popcnt, lzcnt, tsc, tscinvbit, avx, avx2, aes, clmul, bmi1, bmi2, adx, sha, fma, vzeroupper, clflush, clflushopt, hv

Memory: 4k page, system-wide physical 7101M (271M free)
TotalPageFile size 28605M (AvailPageFile size 6M)
current process WorkingSet (physical memory assigned to process): 213M, peak: 218M
current process commit charge ("private bytes"): 350M, peak: 351M

vm_info: OpenJDK 64-Bit Server VM (17.0.6+0-b2043.56-9586694) for windows-amd64 JRE (17.0.6+0-b2043.56-9586694), built on Feb  9 2023 20:06:20 by "androidbuild" with MS VC++ 16.10 / 16.11 (VS2019)

END.
